{"/root/igorekchatbot/web-ui/src/App.tsx": {"path":"/root/igorekchatbot/web-ui/src/App.tsx","statementMap":{"0":{"start":{"line":39,"column":32},"end":{"line":39,"column":null}},"1":{"start":{"line":40,"column":32},"end":{"line":40,"column":null}},"2":{"start":{"line":41,"column":28},"end":{"line":41,"column":null}},"3":{"start":{"line":42,"column":28},"end":{"line":48,"column":null}},"4":{"start":{"line":50,"column":25},"end":{"line":57,"column":null}},"5":{"start":{"line":51,"column":15},"end":{"line":51,"column":null}},"6":{"start":{"line":52,"column":14},"end":{"line":52,"column":null}},"7":{"start":{"line":53,"column":2},"end":{"line":55,"column":null}},"8":{"start":{"line":54,"column":4},"end":{"line":54,"column":null}},"9":{"start":{"line":56,"column":2},"end":{"line":56,"column":null}},"10":{"start":{"line":59,"column":23},"end":{"line":84,"column":null}},"11":{"start":{"line":60,"column":23},"end":{"line":60,"column":null}},"12":{"start":{"line":61,"column":8},"end":{"line":61,"column":null}},"13":{"start":{"line":63,"column":2},"end":{"line":65,"column":null}},"14":{"start":{"line":64,"column":4},"end":{"line":64,"column":null}},"15":{"start":{"line":67,"column":2},"end":{"line":69,"column":null}},"16":{"start":{"line":68,"column":4},"end":{"line":68,"column":null}},"17":{"start":{"line":71,"column":2},"end":{"line":73,"column":null}},"18":{"start":{"line":72,"column":4},"end":{"line":72,"column":null}},"19":{"start":{"line":75,"column":2},"end":{"line":77,"column":null}},"20":{"start":{"line":76,"column":4},"end":{"line":76,"column":null}},"21":{"start":{"line":79,"column":2},"end":{"line":81,"column":null}},"22":{"start":{"line":80,"column":4},"end":{"line":80,"column":null}},"23":{"start":{"line":83,"column":2},"end":{"line":83,"column":null}},"24":{"start":{"line":86,"column":19},"end":{"line":814,"column":null}},"25":{"start":{"line":99,"column":2},"end":{"line":99,"column":null}},"26":{"start":{"line":101,"column":42},"end":{"line":101,"column":null}},"27":{"start":{"line":102,"column":34},"end":{"line":102,"column":null}},"28":{"start":{"line":103,"column":34},"end":{"line":103,"column":null}},"29":{"start":{"line":105,"column":42},"end":{"line":108,"column":null}},"30":{"start":{"line":106,"column":19},"end":{"line":106,"column":null}},"31":{"start":{"line":107,"column":4},"end":{"line":107,"column":null}},"32":{"start":{"line":110,"column":24},"end":{"line":110,"column":null}},"33":{"start":{"line":111,"column":30},"end":{"line":111,"column":null}},"34":{"start":{"line":112,"column":66},"end":{"line":112,"column":null}},"35":{"start":{"line":113,"column":38},"end":{"line":113,"column":null}},"36":{"start":{"line":114,"column":34},"end":{"line":114,"column":null}},"37":{"start":{"line":115,"column":56},"end":{"line":115,"column":null}},"38":{"start":{"line":116,"column":50},"end":{"line":116,"column":null}},"39":{"start":{"line":117,"column":44},"end":{"line":117,"column":null}},"40":{"start":{"line":119,"column":8},"end":{"line":119,"column":null}},"41":{"start":{"line":120,"column":8},"end":{"line":120,"column":null}},"42":{"start":{"line":120,"column":33},"end":{"line":120,"column":79}},"43":{"start":{"line":121,"column":8},"end":{"line":121,"column":null}},"44":{"start":{"line":121,"column":36},"end":{"line":121,"column":91}},"45":{"start":{"line":122,"column":8},"end":{"line":122,"column":null}},"46":{"start":{"line":123,"column":8},"end":{"line":123,"column":null}},"47":{"start":{"line":124,"column":24},"end":{"line":124,"column":null}},"48":{"start":{"line":125,"column":21},"end":{"line":125,"column":null}},"49":{"start":{"line":127,"column":41},"end":{"line":130,"column":null}},"50":{"start":{"line":128,"column":30},"end":{"line":128,"column":null}},"51":{"start":{"line":128,"column":47},"end":{"line":128,"column":70}},"52":{"start":{"line":129,"column":24},"end":{"line":129,"column":null}},"53":{"start":{"line":132,"column":28},"end":{"line":139,"column":null}},"54":{"start":{"line":133,"column":4},"end":{"line":138,"column":null}},"55":{"start":{"line":134,"column":21},"end":{"line":134,"column":null}},"56":{"start":{"line":135,"column":6},"end":{"line":135,"column":null}},"57":{"start":{"line":135,"column":28},"end":{"line":135,"column":null}},"58":{"start":{"line":136,"column":6},"end":{"line":136,"column":null}},"59":{"start":{"line":136,"column":29},"end":{"line":136,"column":null}},"60":{"start":{"line":137,"column":6},"end":{"line":137,"column":null}},"61":{"start":{"line":141,"column":33},"end":{"line":186,"column":null}},"62":{"start":{"line":142,"column":4},"end":{"line":144,"column":null}},"63":{"start":{"line":143,"column":6},"end":{"line":143,"column":null}},"64":{"start":{"line":146,"column":4},"end":{"line":149,"column":null}},"65":{"start":{"line":146,"column":48},"end":{"line":146,"column":78}},"66":{"start":{"line":147,"column":6},"end":{"line":147,"column":null}},"67":{"start":{"line":148,"column":6},"end":{"line":148,"column":null}},"68":{"start":{"line":151,"column":4},"end":{"line":154,"column":null}},"69":{"start":{"line":151,"column":46},"end":{"line":151,"column":73}},"70":{"start":{"line":152,"column":6},"end":{"line":152,"column":null}},"71":{"start":{"line":153,"column":6},"end":{"line":153,"column":null}},"72":{"start":{"line":156,"column":20},"end":{"line":156,"column":null}},"73":{"start":{"line":158,"column":4},"end":{"line":161,"column":null}},"74":{"start":{"line":159,"column":6},"end":{"line":159,"column":null}},"75":{"start":{"line":160,"column":6},"end":{"line":160,"column":null}},"76":{"start":{"line":163,"column":4},"end":{"line":166,"column":null}},"77":{"start":{"line":164,"column":6},"end":{"line":164,"column":null}},"78":{"start":{"line":165,"column":6},"end":{"line":165,"column":null}},"79":{"start":{"line":168,"column":10},"end":{"line":168,"column":null}},"80":{"start":{"line":169,"column":4},"end":{"line":181,"column":null}},"81":{"start":{"line":169,"column":34},"end":{"line":181,"column":5}},"82":{"start":{"line":183,"column":4},"end":{"line":185,"column":null}},"83":{"start":{"line":184,"column":6},"end":{"line":184,"column":null}},"84":{"start":{"line":184,"column":36},"end":{"line":184,"column":118}},"85":{"start":{"line":184,"column":54},"end":{"line":184,"column":117}},"86":{"start":{"line":188,"column":30},"end":{"line":222,"column":null}},"87":{"start":{"line":189,"column":4},"end":{"line":192,"column":null}},"88":{"start":{"line":189,"column":48},"end":{"line":189,"column":75}},"89":{"start":{"line":190,"column":6},"end":{"line":190,"column":null}},"90":{"start":{"line":191,"column":6},"end":{"line":191,"column":null}},"91":{"start":{"line":194,"column":4},"end":{"line":197,"column":null}},"92":{"start":{"line":194,"column":46},"end":{"line":194,"column":76}},"93":{"start":{"line":195,"column":6},"end":{"line":195,"column":null}},"94":{"start":{"line":196,"column":6},"end":{"line":196,"column":null}},"95":{"start":{"line":199,"column":27},"end":{"line":199,"column":null}},"96":{"start":{"line":199,"column":93},"end":{"line":199,"column":120}},"97":{"start":{"line":200,"column":27},"end":{"line":200,"column":null}},"98":{"start":{"line":201,"column":4},"end":{"line":203,"column":null}},"99":{"start":{"line":202,"column":6},"end":{"line":202,"column":null}},"100":{"start":{"line":205,"column":4},"end":{"line":221,"column":null}},"101":{"start":{"line":206,"column":23},"end":{"line":206,"column":null}},"102":{"start":{"line":207,"column":31},"end":{"line":216,"column":null}},"103":{"start":{"line":207,"column":68},"end":{"line":216,"column":8}},"104":{"start":{"line":217,"column":6},"end":{"line":217,"column":null}},"105":{"start":{"line":217,"column":36},"end":{"line":217,"column":66}},"106":{"start":{"line":219,"column":6},"end":{"line":219,"column":null}},"107":{"start":{"line":220,"column":6},"end":{"line":220,"column":null}},"108":{"start":{"line":224,"column":33},"end":{"line":226,"column":null}},"109":{"start":{"line":225,"column":4},"end":{"line":225,"column":null}},"110":{"start":{"line":225,"column":34},"end":{"line":225,"column":81}},"111":{"start":{"line":225,"column":60},"end":{"line":225,"column":80}},"112":{"start":{"line":228,"column":30},"end":{"line":255,"column":null}},"113":{"start":{"line":229,"column":4},"end":{"line":231,"column":null}},"114":{"start":{"line":230,"column":6},"end":{"line":230,"column":null}},"115":{"start":{"line":233,"column":23},"end":{"line":233,"column":null}},"116":{"start":{"line":233,"column":44},"end":{"line":233,"column":74}},"117":{"start":{"line":234,"column":26},"end":{"line":234,"column":null}},"118":{"start":{"line":234,"column":47},"end":{"line":234,"column":102}},"119":{"start":{"line":236,"column":29},"end":{"line":238,"column":null}},"120":{"start":{"line":237,"column":14},"end":{"line":237,"column":null}},"121":{"start":{"line":240,"column":4},"end":{"line":242,"column":null}},"122":{"start":{"line":241,"column":6},"end":{"line":241,"column":null}},"123":{"start":{"line":241,"column":111},"end":{"line":241,"column":120}},"124":{"start":{"line":244,"column":4},"end":{"line":246,"column":null}},"125":{"start":{"line":245,"column":6},"end":{"line":245,"column":null}},"126":{"start":{"line":248,"column":4},"end":{"line":250,"column":null}},"127":{"start":{"line":249,"column":6},"end":{"line":249,"column":null}},"128":{"start":{"line":252,"column":4},"end":{"line":254,"column":null}},"129":{"start":{"line":253,"column":6},"end":{"line":253,"column":null}},"130":{"start":{"line":257,"column":84},"end":{"line":259,"column":null}},"131":{"start":{"line":261,"column":33},"end":{"line":261,"column":null}},"132":{"start":{"line":263,"column":35},"end":{"line":277,"column":null}},"133":{"start":{"line":264,"column":4},"end":{"line":276,"column":null}},"134":{"start":{"line":279,"column":38},"end":{"line":281,"column":null}},"135":{"start":{"line":280,"column":4},"end":{"line":280,"column":null}},"136":{"start":{"line":280,"column":52},"end":{"line":280,"column":123}},"137":{"start":{"line":283,"column":2},"end":{"line":285,"column":null}},"138":{"start":{"line":284,"column":4},"end":{"line":284,"column":null}},"139":{"start":{"line":287,"column":2},"end":{"line":303,"column":null}},"140":{"start":{"line":288,"column":4},"end":{"line":290,"column":null}},"141":{"start":{"line":289,"column":6},"end":{"line":289,"column":null}},"142":{"start":{"line":292,"column":35},"end":{"line":296,"column":null}},"143":{"start":{"line":293,"column":6},"end":{"line":295,"column":null}},"144":{"start":{"line":294,"column":8},"end":{"line":294,"column":null}},"145":{"start":{"line":298,"column":4},"end":{"line":298,"column":null}},"146":{"start":{"line":300,"column":4},"end":{"line":302,"column":null}},"147":{"start":{"line":301,"column":6},"end":{"line":301,"column":null}},"148":{"start":{"line":305,"column":2},"end":{"line":308,"column":null}},"149":{"start":{"line":306,"column":4},"end":{"line":306,"column":null}},"150":{"start":{"line":307,"column":4},"end":{"line":307,"column":null}},"151":{"start":{"line":310,"column":2},"end":{"line":312,"column":null}},"152":{"start":{"line":311,"column":4},"end":{"line":311,"column":null}},"153":{"start":{"line":314,"column":26},"end":{"line":320,"column":null}},"154":{"start":{"line":315,"column":10},"end":{"line":315,"column":null}},"155":{"start":{"line":316,"column":17},"end":{"line":316,"column":null}},"156":{"start":{"line":317,"column":4},"end":{"line":317,"column":null}},"157":{"start":{"line":317,"column":23},"end":{"line":317,"column":45}},"158":{"start":{"line":318,"column":4},"end":{"line":318,"column":null}},"159":{"start":{"line":318,"column":56},"end":{"line":318,"column":131}},"160":{"start":{"line":319,"column":4},"end":{"line":319,"column":null}},"161":{"start":{"line":322,"column":29},"end":{"line":329,"column":null}},"162":{"start":{"line":323,"column":4},"end":{"line":323,"column":null}},"163":{"start":{"line":323,"column":30},"end":{"line":323,"column":null}},"164":{"start":{"line":324,"column":4},"end":{"line":324,"column":null}},"165":{"start":{"line":324,"column":75},"end":{"line":324,"column":null}},"166":{"start":{"line":325,"column":4},"end":{"line":325,"column":null}},"167":{"start":{"line":325,"column":23},"end":{"line":325,"column":55}},"168":{"start":{"line":325,"column":41},"end":{"line":325,"column":54}},"169":{"start":{"line":326,"column":4},"end":{"line":326,"column":null}},"170":{"start":{"line":326,"column":73},"end":{"line":326,"column":86}},"171":{"start":{"line":326,"column":86},"end":{"line":326,"column":110}},"172":{"start":{"line":326,"column":110},"end":{"line":326,"column":126}},"173":{"start":{"line":327,"column":4},"end":{"line":327,"column":null}},"174":{"start":{"line":327,"column":24},"end":{"line":327,"column":67}},"175":{"start":{"line":327,"column":43},"end":{"line":327,"column":66}},"176":{"start":{"line":328,"column":4},"end":{"line":328,"column":null}},"177":{"start":{"line":328,"column":29},"end":{"line":328,"column":null}},"178":{"start":{"line":331,"column":29},"end":{"line":337,"column":null}},"179":{"start":{"line":332,"column":24},"end":{"line":332,"column":null}},"180":{"start":{"line":333,"column":20},"end":{"line":333,"column":null}},"181":{"start":{"line":334,"column":4},"end":{"line":336,"column":null}},"182":{"start":{"line":335,"column":6},"end":{"line":335,"column":null}},"183":{"start":{"line":335,"column":30},"end":{"line":335,"column":64}},"184":{"start":{"line":339,"column":31},"end":{"line":339,"column":null}},"185":{"start":{"line":340,"column":26},"end":{"line":340,"column":null}},"186":{"start":{"line":341,"column":27},"end":{"line":341,"column":null}},"187":{"start":{"line":341,"column":65},"end":{"line":341,"column":92}},"188":{"start":{"line":342,"column":37},"end":{"line":344,"column":null}},"189":{"start":{"line":346,"column":23},"end":{"line":653,"column":null}},"190":{"start":{"line":347,"column":4},"end":{"line":347,"column":null}},"191":{"start":{"line":349,"column":4},"end":{"line":357,"column":null}},"192":{"start":{"line":350,"column":6},"end":{"line":355,"column":null}},"193":{"start":{"line":356,"column":6},"end":{"line":356,"column":null}},"194":{"start":{"line":359,"column":20},"end":{"line":359,"column":null}},"195":{"start":{"line":360,"column":30},"end":{"line":360,"column":null}},"196":{"start":{"line":361,"column":32},"end":{"line":361,"column":null}},"197":{"start":{"line":361,"column":71},"end":{"line":361,"column":101}},"198":{"start":{"line":362,"column":29},"end":{"line":362,"column":null}},"199":{"start":{"line":362,"column":68},"end":{"line":362,"column":95}},"200":{"start":{"line":363,"column":25},"end":{"line":363,"column":null}},"201":{"start":{"line":364,"column":22},"end":{"line":364,"column":null}},"202":{"start":{"line":366,"column":4},"end":{"line":368,"column":null}},"203":{"start":{"line":367,"column":6},"end":{"line":367,"column":null}},"204":{"start":{"line":370,"column":4},"end":{"line":378,"column":null}},"205":{"start":{"line":371,"column":6},"end":{"line":376,"column":null}},"206":{"start":{"line":377,"column":6},"end":{"line":377,"column":null}},"207":{"start":{"line":380,"column":4},"end":{"line":388,"column":null}},"208":{"start":{"line":380,"column":63},"end":{"line":380,"column":94}},"209":{"start":{"line":381,"column":6},"end":{"line":386,"column":null}},"210":{"start":{"line":387,"column":6},"end":{"line":387,"column":null}},"211":{"start":{"line":390,"column":4},"end":{"line":398,"column":null}},"212":{"start":{"line":390,"column":47},"end":{"line":390,"column":81}},"213":{"start":{"line":391,"column":6},"end":{"line":396,"column":null}},"214":{"start":{"line":397,"column":6},"end":{"line":397,"column":null}},"215":{"start":{"line":400,"column":4},"end":{"line":408,"column":null}},"216":{"start":{"line":401,"column":6},"end":{"line":406,"column":null}},"217":{"start":{"line":407,"column":6},"end":{"line":407,"column":null}},"218":{"start":{"line":410,"column":22},"end":{"line":410,"column":null}},"219":{"start":{"line":411,"column":4},"end":{"line":419,"column":null}},"220":{"start":{"line":412,"column":6},"end":{"line":417,"column":null}},"221":{"start":{"line":418,"column":6},"end":{"line":418,"column":null}},"222":{"start":{"line":421,"column":29},"end":{"line":421,"column":null}},"223":{"start":{"line":422,"column":20},"end":{"line":422,"column":null}},"224":{"start":{"line":423,"column":28},"end":{"line":423,"column":null}},"225":{"start":{"line":424,"column":28},"end":{"line":424,"column":null}},"226":{"start":{"line":424,"column":51},"end":{"line":424,"column":76}},"227":{"start":{"line":426,"column":4},"end":{"line":428,"column":null}},"228":{"start":{"line":427,"column":6},"end":{"line":427,"column":null}},"229":{"start":{"line":430,"column":4},"end":{"line":430,"column":null}},"230":{"start":{"line":432,"column":4},"end":{"line":440,"column":null}},"231":{"start":{"line":433,"column":6},"end":{"line":438,"column":null}},"232":{"start":{"line":439,"column":6},"end":{"line":439,"column":null}},"233":{"start":{"line":442,"column":27},"end":{"line":442,"column":null}},"234":{"start":{"line":444,"column":4},"end":{"line":446,"column":null}},"235":{"start":{"line":445,"column":6},"end":{"line":445,"column":null}},"236":{"start":{"line":448,"column":4},"end":{"line":448,"column":null}},"237":{"start":{"line":449,"column":4},"end":{"line":449,"column":null}},"238":{"start":{"line":451,"column":32},"end":{"line":451,"column":null}},"239":{"start":{"line":452,"column":28},"end":{"line":452,"column":null}},"240":{"start":{"line":454,"column":4},"end":{"line":652,"column":null}},"241":{"start":{"line":455,"column":6},"end":{"line":481,"column":null}},"242":{"start":{"line":456,"column":29},"end":{"line":456,"column":null}},"243":{"start":{"line":457,"column":8},"end":{"line":457,"column":null}},"244":{"start":{"line":458,"column":8},"end":{"line":458,"column":null}},"245":{"start":{"line":460,"column":8},"end":{"line":471,"column":null}},"246":{"start":{"line":461,"column":10},"end":{"line":466,"column":null}},"247":{"start":{"line":467,"column":10},"end":{"line":467,"column":null}},"248":{"start":{"line":468,"column":10},"end":{"line":468,"column":null}},"249":{"start":{"line":469,"column":10},"end":{"line":469,"column":null}},"250":{"start":{"line":470,"column":10},"end":{"line":470,"column":null}},"251":{"start":{"line":473,"column":8},"end":{"line":480,"column":null}},"252":{"start":{"line":474,"column":10},"end":{"line":479,"column":null}},"253":{"start":{"line":483,"column":6},"end":{"line":536,"column":null}},"254":{"start":{"line":484,"column":57},"end":{"line":489,"column":null}},"255":{"start":{"line":491,"column":8},"end":{"line":500,"column":null}},"256":{"start":{"line":492,"column":10},"end":{"line":492,"column":null}},"257":{"start":{"line":493,"column":10},"end":{"line":493,"column":null}},"258":{"start":{"line":494,"column":10},"end":{"line":494,"column":null}},"259":{"start":{"line":495,"column":10},"end":{"line":495,"column":null}},"260":{"start":{"line":497,"column":10},"end":{"line":497,"column":null}},"261":{"start":{"line":498,"column":10},"end":{"line":498,"column":null}},"262":{"start":{"line":499,"column":10},"end":{"line":499,"column":null}},"263":{"start":{"line":501,"column":8},"end":{"line":535,"column":null}},"264":{"start":{"line":502,"column":27},"end":{"line":502,"column":null}},"265":{"start":{"line":503,"column":33},"end":{"line":503,"column":null}},"266":{"start":{"line":504,"column":10},"end":{"line":509,"column":null}},"267":{"start":{"line":510,"column":10},"end":{"line":527,"column":null}},"268":{"start":{"line":511,"column":12},"end":{"line":526,"column":null}},"269":{"start":{"line":512,"column":28},"end":{"line":514,"column":null}},"270":{"start":{"line":515,"column":14},"end":{"line":525,"column":null}},"271":{"start":{"line":529,"column":10},"end":{"line":534,"column":null}},"272":{"start":{"line":538,"column":6},"end":{"line":585,"column":null}},"273":{"start":{"line":539,"column":29},"end":{"line":539,"column":null}},"274":{"start":{"line":540,"column":8},"end":{"line":584,"column":null}},"275":{"start":{"line":541,"column":27},"end":{"line":549,"column":null}},"276":{"start":{"line":542,"column":54},"end":{"line":542,"column":69}},"277":{"start":{"line":551,"column":33},"end":{"line":551,"column":null}},"278":{"start":{"line":552,"column":32},"end":{"line":552,"column":null}},"279":{"start":{"line":554,"column":10},"end":{"line":567,"column":null}},"280":{"start":{"line":555,"column":12},"end":{"line":557,"column":null}},"281":{"start":{"line":556,"column":14},"end":{"line":556,"column":null}},"282":{"start":{"line":558,"column":12},"end":{"line":566,"column":null}},"283":{"start":{"line":569,"column":10},"end":{"line":574,"column":null}},"284":{"start":{"line":575,"column":10},"end":{"line":575,"column":null}},"285":{"start":{"line":577,"column":10},"end":{"line":577,"column":null}},"286":{"start":{"line":578,"column":10},"end":{"line":583,"column":null}},"287":{"start":{"line":587,"column":6},"end":{"line":633,"column":null}},"288":{"start":{"line":588,"column":8},"end":{"line":588,"column":null}},"289":{"start":{"line":588,"column":38},"end":{"line":588,"column":125}},"290":{"start":{"line":588,"column":56},"end":{"line":588,"column":124}},"291":{"start":{"line":589,"column":29},"end":{"line":589,"column":null}},"292":{"start":{"line":590,"column":8},"end":{"line":632,"column":null}},"293":{"start":{"line":591,"column":27},"end":{"line":599,"column":null}},"294":{"start":{"line":601,"column":33},"end":{"line":601,"column":null}},"295":{"start":{"line":603,"column":10},"end":{"line":614,"column":null}},"296":{"start":{"line":604,"column":12},"end":{"line":613,"column":null}},"297":{"start":{"line":605,"column":14},"end":{"line":612,"column":null}},"298":{"start":{"line":616,"column":10},"end":{"line":621,"column":null}},"299":{"start":{"line":623,"column":10},"end":{"line":623,"column":null}},"300":{"start":{"line":625,"column":10},"end":{"line":625,"column":null}},"301":{"start":{"line":626,"column":10},"end":{"line":631,"column":null}},"302":{"start":{"line":635,"column":6},"end":{"line":635,"column":null}},"303":{"start":{"line":636,"column":6},"end":{"line":636,"column":null}},"304":{"start":{"line":637,"column":6},"end":{"line":639,"column":null}},"305":{"start":{"line":638,"column":8},"end":{"line":638,"column":null}},"306":{"start":{"line":638,"column":38},"end":{"line":638,"column":92}},"307":{"start":{"line":638,"column":64},"end":{"line":638,"column":91}},"308":{"start":{"line":640,"column":6},"end":{"line":651,"column":null}},"309":{"start":{"line":641,"column":8},"end":{"line":650,"column":null}},"310":{"start":{"line":641,"column":38},"end":{"line":650,"column":10}},"311":{"start":{"line":642,"column":10},"end":{"line":644,"column":null}},"312":{"start":{"line":643,"column":12},"end":{"line":643,"column":null}},"313":{"start":{"line":645,"column":10},"end":{"line":649,"column":null}},"314":{"start":{"line":655,"column":8},"end":{"line":658,"column":null}},"315":{"start":{"line":656,"column":17},"end":{"line":656,"column":null}},"316":{"start":{"line":657,"column":4},"end":{"line":657,"column":null}},"317":{"start":{"line":660,"column":8},"end":{"line":660,"column":null}},"318":{"start":{"line":660,"column":41},"end":{"line":660,"column":92}},"319":{"start":{"line":660,"column":64},"end":{"line":660,"column":89}},"320":{"start":{"line":662,"column":2},"end":{"line":667,"column":null}},"321":{"start":{"line":663,"column":4},"end":{"line":665,"column":null}},"322":{"start":{"line":664,"column":6},"end":{"line":664,"column":null}},"323":{"start":{"line":666,"column":4},"end":{"line":666,"column":null}},"324":{"start":{"line":669,"column":2},"end":{"line":812,"column":null}},"325":{"start":{"line":679,"column":33},"end":{"line":679,"column":null}},"326":{"start":{"line":687,"column":35},"end":{"line":687,"column":null}},"327":{"start":{"line":695,"column":43},"end":{"line":695,"column":null}},"328":{"start":{"line":700,"column":36},"end":{"line":700,"column":null}},"329":{"start":{"line":702,"column":44},"end":{"line":702,"column":null}},"330":{"start":{"line":702,"column":79},"end":{"line":702,"column":84}},"331":{"start":{"line":711,"column":33},"end":{"line":711,"column":null}},"332":{"start":{"line":720,"column":36},"end":{"line":720,"column":null}},"333":{"start":{"line":722,"column":44},"end":{"line":722,"column":null}},"334":{"start":{"line":722,"column":79},"end":{"line":722,"column":84}},"335":{"start":{"line":730,"column":39},"end":{"line":730,"column":null}},"336":{"start":{"line":736,"column":42},"end":{"line":736,"column":null}},"337":{"start":{"line":737,"column":39},"end":{"line":737,"column":null}},"338":{"start":{"line":753,"column":47},"end":{"line":753,"column":null}},"339":{"start":{"line":753,"column":74},"end":{"line":753,"column":129}},"340":{"start":{"line":755,"column":38},"end":{"line":755,"column":null}},"341":{"start":{"line":759,"column":46},"end":{"line":759,"column":null}},"342":{"start":{"line":759,"column":81},"end":{"line":759,"column":86}},"343":{"start":{"line":767,"column":44},"end":{"line":767,"column":null}},"344":{"start":{"line":771,"column":47},"end":{"line":771,"column":null}},"345":{"start":{"line":782,"column":36},"end":{"line":782,"column":null}},"346":{"start":{"line":784,"column":44},"end":{"line":784,"column":null}},"347":{"start":{"line":784,"column":79},"end":{"line":784,"column":84}},"348":{"start":{"line":792,"column":29},"end":{"line":792,"column":null}},"349":{"start":{"line":797,"column":32},"end":{"line":797,"column":null}},"350":{"start":{"line":797,"column":62},"end":{"line":797,"column":71}},"351":{"start":{"line":816,"column":22},"end":{"line":819,"column":null}},"352":{"start":{"line":817,"column":2},"end":{"line":819,"column":null}},"353":{"start":{"line":823,"column":31},"end":{"line":874,"column":null}},"354":{"start":{"line":824,"column":22},"end":{"line":824,"column":null}},"355":{"start":{"line":825,"column":4},"end":{"line":827,"column":null}},"356":{"start":{"line":826,"column":6},"end":{"line":826,"column":null}},"357":{"start":{"line":829,"column":4},"end":{"line":870,"column":null}},"358":{"start":{"line":830,"column":12},"end":{"line":830,"column":null}},"359":{"start":{"line":831,"column":6},"end":{"line":839,"column":null}},"360":{"start":{"line":832,"column":8},"end":{"line":832,"column":null}},"361":{"start":{"line":833,"column":8},"end":{"line":838,"column":null}},"362":{"start":{"line":841,"column":12},"end":{"line":841,"column":null}},"363":{"start":{"line":842,"column":6},"end":{"line":856,"column":null}},"364":{"start":{"line":849,"column":8},"end":{"line":849,"column":null}},"365":{"start":{"line":850,"column":8},"end":{"line":855,"column":null}},"366":{"start":{"line":858,"column":6},"end":{"line":869,"column":null}},"367":{"start":{"line":862,"column":8},"end":{"line":862,"column":null}},"368":{"start":{"line":863,"column":8},"end":{"line":868,"column":null}},"369":{"start":{"line":872,"column":10},"end":{"line":872,"column":null}},"370":{"start":{"line":873,"column":4},"end":{"line":873,"column":null}}},"fnMap":{"0":{"name":"(anonymous_0)","decl":{"start":{"line":50,"column":25},"end":{"line":50,"column":26}},"loc":{"start":{"line":50,"column":49},"end":{"line":57,"column":null}},"line":50},"1":{"name":"(anonymous_1)","decl":{"start":{"line":59,"column":23},"end":{"line":59,"column":24}},"loc":{"start":{"line":59,"column":48},"end":{"line":84,"column":null}},"line":59},"2":{"name":"(anonymous_2)","decl":{"start":{"line":86,"column":19},"end":{"line":86,"column":25}},"loc":{"start":{"line":86,"column":25},"end":{"line":814,"column":null}},"line":86},"3":{"name":"(anonymous_3)","decl":{"start":{"line":105,"column":74},"end":{"line":105,"column":80}},"loc":{"start":{"line":105,"column":80},"end":{"line":108,"column":3}},"line":105},"4":{"name":"(anonymous_4)","decl":{"start":{"line":120,"column":27},"end":{"line":120,"column":33}},"loc":{"start":{"line":120,"column":33},"end":{"line":120,"column":79}},"line":120},"5":{"name":"(anonymous_5)","decl":{"start":{"line":121,"column":30},"end":{"line":121,"column":36}},"loc":{"start":{"line":121,"column":36},"end":{"line":121,"column":91}},"line":121},"6":{"name":"(anonymous_6)","decl":{"start":{"line":128,"column":14},"end":{"line":128,"column":15}},"loc":{"start":{"line":128,"column":30},"end":{"line":128,"column":null}},"line":128},"7":{"name":"(anonymous_7)","decl":{"start":{"line":128,"column":39},"end":{"line":128,"column":47}},"loc":{"start":{"line":128,"column":47},"end":{"line":128,"column":70}},"line":128},"8":{"name":"(anonymous_8)","decl":{"start":{"line":129,"column":13},"end":{"line":129,"column":14}},"loc":{"start":{"line":129,"column":24},"end":{"line":129,"column":null}},"line":129},"9":{"name":"(anonymous_9)","decl":{"start":{"line":132,"column":28},"end":{"line":132,"column":29}},"loc":{"start":{"line":132,"column":61},"end":{"line":139,"column":null}},"line":132},"10":{"name":"(anonymous_10)","decl":{"start":{"line":133,"column":23},"end":{"line":133,"column":24}},"loc":{"start":{"line":133,"column":44},"end":{"line":138,"column":5}},"line":133},"11":{"name":"(anonymous_11)","decl":{"start":{"line":135,"column":22},"end":{"line":135,"column":28}},"loc":{"start":{"line":135,"column":28},"end":{"line":135,"column":null}},"line":135},"12":{"name":"(anonymous_12)","decl":{"start":{"line":136,"column":23},"end":{"line":136,"column":29}},"loc":{"start":{"line":136,"column":29},"end":{"line":136,"column":null}},"line":136},"13":{"name":"(anonymous_13)","decl":{"start":{"line":141,"column":33},"end":{"line":141,"column":40}},"loc":{"start":{"line":141,"column":58},"end":{"line":186,"column":null}},"line":141},"14":{"name":"(anonymous_14)","decl":{"start":{"line":146,"column":34},"end":{"line":146,"column":48}},"loc":{"start":{"line":146,"column":48},"end":{"line":146,"column":78}},"line":146},"15":{"name":"(anonymous_15)","decl":{"start":{"line":151,"column":32},"end":{"line":151,"column":46}},"loc":{"start":{"line":151,"column":46},"end":{"line":151,"column":73}},"line":151},"16":{"name":"(anonymous_16)","decl":{"start":{"line":169,"column":26},"end":{"line":169,"column":34}},"loc":{"start":{"line":169,"column":34},"end":{"line":181,"column":5}},"line":169},"17":{"name":"(anonymous_17)","decl":{"start":{"line":183,"column":15},"end":{"line":183,"column":21}},"loc":{"start":{"line":183,"column":21},"end":{"line":185,"column":7}},"line":183},"18":{"name":"(anonymous_18)","decl":{"start":{"line":184,"column":28},"end":{"line":184,"column":36}},"loc":{"start":{"line":184,"column":36},"end":{"line":184,"column":118}},"line":184},"19":{"name":"(anonymous_19)","decl":{"start":{"line":184,"column":45},"end":{"line":184,"column":54}},"loc":{"start":{"line":184,"column":54},"end":{"line":184,"column":117}},"line":184},"20":{"name":"(anonymous_20)","decl":{"start":{"line":188,"column":30},"end":{"line":188,"column":37}},"loc":{"start":{"line":188,"column":55},"end":{"line":222,"column":null}},"line":188},"21":{"name":"(anonymous_21)","decl":{"start":{"line":189,"column":34},"end":{"line":189,"column":48}},"loc":{"start":{"line":189,"column":48},"end":{"line":189,"column":75}},"line":189},"22":{"name":"(anonymous_22)","decl":{"start":{"line":194,"column":32},"end":{"line":194,"column":46}},"loc":{"start":{"line":194,"column":46},"end":{"line":194,"column":76}},"line":194},"23":{"name":"(anonymous_23)","decl":{"start":{"line":199,"column":79},"end":{"line":199,"column":93}},"loc":{"start":{"line":199,"column":93},"end":{"line":199,"column":120}},"line":199},"24":{"name":"(anonymous_24)","decl":{"start":{"line":207,"column":50},"end":{"line":207,"column":51}},"loc":{"start":{"line":207,"column":68},"end":{"line":216,"column":8}},"line":207},"25":{"name":"(anonymous_25)","decl":{"start":{"line":217,"column":28},"end":{"line":217,"column":36}},"loc":{"start":{"line":217,"column":36},"end":{"line":217,"column":66}},"line":217},"26":{"name":"(anonymous_26)","decl":{"start":{"line":224,"column":33},"end":{"line":224,"column":34}},"loc":{"start":{"line":224,"column":49},"end":{"line":226,"column":null}},"line":224},"27":{"name":"(anonymous_27)","decl":{"start":{"line":225,"column":26},"end":{"line":225,"column":34}},"loc":{"start":{"line":225,"column":34},"end":{"line":225,"column":81}},"line":225},"28":{"name":"(anonymous_28)","decl":{"start":{"line":225,"column":46},"end":{"line":225,"column":60}},"loc":{"start":{"line":225,"column":60},"end":{"line":225,"column":80}},"line":225},"29":{"name":"(anonymous_29)","decl":{"start":{"line":228,"column":30},"end":{"line":228,"column":37}},"loc":{"start":{"line":228,"column":55},"end":{"line":255,"column":null}},"line":228},"30":{"name":"(anonymous_30)","decl":{"start":{"line":233,"column":36},"end":{"line":233,"column":44}},"loc":{"start":{"line":233,"column":44},"end":{"line":233,"column":74}},"line":233},"31":{"name":"(anonymous_31)","decl":{"start":{"line":234,"column":39},"end":{"line":234,"column":47}},"loc":{"start":{"line":234,"column":47},"end":{"line":234,"column":102}},"line":234},"32":{"name":"(anonymous_32)","decl":{"start":{"line":237,"column":6},"end":{"line":237,"column":14}},"loc":{"start":{"line":237,"column":14},"end":{"line":237,"column":null}},"line":237},"33":{"name":"(anonymous_33)","decl":{"start":{"line":241,"column":103},"end":{"line":241,"column":111}},"loc":{"start":{"line":241,"column":111},"end":{"line":241,"column":120}},"line":241},"34":{"name":"(anonymous_34)","decl":{"start":{"line":263,"column":35},"end":{"line":263,"column":57}},"loc":{"start":{"line":263,"column":57},"end":{"line":277,"column":null}},"line":263},"35":{"name":"(anonymous_35)","decl":{"start":{"line":279,"column":38},"end":{"line":279,"column":39}},"loc":{"start":{"line":279,"column":76},"end":{"line":281,"column":null}},"line":279},"36":{"name":"(anonymous_36)","decl":{"start":{"line":280,"column":22},"end":{"line":280,"column":23}},"loc":{"start":{"line":280,"column":52},"end":{"line":280,"column":123}},"line":280},"37":{"name":"(anonymous_37)","decl":{"start":{"line":283,"column":12},"end":{"line":283,"column":18}},"loc":{"start":{"line":283,"column":18},"end":{"line":285,"column":5}},"line":283},"38":{"name":"(anonymous_38)","decl":{"start":{"line":287,"column":12},"end":{"line":287,"column":18}},"loc":{"start":{"line":287,"column":18},"end":{"line":303,"column":5}},"line":287},"39":{"name":"(anonymous_39)","decl":{"start":{"line":292,"column":35},"end":{"line":292,"column":41}},"loc":{"start":{"line":292,"column":41},"end":{"line":296,"column":null}},"line":292},"40":{"name":"(anonymous_40)","decl":{"start":{"line":300,"column":11},"end":{"line":300,"column":17}},"loc":{"start":{"line":300,"column":17},"end":{"line":302,"column":null}},"line":300},"41":{"name":"(anonymous_41)","decl":{"start":{"line":305,"column":12},"end":{"line":305,"column":18}},"loc":{"start":{"line":305,"column":18},"end":{"line":308,"column":5}},"line":305},"42":{"name":"(anonymous_42)","decl":{"start":{"line":310,"column":12},"end":{"line":310,"column":18}},"loc":{"start":{"line":310,"column":18},"end":{"line":312,"column":5}},"line":310},"43":{"name":"(anonymous_43)","decl":{"start":{"line":314,"column":26},"end":{"line":314,"column":32}},"loc":{"start":{"line":314,"column":32},"end":{"line":320,"column":null}},"line":314},"44":{"name":"(anonymous_44)","decl":{"start":{"line":317,"column":15},"end":{"line":317,"column":23}},"loc":{"start":{"line":317,"column":23},"end":{"line":317,"column":45}},"line":317},"45":{"name":"(anonymous_45)","decl":{"start":{"line":318,"column":19},"end":{"line":318,"column":20}},"loc":{"start":{"line":318,"column":56},"end":{"line":318,"column":131}},"line":318},"46":{"name":"(anonymous_46)","decl":{"start":{"line":322,"column":29},"end":{"line":322,"column":30}},"loc":{"start":{"line":322,"column":49},"end":{"line":329,"column":null}},"line":322},"47":{"name":"(anonymous_47)","decl":{"start":{"line":325,"column":15},"end":{"line":325,"column":23}},"loc":{"start":{"line":325,"column":23},"end":{"line":325,"column":55}},"line":325},"48":{"name":"(anonymous_48)","decl":{"start":{"line":325,"column":35},"end":{"line":325,"column":41}},"loc":{"start":{"line":325,"column":41},"end":{"line":325,"column":54}},"line":325},"49":{"name":"(anonymous_49)","decl":{"start":{"line":326,"column":19},"end":{"line":326,"column":20}},"loc":{"start":{"line":326,"column":55},"end":{"line":326,"column":127}},"line":326},"50":{"name":"(anonymous_50)","decl":{"start":{"line":327,"column":16},"end":{"line":327,"column":24}},"loc":{"start":{"line":327,"column":24},"end":{"line":327,"column":67}},"line":327},"51":{"name":"(anonymous_51)","decl":{"start":{"line":327,"column":36},"end":{"line":327,"column":43}},"loc":{"start":{"line":327,"column":43},"end":{"line":327,"column":66}},"line":327},"52":{"name":"(anonymous_52)","decl":{"start":{"line":331,"column":29},"end":{"line":331,"column":30}},"loc":{"start":{"line":331,"column":45},"end":{"line":337,"column":null}},"line":331},"53":{"name":"(anonymous_53)","decl":{"start":{"line":335,"column":21},"end":{"line":335,"column":30}},"loc":{"start":{"line":335,"column":30},"end":{"line":335,"column":64}},"line":335},"54":{"name":"(anonymous_54)","decl":{"start":{"line":341,"column":51},"end":{"line":341,"column":65}},"loc":{"start":{"line":341,"column":65},"end":{"line":341,"column":92}},"line":341},"55":{"name":"(anonymous_55)","decl":{"start":{"line":346,"column":23},"end":{"line":346,"column":30}},"loc":{"start":{"line":346,"column":57},"end":{"line":653,"column":null}},"line":346},"56":{"name":"(anonymous_56)","decl":{"start":{"line":361,"column":57},"end":{"line":361,"column":71}},"loc":{"start":{"line":361,"column":71},"end":{"line":361,"column":101}},"line":361},"57":{"name":"(anonymous_57)","decl":{"start":{"line":362,"column":54},"end":{"line":362,"column":68}},"loc":{"start":{"line":362,"column":68},"end":{"line":362,"column":95}},"line":362},"58":{"name":"(anonymous_58)","decl":{"start":{"line":380,"column":49},"end":{"line":380,"column":63}},"loc":{"start":{"line":380,"column":63},"end":{"line":380,"column":94}},"line":380},"59":{"name":"(anonymous_59)","decl":{"start":{"line":390,"column":33},"end":{"line":390,"column":47}},"loc":{"start":{"line":390,"column":47},"end":{"line":390,"column":81}},"line":390},"60":{"name":"(anonymous_60)","decl":{"start":{"line":424,"column":44},"end":{"line":424,"column":51}},"loc":{"start":{"line":424,"column":51},"end":{"line":424,"column":76}},"line":424},"61":{"name":"(anonymous_61)","decl":{"start":{"line":511,"column":41},"end":{"line":511,"column":42}},"loc":{"start":{"line":511,"column":57},"end":{"line":526,"column":13}},"line":511},"62":{"name":"(anonymous_62)","decl":{"start":{"line":542,"column":40},"end":{"line":542,"column":54}},"loc":{"start":{"line":542,"column":54},"end":{"line":542,"column":69}},"line":542},"63":{"name":"(anonymous_63)","decl":{"start":{"line":554,"column":32},"end":{"line":554,"column":41}},"loc":{"start":{"line":554,"column":41},"end":{"line":567,"column":11}},"line":554},"64":{"name":"(anonymous_64)","decl":{"start":{"line":588,"column":30},"end":{"line":588,"column":38}},"loc":{"start":{"line":588,"column":38},"end":{"line":588,"column":125}},"line":588},"65":{"name":"(anonymous_65)","decl":{"start":{"line":588,"column":47},"end":{"line":588,"column":56}},"loc":{"start":{"line":588,"column":56},"end":{"line":588,"column":124}},"line":588},"66":{"name":"(anonymous_66)","decl":{"start":{"line":603,"column":38},"end":{"line":603,"column":52}},"loc":{"start":{"line":603,"column":52},"end":{"line":614,"column":11}},"line":603},"67":{"name":"(anonymous_67)","decl":{"start":{"line":638,"column":30},"end":{"line":638,"column":38}},"loc":{"start":{"line":638,"column":38},"end":{"line":638,"column":92}},"line":638},"68":{"name":"(anonymous_68)","decl":{"start":{"line":638,"column":50},"end":{"line":638,"column":64}},"loc":{"start":{"line":638,"column":64},"end":{"line":638,"column":91}},"line":638},"69":{"name":"(anonymous_69)","decl":{"start":{"line":641,"column":30},"end":{"line":641,"column":38}},"loc":{"start":{"line":641,"column":38},"end":{"line":650,"column":10}},"line":641},"70":{"name":"(anonymous_70)","decl":{"start":{"line":641,"column":47},"end":{"line":641,"column":61}},"loc":{"start":{"line":641,"column":61},"end":{"line":650,"column":9}},"line":641},"71":{"name":"(anonymous_71)","decl":{"start":{"line":655,"column":32},"end":{"line":655,"column":38}},"loc":{"start":{"line":655,"column":38},"end":{"line":658,"column":5}},"line":655},"72":{"name":"(anonymous_72)","decl":{"start":{"line":660,"column":35},"end":{"line":660,"column":41}},"loc":{"start":{"line":660,"column":41},"end":{"line":660,"column":92}},"line":660},"73":{"name":"(anonymous_73)","decl":{"start":{"line":660,"column":57},"end":{"line":660,"column":64}},"loc":{"start":{"line":660,"column":64},"end":{"line":660,"column":89}},"line":660},"74":{"name":"(anonymous_74)","decl":{"start":{"line":662,"column":12},"end":{"line":662,"column":18}},"loc":{"start":{"line":662,"column":18},"end":{"line":667,"column":5}},"line":662},"75":{"name":"(anonymous_75)","decl":{"start":{"line":679,"column":27},"end":{"line":679,"column":33}},"loc":{"start":{"line":679,"column":33},"end":{"line":679,"column":null}},"line":679},"76":{"name":"(anonymous_76)","decl":{"start":{"line":687,"column":29},"end":{"line":687,"column":35}},"loc":{"start":{"line":687,"column":35},"end":{"line":687,"column":null}},"line":687},"77":{"name":"(anonymous_77)","decl":{"start":{"line":695,"column":37},"end":{"line":695,"column":43}},"loc":{"start":{"line":695,"column":43},"end":{"line":695,"column":null}},"line":695},"78":{"name":"(anonymous_78)","decl":{"start":{"line":700,"column":30},"end":{"line":700,"column":36}},"loc":{"start":{"line":700,"column":36},"end":{"line":700,"column":null}},"line":700},"79":{"name":"(anonymous_79)","decl":{"start":{"line":702,"column":38},"end":{"line":702,"column":44}},"loc":{"start":{"line":702,"column":44},"end":{"line":702,"column":null}},"line":702},"80":{"name":"(anonymous_80)","decl":{"start":{"line":702,"column":69},"end":{"line":702,"column":70}},"loc":{"start":{"line":702,"column":79},"end":{"line":702,"column":84}},"line":702},"81":{"name":"(anonymous_81)","decl":{"start":{"line":711,"column":27},"end":{"line":711,"column":33}},"loc":{"start":{"line":711,"column":33},"end":{"line":711,"column":null}},"line":711},"82":{"name":"(anonymous_82)","decl":{"start":{"line":720,"column":30},"end":{"line":720,"column":36}},"loc":{"start":{"line":720,"column":36},"end":{"line":720,"column":null}},"line":720},"83":{"name":"(anonymous_83)","decl":{"start":{"line":722,"column":38},"end":{"line":722,"column":44}},"loc":{"start":{"line":722,"column":44},"end":{"line":722,"column":null}},"line":722},"84":{"name":"(anonymous_84)","decl":{"start":{"line":722,"column":69},"end":{"line":722,"column":70}},"loc":{"start":{"line":722,"column":79},"end":{"line":722,"column":84}},"line":722},"85":{"name":"(anonymous_85)","decl":{"start":{"line":730,"column":33},"end":{"line":730,"column":39}},"loc":{"start":{"line":730,"column":39},"end":{"line":730,"column":null}},"line":730},"86":{"name":"(anonymous_86)","decl":{"start":{"line":736,"column":36},"end":{"line":736,"column":42}},"loc":{"start":{"line":736,"column":42},"end":{"line":736,"column":null}},"line":736},"87":{"name":"(anonymous_87)","decl":{"start":{"line":737,"column":33},"end":{"line":737,"column":39}},"loc":{"start":{"line":737,"column":39},"end":{"line":737,"column":null}},"line":737},"88":{"name":"(anonymous_88)","decl":{"start":{"line":753,"column":41},"end":{"line":753,"column":47}},"loc":{"start":{"line":753,"column":47},"end":{"line":753,"column":null}},"line":753},"89":{"name":"(anonymous_89)","decl":{"start":{"line":753,"column":66},"end":{"line":753,"column":67}},"loc":{"start":{"line":753,"column":74},"end":{"line":753,"column":129}},"line":753},"90":{"name":"(anonymous_90)","decl":{"start":{"line":755,"column":32},"end":{"line":755,"column":38}},"loc":{"start":{"line":755,"column":38},"end":{"line":755,"column":null}},"line":755},"91":{"name":"(anonymous_91)","decl":{"start":{"line":759,"column":40},"end":{"line":759,"column":46}},"loc":{"start":{"line":759,"column":46},"end":{"line":759,"column":null}},"line":759},"92":{"name":"(anonymous_92)","decl":{"start":{"line":759,"column":71},"end":{"line":759,"column":72}},"loc":{"start":{"line":759,"column":81},"end":{"line":759,"column":86}},"line":759},"93":{"name":"(anonymous_93)","decl":{"start":{"line":767,"column":37},"end":{"line":767,"column":38}},"loc":{"start":{"line":767,"column":44},"end":{"line":767,"column":null}},"line":767},"94":{"name":"(anonymous_94)","decl":{"start":{"line":771,"column":38},"end":{"line":771,"column":39}},"loc":{"start":{"line":771,"column":47},"end":{"line":771,"column":null}},"line":771},"95":{"name":"(anonymous_95)","decl":{"start":{"line":782,"column":30},"end":{"line":782,"column":36}},"loc":{"start":{"line":782,"column":36},"end":{"line":782,"column":null}},"line":782},"96":{"name":"(anonymous_96)","decl":{"start":{"line":784,"column":38},"end":{"line":784,"column":44}},"loc":{"start":{"line":784,"column":44},"end":{"line":784,"column":null}},"line":784},"97":{"name":"(anonymous_97)","decl":{"start":{"line":784,"column":69},"end":{"line":784,"column":70}},"loc":{"start":{"line":784,"column":79},"end":{"line":784,"column":84}},"line":784},"98":{"name":"(anonymous_98)","decl":{"start":{"line":792,"column":23},"end":{"line":792,"column":29}},"loc":{"start":{"line":792,"column":29},"end":{"line":792,"column":null}},"line":792},"99":{"name":"(anonymous_99)","decl":{"start":{"line":797,"column":26},"end":{"line":797,"column":32}},"loc":{"start":{"line":797,"column":32},"end":{"line":797,"column":null}},"line":797},"100":{"name":"(anonymous_100)","decl":{"start":{"line":797,"column":51},"end":{"line":797,"column":52}},"loc":{"start":{"line":797,"column":62},"end":{"line":797,"column":71}},"line":797},"101":{"name":"(anonymous_101)","decl":{"start":{"line":816,"column":22},"end":{"line":816,"column":null}},"loc":{"start":{"line":817,"column":2},"end":{"line":819,"column":null}},"line":817},"102":{"name":"(anonymous_102)","decl":{"start":{"line":823,"column":31},"end":{"line":823,"column":32}},"loc":{"start":{"line":823,"column":61},"end":{"line":874,"column":null}},"line":823}},"branchMap":{"0":{"loc":{"start":{"line":51,"column":15},"end":{"line":51,"column":null}},"type":"binary-expr","locations":[{"start":{"line":51,"column":15},"end":{"line":51,"column":28}},{"start":{"line":51,"column":28},"end":{"line":51,"column":null}}],"line":51},"1":{"loc":{"start":{"line":53,"column":2},"end":{"line":55,"column":null}},"type":"if","locations":[{"start":{"line":53,"column":2},"end":{"line":55,"column":null}},{"start":{},"end":{}}],"line":53},"2":{"loc":{"start":{"line":61,"column":16},"end":{"line":61,"column":33}},"type":"binary-expr","locations":[{"start":{"line":61,"column":16},"end":{"line":61,"column":29}},{"start":{"line":61,"column":29},"end":{"line":61,"column":33}}],"line":61},"3":{"loc":{"start":{"line":63,"column":2},"end":{"line":65,"column":null}},"type":"if","locations":[{"start":{"line":63,"column":2},"end":{"line":65,"column":null}},{"start":{},"end":{}}],"line":63},"4":{"loc":{"start":{"line":67,"column":2},"end":{"line":69,"column":null}},"type":"if","locations":[{"start":{"line":67,"column":2},"end":{"line":69,"column":null}},{"start":{},"end":{}}],"line":67},"5":{"loc":{"start":{"line":71,"column":2},"end":{"line":73,"column":null}},"type":"if","locations":[{"start":{"line":71,"column":2},"end":{"line":73,"column":null}},{"start":{},"end":{}}],"line":71},"6":{"loc":{"start":{"line":75,"column":2},"end":{"line":77,"column":null}},"type":"if","locations":[{"start":{"line":75,"column":2},"end":{"line":77,"column":null}},{"start":{},"end":{}}],"line":75},"7":{"loc":{"start":{"line":79,"column":2},"end":{"line":81,"column":null}},"type":"if","locations":[{"start":{"line":79,"column":2},"end":{"line":81,"column":null}},{"start":{},"end":{}}],"line":79},"8":{"loc":{"start":{"line":79,"column":6},"end":{"line":79,"column":55}},"type":"binary-expr","locations":[{"start":{"line":79,"column":6},"end":{"line":79,"column":32}},{"start":{"line":79,"column":32},"end":{"line":79,"column":55}}],"line":79},"9":{"loc":{"start":{"line":107,"column":11},"end":{"line":107,"column":null}},"type":"cond-expr","locations":[{"start":{"line":107,"column":20},"end":{"line":107,"column":41}},{"start":{"line":107,"column":41},"end":{"line":107,"column":null}}],"line":107},"10":{"loc":{"start":{"line":120,"column":33},"end":{"line":120,"column":79}},"type":"binary-expr","locations":[{"start":{"line":120,"column":33},"end":{"line":120,"column":67}},{"start":{"line":120,"column":67},"end":{"line":120,"column":79}}],"line":120},"11":{"loc":{"start":{"line":121,"column":36},"end":{"line":121,"column":91}},"type":"binary-expr","locations":[{"start":{"line":121,"column":36},"end":{"line":121,"column":77}},{"start":{"line":121,"column":77},"end":{"line":121,"column":91}}],"line":121},"12":{"loc":{"start":{"line":136,"column":36},"end":{"line":136,"column":90}},"type":"binary-expr","locations":[{"start":{"line":136,"column":36},"end":{"line":136,"column":52}},{"start":{"line":136,"column":52},"end":{"line":136,"column":90}}],"line":136},"13":{"loc":{"start":{"line":142,"column":4},"end":{"line":144,"column":null}},"type":"if","locations":[{"start":{"line":142,"column":4},"end":{"line":144,"column":null}},{"start":{},"end":{}}],"line":142},"14":{"loc":{"start":{"line":146,"column":4},"end":{"line":149,"column":null}},"type":"if","locations":[{"start":{"line":146,"column":4},"end":{"line":149,"column":null}},{"start":{},"end":{}}],"line":146},"15":{"loc":{"start":{"line":151,"column":4},"end":{"line":154,"column":null}},"type":"if","locations":[{"start":{"line":151,"column":4},"end":{"line":154,"column":null}},{"start":{},"end":{}}],"line":151},"16":{"loc":{"start":{"line":158,"column":4},"end":{"line":161,"column":null}},"type":"if","locations":[{"start":{"line":158,"column":4},"end":{"line":161,"column":null}},{"start":{},"end":{}}],"line":158},"17":{"loc":{"start":{"line":163,"column":4},"end":{"line":166,"column":null}},"type":"if","locations":[{"start":{"line":163,"column":4},"end":{"line":166,"column":null}},{"start":{},"end":{}}],"line":163},"18":{"loc":{"start":{"line":175,"column":18},"end":{"line":175,"column":null}},"type":"binary-expr","locations":[{"start":{"line":175,"column":18},"end":{"line":175,"column":34}},{"start":{"line":175,"column":34},"end":{"line":175,"column":null}}],"line":175},"19":{"loc":{"start":{"line":184,"column":54},"end":{"line":184,"column":117}},"type":"cond-expr","locations":[{"start":{"line":184,"column":81},"end":{"line":184,"column":112}},{"start":{"line":184,"column":112},"end":{"line":184,"column":117}}],"line":184},"20":{"loc":{"start":{"line":189,"column":4},"end":{"line":192,"column":null}},"type":"if","locations":[{"start":{"line":189,"column":4},"end":{"line":192,"column":null}},{"start":{},"end":{}}],"line":189},"21":{"loc":{"start":{"line":194,"column":4},"end":{"line":197,"column":null}},"type":"if","locations":[{"start":{"line":194,"column":4},"end":{"line":197,"column":null}},{"start":{},"end":{}}],"line":194},"22":{"loc":{"start":{"line":201,"column":4},"end":{"line":203,"column":null}},"type":"if","locations":[{"start":{"line":201,"column":4},"end":{"line":203,"column":null}},{"start":{},"end":{}}],"line":201},"23":{"loc":{"start":{"line":229,"column":4},"end":{"line":231,"column":null}},"type":"if","locations":[{"start":{"line":229,"column":4},"end":{"line":231,"column":null}},{"start":{},"end":{}}],"line":229},"24":{"loc":{"start":{"line":234,"column":47},"end":{"line":234,"column":102}},"type":"binary-expr","locations":[{"start":{"line":234,"column":47},"end":{"line":234,"column":82}},{"start":{"line":234,"column":82},"end":{"line":234,"column":102}}],"line":234},"25":{"loc":{"start":{"line":237,"column":14},"end":{"line":237,"column":null}},"type":"binary-expr","locations":[{"start":{"line":237,"column":14},"end":{"line":237,"column":44}},{"start":{"line":237,"column":44},"end":{"line":237,"column":null}}],"line":237},"26":{"loc":{"start":{"line":240,"column":4},"end":{"line":242,"column":null}},"type":"if","locations":[{"start":{"line":240,"column":4},"end":{"line":242,"column":null}},{"start":{},"end":{}}],"line":240},"27":{"loc":{"start":{"line":244,"column":4},"end":{"line":246,"column":null}},"type":"if","locations":[{"start":{"line":244,"column":4},"end":{"line":246,"column":null}},{"start":{},"end":{}}],"line":244},"28":{"loc":{"start":{"line":248,"column":4},"end":{"line":250,"column":null}},"type":"if","locations":[{"start":{"line":248,"column":4},"end":{"line":250,"column":null}},{"start":{},"end":{}}],"line":248},"29":{"loc":{"start":{"line":252,"column":4},"end":{"line":254,"column":null}},"type":"if","locations":[{"start":{"line":252,"column":4},"end":{"line":254,"column":null}},{"start":{},"end":{}}],"line":252},"30":{"loc":{"start":{"line":264,"column":11},"end":{"line":276,"column":null}},"type":"binary-expr","locations":[{"start":{"line":264,"column":11},"end":{"line":264,"column":39}},{"start":{"line":264,"column":39},"end":{"line":276,"column":null}}],"line":264},"31":{"loc":{"start":{"line":288,"column":4},"end":{"line":290,"column":null}},"type":"if","locations":[{"start":{"line":288,"column":4},"end":{"line":290,"column":null}},{"start":{},"end":{}}],"line":288},"32":{"loc":{"start":{"line":293,"column":6},"end":{"line":295,"column":null}},"type":"if","locations":[{"start":{"line":293,"column":6},"end":{"line":295,"column":null}},{"start":{},"end":{}}],"line":293},"33":{"loc":{"start":{"line":318,"column":82},"end":{"line":318,"column":129}},"type":"binary-expr","locations":[{"start":{"line":318,"column":82},"end":{"line":318,"column":90}},{"start":{"line":318,"column":90},"end":{"line":318,"column":129}}],"line":318},"34":{"loc":{"start":{"line":323,"column":4},"end":{"line":323,"column":null}},"type":"if","locations":[{"start":{"line":323,"column":4},"end":{"line":323,"column":null}},{"start":{},"end":{}}],"line":323},"35":{"loc":{"start":{"line":324,"column":4},"end":{"line":324,"column":null}},"type":"if","locations":[{"start":{"line":324,"column":4},"end":{"line":324,"column":null}},{"start":{},"end":{}}],"line":324},"36":{"loc":{"start":{"line":328,"column":4},"end":{"line":328,"column":null}},"type":"if","locations":[{"start":{"line":328,"column":4},"end":{"line":328,"column":null}},{"start":{},"end":{}}],"line":328},"37":{"loc":{"start":{"line":332,"column":24},"end":{"line":332,"column":null}},"type":"binary-expr","locations":[{"start":{"line":332,"column":24},"end":{"line":332,"column":43}},{"start":{"line":332,"column":43},"end":{"line":332,"column":null}}],"line":332},"38":{"loc":{"start":{"line":334,"column":4},"end":{"line":336,"column":null}},"type":"if","locations":[{"start":{"line":334,"column":4},"end":{"line":336,"column":null}},{"start":{},"end":{}}],"line":334},"39":{"loc":{"start":{"line":334,"column":8},"end":{"line":334,"column":69}},"type":"binary-expr","locations":[{"start":{"line":334,"column":8},"end":{"line":334,"column":19}},{"start":{"line":334,"column":19},"end":{"line":334,"column":37}},{"start":{"line":334,"column":37},"end":{"line":334,"column":69}}],"line":334},"40":{"loc":{"start":{"line":340,"column":26},"end":{"line":340,"column":null}},"type":"binary-expr","locations":[{"start":{"line":340,"column":26},"end":{"line":340,"column":63}},{"start":{"line":340,"column":63},"end":{"line":340,"column":null}}],"line":340},"41":{"loc":{"start":{"line":342,"column":37},"end":{"line":344,"column":null}},"type":"cond-expr","locations":[{"start":{"line":342,"column":117},"end":{"line":343,"column":null}},{"start":{"line":344,"column":6},"end":{"line":344,"column":null}}],"line":342},"42":{"loc":{"start":{"line":342,"column":37},"end":{"line":342,"column":null}},"type":"binary-expr","locations":[{"start":{"line":342,"column":37},"end":{"line":342,"column":57}},{"start":{"line":342,"column":57},"end":{"line":342,"column":null}}],"line":342},"43":{"loc":{"start":{"line":349,"column":4},"end":{"line":357,"column":null}},"type":"if","locations":[{"start":{"line":349,"column":4},"end":{"line":357,"column":null}},{"start":{},"end":{}}],"line":349},"44":{"loc":{"start":{"line":366,"column":4},"end":{"line":368,"column":null}},"type":"if","locations":[{"start":{"line":366,"column":4},"end":{"line":368,"column":null}},{"start":{},"end":{}}],"line":366},"45":{"loc":{"start":{"line":366,"column":8},"end":{"line":366,"column":49}},"type":"binary-expr","locations":[{"start":{"line":366,"column":8},"end":{"line":366,"column":20}},{"start":{"line":366,"column":20},"end":{"line":366,"column":34}},{"start":{"line":366,"column":34},"end":{"line":366,"column":49}}],"line":366},"46":{"loc":{"start":{"line":370,"column":4},"end":{"line":378,"column":null}},"type":"if","locations":[{"start":{"line":370,"column":4},"end":{"line":378,"column":null}},{"start":{},"end":{}}],"line":370},"47":{"loc":{"start":{"line":370,"column":8},"end":{"line":370,"column":35}},"type":"binary-expr","locations":[{"start":{"line":370,"column":8},"end":{"line":370,"column":24}},{"start":{"line":370,"column":24},"end":{"line":370,"column":35}}],"line":370},"48":{"loc":{"start":{"line":380,"column":4},"end":{"line":388,"column":null}},"type":"if","locations":[{"start":{"line":380,"column":4},"end":{"line":388,"column":null}},{"start":{},"end":{}}],"line":380},"49":{"loc":{"start":{"line":380,"column":8},"end":{"line":380,"column":97}},"type":"binary-expr","locations":[{"start":{"line":380,"column":8},"end":{"line":380,"column":24}},{"start":{"line":380,"column":24},"end":{"line":380,"column":97}}],"line":380},"50":{"loc":{"start":{"line":390,"column":4},"end":{"line":398,"column":null}},"type":"if","locations":[{"start":{"line":390,"column":4},"end":{"line":398,"column":null}},{"start":{},"end":{}}],"line":390},"51":{"loc":{"start":{"line":400,"column":4},"end":{"line":408,"column":null}},"type":"if","locations":[{"start":{"line":400,"column":4},"end":{"line":408,"column":null}},{"start":{},"end":{}}],"line":400},"52":{"loc":{"start":{"line":400,"column":8},"end":{"line":400,"column":34}},"type":"binary-expr","locations":[{"start":{"line":400,"column":8},"end":{"line":400,"column":24}},{"start":{"line":400,"column":24},"end":{"line":400,"column":34}}],"line":400},"53":{"loc":{"start":{"line":410,"column":22},"end":{"line":410,"column":null}},"type":"binary-expr","locations":[{"start":{"line":410,"column":22},"end":{"line":410,"column":35}},{"start":{"line":410,"column":35},"end":{"line":410,"column":null}}],"line":410},"54":{"loc":{"start":{"line":411,"column":4},"end":{"line":419,"column":null}},"type":"if","locations":[{"start":{"line":411,"column":4},"end":{"line":419,"column":null}},{"start":{},"end":{}}],"line":411},"55":{"loc":{"start":{"line":411,"column":8},"end":{"line":411,"column":50}},"type":"binary-expr","locations":[{"start":{"line":411,"column":8},"end":{"line":411,"column":22}},{"start":{"line":411,"column":22},"end":{"line":411,"column":35}},{"start":{"line":411,"column":35},"end":{"line":411,"column":50}}],"line":411},"56":{"loc":{"start":{"line":422,"column":20},"end":{"line":422,"column":null}},"type":"binary-expr","locations":[{"start":{"line":422,"column":20},"end":{"line":422,"column":53}},{"start":{"line":422,"column":53},"end":{"line":422,"column":null}}],"line":422},"57":{"loc":{"start":{"line":426,"column":4},"end":{"line":428,"column":null}},"type":"if","locations":[{"start":{"line":426,"column":4},"end":{"line":428,"column":null}},{"start":{},"end":{}}],"line":426},"58":{"loc":{"start":{"line":432,"column":4},"end":{"line":440,"column":null}},"type":"if","locations":[{"start":{"line":432,"column":4},"end":{"line":440,"column":null}},{"start":{},"end":{}}],"line":432},"59":{"loc":{"start":{"line":432,"column":8},"end":{"line":432,"column":42}},"type":"binary-expr","locations":[{"start":{"line":432,"column":8},"end":{"line":432,"column":21}},{"start":{"line":432,"column":21},"end":{"line":432,"column":42}}],"line":432},"60":{"loc":{"start":{"line":442,"column":27},"end":{"line":442,"column":null}},"type":"binary-expr","locations":[{"start":{"line":442,"column":27},"end":{"line":442,"column":41}},{"start":{"line":442,"column":41},"end":{"line":442,"column":65}},{"start":{"line":442,"column":65},"end":{"line":442,"column":79}},{"start":{"line":442,"column":79},"end":{"line":442,"column":null}}],"line":442},"61":{"loc":{"start":{"line":444,"column":4},"end":{"line":446,"column":null}},"type":"if","locations":[{"start":{"line":444,"column":4},"end":{"line":446,"column":null}},{"start":{},"end":{}}],"line":444},"62":{"loc":{"start":{"line":444,"column":8},"end":{"line":444,"column":56}},"type":"binary-expr","locations":[{"start":{"line":444,"column":8},"end":{"line":444,"column":27}},{"start":{"line":444,"column":27},"end":{"line":444,"column":41}},{"start":{"line":444,"column":41},"end":{"line":444,"column":56}}],"line":444},"63":{"loc":{"start":{"line":455,"column":6},"end":{"line":481,"column":null}},"type":"if","locations":[{"start":{"line":455,"column":6},"end":{"line":481,"column":null}},{"start":{},"end":{}}],"line":455},"64":{"loc":{"start":{"line":460,"column":8},"end":{"line":471,"column":null}},"type":"if","locations":[{"start":{"line":460,"column":8},"end":{"line":471,"column":null}},{"start":{},"end":{}}],"line":460},"65":{"loc":{"start":{"line":464,"column":21},"end":{"line":464,"column":null}},"type":"binary-expr","locations":[{"start":{"line":464,"column":21},"end":{"line":464,"column":43}},{"start":{"line":464,"column":43},"end":{"line":464,"column":null}}],"line":464},"66":{"loc":{"start":{"line":473,"column":8},"end":{"line":480,"column":null}},"type":"if","locations":[{"start":{"line":473,"column":8},"end":{"line":480,"column":null}},{"start":{},"end":{}}],"line":473},"67":{"loc":{"start":{"line":483,"column":6},"end":{"line":536,"column":null}},"type":"if","locations":[{"start":{"line":483,"column":6},"end":{"line":536,"column":null}},{"start":{},"end":{}}],"line":483},"68":{"loc":{"start":{"line":491,"column":8},"end":{"line":500,"column":null}},"type":"if","locations":[{"start":{"line":491,"column":8},"end":{"line":500,"column":null}},{"start":{"line":496,"column":15},"end":{"line":500,"column":null}}],"line":491},"69":{"loc":{"start":{"line":503,"column":33},"end":{"line":503,"column":null}},"type":"binary-expr","locations":[{"start":{"line":503,"column":33},"end":{"line":503,"column":55}},{"start":{"line":503,"column":55},"end":{"line":503,"column":null}}],"line":503},"70":{"loc":{"start":{"line":507,"column":21},"end":{"line":507,"column":null}},"type":"binary-expr","locations":[{"start":{"line":507,"column":21},"end":{"line":507,"column":42}},{"start":{"line":507,"column":42},"end":{"line":507,"column":null}}],"line":507},"71":{"loc":{"start":{"line":510,"column":10},"end":{"line":527,"column":null}},"type":"if","locations":[{"start":{"line":510,"column":10},"end":{"line":527,"column":null}},{"start":{},"end":{}}],"line":510},"72":{"loc":{"start":{"line":512,"column":28},"end":{"line":514,"column":null}},"type":"cond-expr","locations":[{"start":{"line":513,"column":18},"end":{"line":513,"column":null}},{"start":{"line":514,"column":18},"end":{"line":514,"column":null}}],"line":512},"73":{"loc":{"start":{"line":524,"column":29},"end":{"line":524,"column":null}},"type":"binary-expr","locations":[{"start":{"line":524,"column":29},"end":{"line":524,"column":55}},{"start":{"line":524,"column":55},"end":{"line":524,"column":null}}],"line":524},"74":{"loc":{"start":{"line":538,"column":6},"end":{"line":585,"column":null}},"type":"if","locations":[{"start":{"line":538,"column":6},"end":{"line":585,"column":null}},{"start":{},"end":{}}],"line":538},"75":{"loc":{"start":{"line":551,"column":33},"end":{"line":551,"column":null}},"type":"binary-expr","locations":[{"start":{"line":551,"column":33},"end":{"line":551,"column":55}},{"start":{"line":551,"column":55},"end":{"line":551,"column":null}}],"line":551},"76":{"loc":{"start":{"line":552,"column":32},"end":{"line":552,"column":null}},"type":"binary-expr","locations":[{"start":{"line":552,"column":32},"end":{"line":552,"column":52}},{"start":{"line":552,"column":52},"end":{"line":552,"column":null}}],"line":552},"77":{"loc":{"start":{"line":552,"column":52},"end":{"line":552,"column":null}},"type":"cond-expr","locations":[{"start":{"line":552,"column":69},"end":{"line":552,"column":88}},{"start":{"line":552,"column":88},"end":{"line":552,"column":null}}],"line":552},"78":{"loc":{"start":{"line":555,"column":12},"end":{"line":557,"column":null}},"type":"if","locations":[{"start":{"line":555,"column":12},"end":{"line":557,"column":null}},{"start":{},"end":{}}],"line":555},"79":{"loc":{"start":{"line":555,"column":16},"end":{"line":555,"column":48}},"type":"binary-expr","locations":[{"start":{"line":555,"column":16},"end":{"line":555,"column":31}},{"start":{"line":555,"column":31},"end":{"line":555,"column":48}}],"line":555},"80":{"loc":{"start":{"line":572,"column":21},"end":{"line":572,"column":null}},"type":"binary-expr","locations":[{"start":{"line":572,"column":21},"end":{"line":572,"column":42}},{"start":{"line":572,"column":42},"end":{"line":572,"column":null}}],"line":572},"81":{"loc":{"start":{"line":587,"column":6},"end":{"line":633,"column":null}},"type":"if","locations":[{"start":{"line":587,"column":6},"end":{"line":633,"column":null}},{"start":{},"end":{}}],"line":587},"82":{"loc":{"start":{"line":588,"column":56},"end":{"line":588,"column":124}},"type":"cond-expr","locations":[{"start":{"line":588,"column":83},"end":{"line":588,"column":119}},{"start":{"line":588,"column":119},"end":{"line":588,"column":124}}],"line":588},"83":{"loc":{"start":{"line":601,"column":33},"end":{"line":601,"column":null}},"type":"binary-expr","locations":[{"start":{"line":601,"column":33},"end":{"line":601,"column":55}},{"start":{"line":601,"column":55},"end":{"line":601,"column":null}}],"line":601},"84":{"loc":{"start":{"line":604,"column":12},"end":{"line":613,"column":null}},"type":"if","locations":[{"start":{"line":604,"column":12},"end":{"line":613,"column":null}},{"start":{},"end":{}}],"line":604},"85":{"loc":{"start":{"line":619,"column":21},"end":{"line":619,"column":null}},"type":"binary-expr","locations":[{"start":{"line":619,"column":21},"end":{"line":619,"column":42}},{"start":{"line":619,"column":42},"end":{"line":619,"column":null}}],"line":619},"86":{"loc":{"start":{"line":637,"column":6},"end":{"line":639,"column":null}},"type":"if","locations":[{"start":{"line":637,"column":6},"end":{"line":639,"column":null}},{"start":{},"end":{}}],"line":637},"87":{"loc":{"start":{"line":640,"column":6},"end":{"line":651,"column":null}},"type":"if","locations":[{"start":{"line":640,"column":6},"end":{"line":651,"column":null}},{"start":{},"end":{}}],"line":640},"88":{"loc":{"start":{"line":642,"column":10},"end":{"line":644,"column":null}},"type":"if","locations":[{"start":{"line":642,"column":10},"end":{"line":644,"column":null}},{"start":{},"end":{}}],"line":642},"89":{"loc":{"start":{"line":648,"column":23},"end":{"line":648,"column":null}},"type":"cond-expr","locations":[{"start":{"line":648,"column":43},"end":{"line":648,"column":50}},{"start":{"line":648,"column":50},"end":{"line":648,"column":null}}],"line":648},"90":{"loc":{"start":{"line":657,"column":11},"end":{"line":657,"column":null}},"type":"cond-expr","locations":[{"start":{"line":657,"column":48},"end":{"line":657,"column":65}},{"start":{"line":657,"column":65},"end":{"line":657,"column":null}}],"line":657},"91":{"loc":{"start":{"line":663,"column":4},"end":{"line":665,"column":null}},"type":"if","locations":[{"start":{"line":663,"column":4},"end":{"line":665,"column":null}},{"start":{},"end":{}}],"line":663},"92":{"loc":{"start":{"line":663,"column":8},"end":{"line":663,"column":66}},"type":"binary-expr","locations":[{"start":{"line":663,"column":8},"end":{"line":663,"column":37}},{"start":{"line":663,"column":37},"end":{"line":663,"column":54}},{"start":{"line":663,"column":54},"end":{"line":663,"column":66}}],"line":663},"93":{"loc":{"start":{"line":672,"column":36},"end":{"line":672,"column":90}},"type":"cond-expr","locations":[{"start":{"line":672,"column":66},"end":{"line":672,"column":88}},{"start":{"line":672,"column":88},"end":{"line":672,"column":90}}],"line":672},"94":{"loc":{"start":{"line":672,"column":36},"end":{"line":672,"column":66}},"type":"binary-expr","locations":[{"start":{"line":672,"column":36},"end":{"line":672,"column":53}},{"start":{"line":672,"column":53},"end":{"line":672,"column":66}}],"line":672},"95":{"loc":{"start":{"line":673,"column":11},"end":{"line":786,"column":null}},"type":"cond-expr","locations":[{"start":{"line":674,"column":12},"end":{"line":704,"column":null}},{"start":{"line":705,"column":14},"end":{"line":786,"column":null}}],"line":673},"96":{"loc":{"start":{"line":705,"column":14},"end":{"line":786,"column":null}},"type":"cond-expr","locations":[{"start":{"line":706,"column":12},"end":{"line":724,"column":null}},{"start":{"line":726,"column":12},"end":{"line":786,"column":null}}],"line":705},"97":{"loc":{"start":{"line":753,"column":74},"end":{"line":753,"column":129}},"type":"cond-expr","locations":[{"start":{"line":753,"column":97},"end":{"line":753,"column":114}},{"start":{"line":753,"column":114},"end":{"line":753,"column":129}}],"line":753},"98":{"loc":{"start":{"line":824,"column":22},"end":{"line":824,"column":null}},"type":"binary-expr","locations":[{"start":{"line":824,"column":22},"end":{"line":824,"column":47}},{"start":{"line":824,"column":47},"end":{"line":824,"column":null}}],"line":824},"99":{"loc":{"start":{"line":825,"column":4},"end":{"line":827,"column":null}},"type":"if","locations":[{"start":{"line":825,"column":4},"end":{"line":827,"column":null}},{"start":{},"end":{}}],"line":825},"100":{"loc":{"start":{"line":829,"column":4},"end":{"line":870,"column":null}},"type":"if","locations":[{"start":{"line":829,"column":4},"end":{"line":870,"column":null}},{"start":{"line":840,"column":11},"end":{"line":870,"column":null}}],"line":829},"101":{"loc":{"start":{"line":831,"column":6},"end":{"line":839,"column":null}},"type":"if","locations":[{"start":{"line":831,"column":6},"end":{"line":839,"column":null}},{"start":{},"end":{}}],"line":831},"102":{"loc":{"start":{"line":831,"column":10},"end":{"line":831,"column":108}},"type":"binary-expr","locations":[{"start":{"line":831,"column":10},"end":{"line":831,"column":22}},{"start":{"line":831,"column":22},"end":{"line":831,"column":63}},{"start":{"line":831,"column":44},"end":{"line":831,"column":108}}],"line":831},"103":{"loc":{"start":{"line":842,"column":6},"end":{"line":856,"column":null}},"type":"if","locations":[{"start":{"line":842,"column":6},"end":{"line":856,"column":null}},{"start":{},"end":{}}],"line":842},"104":{"loc":{"start":{"line":843,"column":8},"end":{"line":847,"column":null}},"type":"binary-expr","locations":[{"start":{"line":843,"column":8},"end":{"line":843,"column":null}},{"start":{"line":844,"column":8},"end":{"line":844,"column":null}},{"start":{"line":844,"column":30},"end":{"line":845,"column":null}},{"start":{"line":846,"column":8},"end":{"line":846,"column":null}},{"start":{"line":847,"column":8},"end":{"line":847,"column":null}}],"line":843},"105":{"loc":{"start":{"line":858,"column":6},"end":{"line":869,"column":null}},"type":"if","locations":[{"start":{"line":858,"column":6},"end":{"line":869,"column":null}},{"start":{},"end":{}}],"line":858},"106":{"loc":{"start":{"line":859,"column":8},"end":{"line":860,"column":null}},"type":"binary-expr","locations":[{"start":{"line":859,"column":8},"end":{"line":859,"column":null}},{"start":{"line":859,"column":40},"end":{"line":860,"column":null}}],"line":859},"107":{"loc":{"start":{"line":872,"column":10},"end":{"line":872,"column":null}},"type":"binary-expr","locations":[{"start":{"line":872,"column":10},"end":{"line":872,"column":72}},{"start":{"line":872,"column":72},"end":{"line":872,"column":null}}],"line":872}},"s":{"0":0,"1":0,"2":0,"3":0,"4":0,"5":0,"6":0,"7":0,"8":0,"9":0,"10":0,"11":0,"12":0,"13":0,"14":0,"15":0,"16":0,"17":0,"18":0,"19":0,"20":0,"21":0,"22":0,"23":0,"24":0,"25":0,"26":0,"27":0,"28":0,"29":0,"30":0,"31":0,"32":0,"33":0,"34":0,"35":0,"36":0,"37":0,"38":0,"39":0,"40":0,"41":0,"42":0,"43":0,"44":0,"45":0,"46":0,"47":0,"48":0,"49":0,"50":0,"51":0,"52":0,"53":0,"54":0,"55":0,"56":0,"57":0,"58":0,"59":0,"60":0,"61":0,"62":0,"63":0,"64":0,"65":0,"66":0,"67":0,"68":0,"69":0,"70":0,"71":0,"72":0,"73":0,"74":0,"75":0,"76":0,"77":0,"78":0,"79":0,"80":0,"81":0,"82":0,"83":0,"84":0,"85":0,"86":0,"87":0,"88":0,"89":0,"90":0,"91":0,"92":0,"93":0,"94":0,"95":0,"96":0,"97":0,"98":0,"99":0,"100":0,"101":0,"102":0,"103":0,"104":0,"105":0,"106":0,"107":0,"108":0,"109":0,"110":0,"111":0,"112":0,"113":0,"114":0,"115":0,"116":0,"117":0,"118":0,"119":0,"120":0,"121":0,"122":0,"123":0,"124":0,"125":0,"126":0,"127":0,"128":0,"129":0,"130":0,"131":0,"132":0,"133":0,"134":0,"135":0,"136":0,"137":0,"138":0,"139":0,"140":0,"141":0,"142":0,"143":0,"144":0,"145":0,"146":0,"147":0,"148":0,"149":0,"150":0,"151":0,"152":0,"153":0,"154":0,"155":0,"156":0,"157":0,"158":0,"159":0,"160":0,"161":0,"162":0,"163":0,"164":0,"165":0,"166":0,"167":0,"168":0,"169":0,"170":0,"171":0,"172":0,"173":0,"174":0,"175":0,"176":0,"177":0,"178":0,"179":0,"180":0,"181":0,"182":0,"183":0,"184":0,"185":0,"186":0,"187":0,"188":0,"189":0,"190":0,"191":0,"192":0,"193":0,"194":0,"195":0,"196":0,"197":0,"198":0,"199":0,"200":0,"201":0,"202":0,"203":0,"204":0,"205":0,"206":0,"207":0,"208":0,"209":0,"210":0,"211":0,"212":0,"213":0,"214":0,"215":0,"216":0,"217":0,"218":0,"219":0,"220":0,"221":0,"222":0,"223":0,"224":0,"225":0,"226":0,"227":0,"228":0,"229":0,"230":0,"231":0,"232":0,"233":0,"234":0,"235":0,"236":0,"237":0,"238":0,"239":0,"240":0,"241":0,"242":0,"243":0,"244":0,"245":0,"246":0,"247":0,"248":0,"249":0,"250":0,"251":0,"252":0,"253":0,"254":0,"255":0,"256":0,"257":0,"258":0,"259":0,"260":0,"261":0,"262":0,"263":0,"264":0,"265":0,"266":0,"267":0,"268":0,"269":0,"270":0,"271":0,"272":0,"273":0,"274":0,"275":0,"276":0,"277":0,"278":0,"279":0,"280":0,"281":0,"282":0,"283":0,"284":0,"285":0,"286":0,"287":0,"288":0,"289":0,"290":0,"291":0,"292":0,"293":0,"294":0,"295":0,"296":0,"297":0,"298":0,"299":0,"300":0,"301":0,"302":0,"303":0,"304":0,"305":0,"306":0,"307":0,"308":0,"309":0,"310":0,"311":0,"312":0,"313":0,"314":0,"315":0,"316":0,"317":0,"318":0,"319":0,"320":0,"321":0,"322":0,"323":0,"324":0,"325":0,"326":0,"327":0,"328":0,"329":0,"330":0,"331":0,"332":0,"333":0,"334":0,"335":0,"336":0,"337":0,"338":0,"339":0,"340":0,"341":0,"342":0,"343":0,"344":0,"345":0,"346":0,"347":0,"348":0,"349":0,"350":0,"351":0,"352":0,"353":0,"354":0,"355":0,"356":0,"357":0,"358":0,"359":0,"360":0,"361":0,"362":0,"363":0,"364":0,"365":0,"366":0,"367":0,"368":0,"369":0,"370":0},"f":{"0":0,"1":0,"2":0,"3":0,"4":0,"5":0,"6":0,"7":0,"8":0,"9":0,"10":0,"11":0,"12":0,"13":0,"14":0,"15":0,"16":0,"17":0,"18":0,"19":0,"20":0,"21":0,"22":0,"23":0,"24":0,"25":0,"26":0,"27":0,"28":0,"29":0,"30":0,"31":0,"32":0,"33":0,"34":0,"35":0,"36":0,"37":0,"38":0,"39":0,"40":0,"41":0,"42":0,"43":0,"44":0,"45":0,"46":0,"47":0,"48":0,"49":0,"50":0,"51":0,"52":0,"53":0,"54":0,"55":0,"56":0,"57":0,"58":0,"59":0,"60":0,"61":0,"62":0,"63":0,"64":0,"65":0,"66":0,"67":0,"68":0,"69":0,"70":0,"71":0,"72":0,"73":0,"74":0,"75":0,"76":0,"77":0,"78":0,"79":0,"80":0,"81":0,"82":0,"83":0,"84":0,"85":0,"86":0,"87":0,"88":0,"89":0,"90":0,"91":0,"92":0,"93":0,"94":0,"95":0,"96":0,"97":0,"98":0,"99":0,"100":0,"101":0,"102":0},"b":{"0":[0,0],"1":[0,0],"2":[0,0],"3":[0,0],"4":[0,0],"5":[0,0],"6":[0,0],"7":[0,0],"8":[0,0],"9":[0,0],"10":[0,0],"11":[0,0],"12":[0,0],"13":[0,0],"14":[0,0],"15":[0,0],"16":[0,0],"17":[0,0],"18":[0,0],"19":[0,0],"20":[0,0],"21":[0,0],"22":[0,0],"23":[0,0],"24":[0,0],"25":[0,0],"26":[0,0],"27":[0,0],"28":[0,0],"29":[0,0],"30":[0,0],"31":[0,0],"32":[0,0],"33":[0,0],"34":[0,0],"35":[0,0],"36":[0,0],"37":[0,0],"38":[0,0],"39":[0,0,0],"40":[0,0],"41":[0,0],"42":[0,0],"43":[0,0],"44":[0,0],"45":[0,0,0],"46":[0,0],"47":[0,0],"48":[0,0],"49":[0,0],"50":[0,0],"51":[0,0],"52":[0,0],"53":[0,0],"54":[0,0],"55":[0,0,0],"56":[0,0],"57":[0,0],"58":[0,0],"59":[0,0],"60":[0,0,0,0],"61":[0,0],"62":[0,0,0],"63":[0,0],"64":[0,0],"65":[0,0],"66":[0,0],"67":[0,0],"68":[0,0],"69":[0,0],"70":[0,0],"71":[0,0],"72":[0,0],"73":[0,0],"74":[0,0],"75":[0,0],"76":[0,0],"77":[0,0],"78":[0,0],"79":[0,0],"80":[0,0],"81":[0,0],"82":[0,0],"83":[0,0],"84":[0,0],"85":[0,0],"86":[0,0],"87":[0,0],"88":[0,0],"89":[0,0],"90":[0,0],"91":[0,0],"92":[0,0,0],"93":[0,0],"94":[0,0],"95":[0,0],"96":[0,0],"97":[0,0],"98":[0,0],"99":[0,0],"100":[0,0],"101":[0,0],"102":[0,0,0],"103":[0,0],"104":[0,0,0,0,0],"105":[0,0],"106":[0,0],"107":[0,0]},"meta":{"lastBranch":108,"lastFunction":103,"lastStatement":371,"seen":{"s:39:32:39:Infinity":0,"s:40:32:40:Infinity":1,"s:41:28:41:Infinity":2,"s:42:28:48:Infinity":3,"s:50:25:57:Infinity":4,"f:50:25:50:26":0,"s:51:15:51:Infinity":5,"b:51:15:51:28:51:28:51:Infinity":0,"s:52:14:52:Infinity":6,"b:53:2:55:Infinity:undefined:undefined:undefined:undefined":1,"s:53:2:55:Infinity":7,"s:54:4:54:Infinity":8,"s:56:2:56:Infinity":9,"s:59:23:84:Infinity":10,"f:59:23:59:24":1,"s:60:23:60:Infinity":11,"s:61:8:61:Infinity":12,"b:61:16:61:29:61:29:61:33":2,"b:63:2:65:Infinity:undefined:undefined:undefined:undefined":3,"s:63:2:65:Infinity":13,"s:64:4:64:Infinity":14,"b:67:2:69:Infinity:undefined:undefined:undefined:undefined":4,"s:67:2:69:Infinity":15,"s:68:4:68:Infinity":16,"b:71:2:73:Infinity:undefined:undefined:undefined:undefined":5,"s:71:2:73:Infinity":17,"s:72:4:72:Infinity":18,"b:75:2:77:Infinity:undefined:undefined:undefined:undefined":6,"s:75:2:77:Infinity":19,"s:76:4:76:Infinity":20,"b:79:2:81:Infinity:undefined:undefined:undefined:undefined":7,"s:79:2:81:Infinity":21,"b:79:6:79:32:79:32:79:55":8,"s:80:4:80:Infinity":22,"s:83:2:83:Infinity":23,"s:86:19:814:Infinity":24,"f:86:19:86:25":2,"s:99:2:99:Infinity":25,"s:101:42:101:Infinity":26,"s:102:34:102:Infinity":27,"s:103:34:103:Infinity":28,"s:105:42:108:Infinity":29,"f:105:74:105:80":3,"s:106:19:106:Infinity":30,"s:107:4:107:Infinity":31,"b:107:20:107:41:107:41:107:Infinity":9,"s:110:24:110:Infinity":32,"s:111:30:111:Infinity":33,"s:112:66:112:Infinity":34,"s:113:38:113:Infinity":35,"s:114:34:114:Infinity":36,"s:115:56:115:Infinity":37,"s:116:50:116:Infinity":38,"s:117:44:117:Infinity":39,"s:119:8:119:Infinity":40,"s:120:8:120:Infinity":41,"f:120:27:120:33":4,"s:120:33:120:79":42,"b:120:33:120:67:120:67:120:79":10,"s:121:8:121:Infinity":43,"f:121:30:121:36":5,"s:121:36:121:91":44,"b:121:36:121:77:121:77:121:91":11,"s:122:8:122:Infinity":45,"s:123:8:123:Infinity":46,"s:124:24:124:Infinity":47,"s:125:21:125:Infinity":48,"s:127:41:130:Infinity":49,"f:128:14:128:15":6,"s:128:30:128:Infinity":50,"f:128:39:128:47":7,"s:128:47:128:70":51,"f:129:13:129:14":8,"s:129:24:129:Infinity":52,"s:132:28:139:Infinity":53,"f:132:28:132:29":9,"s:133:4:138:Infinity":54,"f:133:23:133:24":10,"s:134:21:134:Infinity":55,"s:135:6:135:Infinity":56,"f:135:22:135:28":11,"s:135:28:135:Infinity":57,"s:136:6:136:Infinity":58,"f:136:23:136:29":12,"s:136:29:136:Infinity":59,"b:136:36:136:52:136:52:136:90":12,"s:137:6:137:Infinity":60,"s:141:33:186:Infinity":61,"f:141:33:141:40":13,"b:142:4:144:Infinity:undefined:undefined:undefined:undefined":13,"s:142:4:144:Infinity":62,"s:143:6:143:Infinity":63,"b:146:4:149:Infinity:undefined:undefined:undefined:undefined":14,"s:146:4:149:Infinity":64,"f:146:34:146:48":14,"s:146:48:146:78":65,"s:147:6:147:Infinity":66,"s:148:
[...]
"4":{"start":{"line":37,"column":18},"end":{"line":37,"column":null}},"5":{"start":{"line":37,"column":19},"end":{"line":37,"column":null}},"6":{"start":{"line":39,"column":35},"end":{"line":72,"column":null}},"7":{"start":{"line":44,"column":26},"end":{"line":44,"column":null}},"8":{"start":{"line":45,"column":2},"end":{"line":47,"column":null}},"9":{"start":{"line":46,"column":4},"end":{"line":46,"column":null}},"10":{"start":{"line":49,"column":2},"end":{"line":51,"column":null}},"11":{"start":{"line":50,"column":4},"end":{"line":50,"column":null}},"12":{"start":{"line":52,"column":2},"end":{"line":54,"column":null}},"13":{"start":{"line":53,"column":4},"end":{"line":53,"column":null}},"14":{"start":{"line":56,"column":2},"end":{"line":58,"column":null}},"15":{"start":{"line":56,"column":42},"end":{"line":56,"column":75}},"16":{"start":{"line":57,"column":4},"end":{"line":57,"column":null}},"17":{"start":{"line":60,"column":2},"end":{"line":62,"column":null}},"18":{"start":{"line":60,"column":42},"end":{"line":60,"column":75}},"19":{"start":{"line":61,"column":4},"end":{"line":61,"column":null}},"20":{"start":{"line":64,"column":2},"end":{"line":66,"column":null}},"21":{"start":{"line":65,"column":4},"end":{"line":65,"column":null}},"22":{"start":{"line":67,"column":2},"end":{"line":69,"column":null}},"23":{"start":{"line":68,"column":4},"end":{"line":68,"column":null}},"24":{"start":{"line":71,"column":2},"end":{"line":71,"column":null}},"25":{"start":{"line":74,"column":45},"end":{"line":98,"column":null}},"26":{"start":{"line":78,"column":2},"end":{"line":89,"column":null}},"27":{"start":{"line":79,"column":20},"end":{"line":79,"column":null}},"28":{"start":{"line":80,"column":19},"end":{"line":80,"column":null}},"29":{"start":{"line":81,"column":18},"end":{"line":81,"column":null}},"30":{"start":{"line":82,"column":4},"end":{"line":84,"column":null}},"31":{"start":{"line":83,"column":6},"end":{"line":83,"column":null}},"32":{"start":{"line":85,"column":4},"end":{"line":87,"column":null}},"33":{"start":{"line":86,"column":6},"end":{"line":86,"column":null}},"34":{"start":{"line":88,"column":4},"end":{"line":88,"column":null}},"35":{"start":{"line":91,"column":2},"end":{"line":93,"column":null}},"36":{"start":{"line":92,"column":4},"end":{"line":92,"column":null}},"37":{"start":{"line":94,"column":2},"end":{"line":96,"column":null}},"38":{"start":{"line":95,"column":4},"end":{"line":95,"column":null}},"39":{"start":{"line":97,"column":2},"end":{"line":97,"column":null}},"40":{"start":{"line":100,"column":38},"end":{"line":114,"column":null}},"41":{"start":{"line":104,"column":2},"end":{"line":109,"column":null}},"42":{"start":{"line":105,"column":4},"end":{"line":107,"column":null}},"43":{"start":{"line":106,"column":6},"end":{"line":106,"column":null}},"44":{"start":{"line":108,"column":4},"end":{"line":108,"column":null}},"45":{"start":{"line":110,"column":2},"end":{"line":112,"column":null}},"46":{"start":{"line":111,"column":4},"end":{"line":111,"column":null}},"47":{"start":{"line":113,"column":2},"end":{"line":113,"column":null}},"48":{"start":{"line":116,"column":39},"end":{"line":117,"column":null}},"49":{"start":{"line":117,"column":2},"end":{"line":117,"column":null}}},"fnMap":{"0":{"name":"(anonymous_0)","decl":{"start":{"line":37,"column":18},"end":{"line":37,"column":19}},"loc":{"start":{"line":37,"column":19},"end":{"line":37,"column":null}},"line":37},"1":{"name":"(anonymous_1)","decl":{"start":{"line":39,"column":35},"end":{"line":39,"column":null}},"loc":{"start":{"line":43,"column":14},"end":{"line":72,"column":null}},"line":43},"2":{"name":"(anonymous_2)","decl":{"start":{"line":56,"column":29},"end":{"line":56,"column":30}},"loc":{"start":{"line":56,"column":42},"end":{"line":56,"column":75}},"line":56},"3":{"name":"(anonymous_3)","decl":{"start":{"line":60,"column":29},"end":{"line":60,"column":30}},"loc":{"start":{"line":60,"column":42},"end":{"line":60,"column":75}},"line":60},"4":{"name":"(anonymous_4)","decl":{"start":{"line":74,"column":45},"end":{"line":74,"column":null}},"loc":{"start":{"line":77,"column":20},"end":{"line":98,"column":null}},"line":77},"5":{"name":"(anonymous_5)","decl":{"start":{"line":100,"column":38},"end":{"line":100,"column":null}},"loc":{"start":{"line":103,"column":14},"end":{"line":114,"column":null}},"line":103},"6":{"name":"(anonymous_6)","decl":{"start":{"line":116,"column":39},"end":{"line":116,"column":40}},"loc":{"start":{"line":117,"column":2},"end":{"line":117,"column":null}},"line":117}},"branchMap":{"0":{"loc":{"start":{"line":37,"column":54},"end":{"line":37,"column":67}},"type":"binary-expr","locations":[{"start":{"line":37,"column":54},"end":{"line":37,"column":63}},{"start":{"line":37,"column":63},"end":{"line":37,"column":67}}],"line":37},"1":{"loc":{"start":{"line":45,"column":2},"end":{"line":47,"column":null}},"type":"if","locations":[{"start":{"line":45,"column":2},"end":{"line":47,"column":null}},{"start":{},"end":{}}],"line":45},"2":{"loc":{"start":{"line":49,"column":2},"end":{"line":51,"column":null}},"type":"if","locations":[{"start":{"line":49,"column":2},"end":{"line":51,"column":null}},{"start":{},"end":{}}],"line":49},"3":{"loc":{"start":{"line":52,"column":2},"end":{"line":54,"column":null}},"type":"if","locations":[{"start":{"line":52,"column":2},"end":{"line":54,"column":null}},{"start":{},"end":{}}],"line":52},"4":{"loc":{"start":{"line":56,"column":2},"end":{"line":58,"column":null}},"type":"if","locations":[{"start":{"line":56,"column":2},"end":{"line":58,"column":null}},{"start":{},"end":{}}],"line":56},"5":{"loc":{"start":{"line":60,"column":2},"end":{"line":62,"column":null}},"type":"if","locations":[{"start":{"line":60,"column":2},"end":{"line":62,"column":null}},{"start":{},"end":{}}],"line":60},"6":{"loc":{"start":{"line":64,"column":2},"end":{"line":66,"column":null}},"type":"if","locations":[{"start":{"line":64,"column":2},"end":{"line":66,"column":null}},{"start":{},"end":{}}],"line":64},"7":{"loc":{"start":{"line":64,"column":6},"end":{"line":64,"column":93}},"type":"binary-expr","locations":[{"start":{"line":64,"column":6},"end":{"line":64,"column":35}},{"start":{"line":64,"column":35},"end":{"line":64,"column":93}}],"line":64},"8":{"loc":{"start":{"line":67,"column":2},"end":{"line":69,"column":null}},"type":"if","locations":[{"start":{"line":67,"column":2},"end":{"line":69,"column":null}},{"start":{},"end":{}}],"line":67},"9":{"loc":{"start":{"line":67,"column":6},"end":{"line":67,"column":95}},"type":"binary-expr","locations":[{"start":{"line":67,"column":6},"end":{"line":67,"column":36}},{"start":{"line":67,"column":36},"end":{"line":67,"column":95}}],"line":67},"10":{"loc":{"start":{"line":78,"column":2},"end":{"line":89,"column":null}},"type":"if","locations":[{"start":{"line":78,"column":2},"end":{"line":89,"column":null}},{"start":{},"end":{}}],"line":78},"11":{"loc":{"start":{"line":82,"column":4},"end":{"line":84,"column":null}},"type":"if","locations":[{"start":{"line":82,"column":4},"end":{"line":84,"column":null}},{"start":{},"end":{}}],"line":82},"12":{"loc":{"start":{"line":82,"column":8},"end":{"line":82,"column":29}},"type":"binary-expr","locations":[{"start":{"line":82,"column":8},"end":{"line":82,"column":20}},{"start":{"line":82,"column":20},"end":{"line":82,"column":29}}],"line":82},"13":{"loc":{"start":{"line":85,"column":4},"end":{"line":87,"column":null}},"type":"if","locations":[{"start":{"line":85,"column":4},"end":{"line":87,"column":null}},{"start":{},"end":{}}],"line":85},"14":{"loc":{"start":{"line":91,"column":2},"end":{"line":93,"column":null}},"type":"if","locations":[{"start":{"line":91,"column":2},"end":{"line":93,"column":null}},{"start":{},"end":{}}],"line":91},"15":{"loc":{"start":{"line":94,"column":2},"end":{"line":96,"column":null}},"type":"if","locations":[{"start":{"line":94,"column":2},"end":{"line":96,"column":null}},{"start":{},"end":{}}],"line":94},"16":{"loc":{"start":{"line":104,"column":2},"end":{"line":109,"column":null}},"type":"if","locations":[{"start":{"line":104,"column":2},"end":{"line":109,"column":null}},{"start":{},"end":{}}],"line":104},"17":{"loc":{"start":{"line":105,"column":4},"end":{"line":107,"column":null}},"type":"if","locations":[{"start":{"line":105,"column":4},"end":{"line":107,"column":null}},{"start":{},"end":{}}],"line":105},"18":{"loc":{"start":{"line":105,"column":8},"end":{"line":105,"column":85}},"type":"binary-expr","locations":[{"start":{"line":105,"column":8},"end":{"line":105,"column":47}},{"start":{"line":105,"column":47},"end":{"line":105,"column":85}}],"line":105},"19":{"loc":{"start":{"line":110,"column":2},"end":{"line":112,"column":null}},"type":"if","locations":[{"start":{"line":110,"column":2},"end":{"line":112,"column":null}},{"start":{},"end":{}}],"line":110},"20":{"loc":{"start":{"line":117,"column":2},"end":{"line":117,"column":null}},"type":"cond-expr","locations":[{"start":{"line":117,"column":31},"end":{"line":117,"column":60}},{"start":{"line":117,"column":60},"end":{"line":117,"column":null}}],"line":117}},"s":{"0":1,"1":1,"2":1,"3":1,"4":1,"5":8,"6":1,"7":8,"8":8,"9":0,"10":8,"11":0,"12":8,"13":0,"14":8,"15":62,"16":2,"17":6,"18":24,"19":6,"20":0,"21":0,"22":0,"23":0,"24":0,"25":1,"26":4,"27":2,"28":2,"29":2,"30":2,"31":1,"32":1,"33":0,"34":1,"35":2,"36":1,"37":1,"38":0,"39":1,"40":1,"41":2,"42":1,"43":0,"44":1,"45":1,"46":0,"47":1,"48":1,"49":2},"f":{"0":8,"1":8,"2":62,"3":24,"4":4,"5":2,"6":2},"b":{"0":[8,0],"1":[0,8],"2":[0,8],"3":[0,8],"4":[2,6],"5":[6,0],"6":[0,0],"7":[0,0],"8":[0,0],"9":[0,0],"10":[2,2],"11":[1,1],"12":[2,1],"13":[0,1],"14":[1,1],"15":[0,1],"16":[1,1],"17":[0,1],"18":[1,1],"19":[0,1],"20":[1,1]},"meta":{"lastBranch":21,"lastFunction":7,"lastStatement":50,"seen":{"s:5:26:19:Infinity":0,"s:21:26:32:Infinity":1,"s:34:41:34:Infinity":2,"s:35:42:35:Infinity":3,"s:37:18:37:Infinity":4,"f:37:18:37:19":0,"s:37:19:37:Infinity":5,"b:37:54:37:63:37:63:37:67":0,"s:39:35:72:Infinity":6,"f:39:35:39:Infinity":1,"s:44:26:44:Infinity":7,"b:45:2:47:Infinity:undefined:undefined:undefined:undefined":1,"s:45:2:47:Infinity":8,"s:46:4:46:Infinity":9,"b:49:2:51:Infinity:undefined:undefined:undefined:undefined":2,"s:49:2:51:Infinity":10,"s:50:4:50:Infinity":11,"b:52:2:54:Infinity:undefined:undefined:undefined:undefined":3,"s:52:2:54:Infinity":12,"s:53:4:53:Infinity":13,"b:56:2:58:Infinity:undefined:undefined:undefined:undefined":4,"s:56:2:58:Infinity":14,"f:56:29:56:30":2,"s:56:42:56:75":15,"s:57:4:57:Infinity":16,"b:60:2:62:Infinity:undefined:undefined:undefined:undefined":5,"s:60:2:62:Infinity":17,"f:60:29:60:30":3,"s:60:42:60:75":18,"s:61:4:61:Infinity":19,"b:64:2:66:Infinity:undefined:undefined:undefined:undefined":6,"s:64:2:66:Infinity":20,"b:64:6:64:35:64:35:64:93":7,"s:65:4:65:Infinity":21,"b:67:2:69:Infinity:undefined:undefined:undefined:undefined":8,"s:67:2:69:Infinity":22,"b:67:6:67:36:67:36:67:95":9,"s:68:4:68:Infinity":23,"s:71:2:71:Infinity":24,"s:74:45:98:Infinity":25,"f:74:45:74:Infinity":4,"b:78:2:89:Infinity:undefined:undefined:undefined:undefined":10,"s:78:2:89:Infinity":26,"s:79:20:79:Infinity":27,"s:80:19:80:Infinity":28,"s:81:18:81:Infinity":29,"b:82:4:84:Infinity:undefined:undefined:undefined:undefined":11,"s:82:4:84:Infinity":30,"b:82:8:82:20:82:20:82:29":12,"s:83:6:83:Infinity":31,"b:85:4:87:Infinity:undefined:undefined:undefined:undefined":13,"s:85:4:87:Infinity":32,"s:86:6:86:Infinity":33,"s:88:4:88:Infinity":34,"b:91:2:93:Infinity:undefined:undefined:undefined:undefined":14,"s:91:2:93:Infinity":35,"s:92:4:92:Infinity":36,"b:94:2:96:Infinity:undefined:undefined:undefined:undefined":15,"s:94:2:96:Infinity":37,"s:95:4:95:Infinity":38,"s:97:2:97:Infinity":39,"s:100:38:114:Infinity":40,"f:100:38:100:Infinity":5,"b:104:2:109:Infinity:undefined:undefined:undefined:undefined":16,"s:104:2:109:Infinity":41,"b:105:4:107:Infinity:undefined:undefined:undefined:undefined":17,"s:105:4:107:Infinity":42,"b:105:8:105:47:105:47:105:85":18,"s:106:6:106:Infinity":43,"s:108:4:108:Infinity":44,"b:110:2:112:Infinity:undefined:undefined:undefined:undefined":19,"s:110:2:112:Infinity":45,"s:111:4:111:Infinity":46,"s:113:2:113:Infinity":47,"s:116:39:117:Infinity":48,"f:116:39:116:40":6,"s:117:2:117:Infinity":49,"b:117:31:117:60:117:60:117:Infinity":20}}}
,"/root/igorekchatbot/web-ui/src/utils/session.ts": {"path":"/root/igorekchatbot/web-ui/src/utils/session.ts","statementMap":{"0":{"start":{"line":1,"column":28},"end":{"line":1,"column":null}},"1":{"start":{"line":2,"column":32},"end":{"line":2,"column":null}},"2":{"start":{"line":3,"column":22},"end":{"line":3,"column":null}},"3":{"start":{"line":5,"column":19},"end":{"line":22,"column":null}},"4":{"start":{"line":6,"column":2},"end":{"line":17,"column":null}},"5":{"start":{"line":7,"column":4},"end":{"line":9,"column":null}},"6":{"start":{"line":8,"column":6},"end":{"line":8,"column":null}},"7":{"start":{"line":11,"column":4},"end":{"line":16,"column":null}},"8":{"start":{"line":12,"column":27},"end":{"line":12,"column":null}},"9":{"start":{"line":13,"column":6},"end":{"line":13,"column":null}},"10":{"start":{"line":14,"column":28},"end":{"line":14,"column":null}},"11":{"start":{"line":15,"column":6},"end":{"line":15,"column":null}},"12":{"start":{"line":19,"column":2},"end":{"line":19,"column":null}},"13":{"start":{"line":20,"column":26},"end":{"line":20,"column":null}},"14":{"start":{"line":21,"column":2},"end":{"line":21,"column":null}},"15":{"start":{"line":24,"column":25},"end":{"line":34,"column":null}},"16":{"start":{"line":25,"column":2},"end":{"line":27,"column":null}},"17":{"start":{"line":26,"column":4},"end":{"line":26,"column":null}},"18":{"start":{"line":28,"column":17},"end":{"line":28,"column":null}},"19":{"start":{"line":29,"column":16},"end":{"line":29,"column":null}},"20":{"start":{"line":30,"column":2},"end":{"line":32,"column":null}},"21":{"start":{"line":31,"column":4},"end":{"line":31,"column":null}},"22":{"start":{"line":33,"column":2},"end":{"line":33,"column":null}},"23":{"start":{"line":36,"column":33},"end":{"line":61,"column":null}},"24":{"start":{"line":37,"column":2},"end":{"line":42,"column":null}},"25":{"start":{"line":38,"column":4},"end":{"line":40,"column":null}},"26":{"start":{"line":39,"column":6},"end":{"line":39,"column":null}},"27":{"start":{"line":41,"column":4},"end":{"line":41,"column":null}},"28":{"start":{"line":44,"column":2},"end":{"line":60,"column":null}},"29":{"start":{"line":45,"column":21},"end":{"line":45,"column":null}},"30":{"start":{"line":46,"column":4},"end":{"line":49,"column":null}},"31":{"start":{"line":47,"column":6},"end":{"line":47,"column":null}},"32":{"start":{"line":48,"column":6},"end":{"line":48,"column":null}},"33":{"start":{"line":50,"column":20},"end":{"line":50,"column":null}},"34":{"start":{"line":51,"column":4},"end":{"line":51,"column":null}},"35":{"start":{"line":52,"column":4},"end":{"line":52,"column":null}},"36":{"start":{"line":53,"column":4},"end":{"line":53,"column":null}},"37":{"start":{"line":55,"column":4},"end":{"line":57,"column":null}},"38":{"start":{"line":56,"column":6},"end":{"line":56,"column":null}},"39":{"start":{"line":58,"column":4},"end":{"line":58,"column":null}},"40":{"start":{"line":59,"column":4},"end":{"line":59,"column":null}}},"fnMap":{"0":{"name":"(anonymous_0)","decl":{"start":{"line":5,"column":19},"end":{"line":5,"column":33}},"loc":{"start":{"line":5,"column":33},"end":{"line":22,"column":null}},"line":5},"1":{"name":"(anonymous_1)","decl":{"start":{"line":24,"column":25},"end":{"line":24,"column":26}},"loc":{"start":{"line":24,"column":48},"end":{"line":34,"column":null}},"line":24},"2":{"name":"(anonymous_2)","decl":{"start":{"line":36,"column":33},"end":{"line":36,"column":47}},"loc":{"start":{"line":36,"column":47},"end":{"line":61,"column":null}},"line":36}},"branchMap":{"0":{"loc":{"start":{"line":6,"column":2},"end":{"line":17,"column":null}},"type":"if","locations":[{"start":{"line":6,"column":2},"end":{"line":17,"column":null}},{"start":{},"end":{}}],"line":6},"1":{"loc":{"start":{"line":7,"column":4},"end":{"line":9,"column":null}},"type":"if","locations":[{"start":{"line":7,"column":4},"end":{"line":9,"column":null}},{"start":{},"end":{}}],"line":7},"2":{"loc":{"start":{"line":11,"column":4},"end":{"line":16,"column":null}},"type":"if","locations":[{"start":{"line":11,"column":4},"end":{"line":16,"column":null}},{"start":{},"end":{}}],"line":11},"3":{"loc":{"start":{"line":25,"column":2},"end":{"line":27,"column":null}},"type":"if","locations":[{"start":{"line":25,"column":2},"end":{"line":27,"column":null}},{"start":{},"end":{}}],"line":25},"4":{"loc":{"start":{"line":28,"column":17},"end":{"line":28,"column":null}},"type":"binary-expr","locations":[{"start":{"line":28,"column":17},"end":{"line":28,"column":50}},{"start":{"line":28,"column":50},"end":{"line":28,"column":null}}],"line":28},"5":{"loc":{"start":{"line":30,"column":2},"end":{"line":32,"column":null}},"type":"if","locations":[{"start":{"line":30,"column":2},"end":{"line":32,"column":null}},{"start":{},"end":{}}],"line":30},"6":{"loc":{"start":{"line":37,"column":2},"end":{"line":42,"column":null}},"type":"if","locations":[{"start":{"line":37,"column":2},"end":{"line":42,"column":null}},{"start":{},"end":{}}],"line":37},"7":{"loc":{"start":{"line":38,"column":4},"end":{"line":40,"column":null}},"type":"if","locations":[{"start":{"line":38,"column":4},"end":{"line":40,"column":null}},{"start":{},"end":{}}],"line":38},"8":{"loc":{"start":{"line":46,"column":4},"end":{"line":49,"column":null}},"type":"if","locations":[{"start":{"line":46,"column":4},"end":{"line":49,"column":null}},{"start":{},"end":{}}],"line":46},"9":{"loc":{"start":{"line":55,"column":4},"end":{"line":57,"column":null}},"type":"if","locations":[{"start":{"line":55,"column":4},"end":{"line":57,"column":null}},{"start":{},"end":{}}],"line":55}},"s":{"0":3,"1":3,"2":3,"3":3,"4":3,"5":2,"6":1,"7":1,"8":1,"9":1,"10":1,"11":1,"12":1,"13":1,"14":1,"15":3,"16":1,"17":1,"18":0,"19":1,"20":1,"21":0,"22":0,"23":3,"24":3,"25":2,"26":2,"27":2,"28":1,"29":1,"30":1,"31":0,"32":0,"33":1,"34":1,"35":1,"36":1,"37":0,"38":0,"39":0,"40":0},"f":{"0":3,"1":1,"2":3},"b":{"0":[2,1],"1":[1,1],"2":[1,0],"3":[1,0],"4":[0,0],"5":[0,1],"6":[2,1],"7":[2,0],"8":[0,1],"9":[0,0]},"meta":{"lastBranch":10,"lastFunction":3,"lastStatement":41,"seen":{"s:1:28:1:Infinity":0,"s:2:32:2:Infinity":1,"s:3:22:3:Infinity":2,"s:5:19:22:Infinity":3,"f:5:19:5:33":0,"b:6:2:17:Infinity:undefined:undefined:undefined:undefined":0,"s:6:2:17:Infinity":4,"b:7:4:9:Infinity:undefined:undefined:undefined:undefined":1,"s:7:4:9:Infinity":5,"s:8:6:8:Infinity":6,"b:11:4:16:Infinity:undefined:undefined:undefined:undefined":2,"s:11:4:16:Infinity":7,"s:12:27:12:Infinity":8,"s:13:6:13:Infinity":9,"s:14:28:14:Infinity":10,"s:15:6:15:Infinity":11,"s:19:2:19:Infinity":12,"s:20:26:20:Infinity":13,"s:21:2:21:Infinity":14,"s:24:25:34:Infinity":15,"f:24:25:24:26":1,"b:25:2:27:Infinity:undefined:undefined:undefined:undefined":3,"s:25:2:27:Infinity":16,"s:26:4:26:Infinity":17,"s:28:17:28:Infinity":18,"b:28:17:28:50:28:50:28:Infinity":4,"s:29:16:29:Infinity":19,"b:30:2:32:Infinity:undefined:undefined:undefined:undefined":5,"s:30:2:32:Infinity":20,"s:31:4:31:Infinity":21,"s:33:2:33:Infinity":22,"s:36:33:61:Infinity":23,"f:36:33:36:47":2,"b:37:2:42:Infinity:undefined:undefined:undefined:undefined":6,"s:37:2:42:Infinity":24,"b:38:4:40:Infinity:undefined:undefined:undefined:undefined":7,"s:38:4:40:Infinity":25,"s:39:6:39:Infinity":26,"s:41:4:41:Infinity":27,"s:44:2:60:Infinity":28,"s:45:21:45:Infinity":29,"b:46:4:49:Infinity:undefined:undefined:undefined:undefined":8,"s:46:4:49:Infinity":30,"s:47:6:47:Infinity":31,"s:48:6:48:Infinity":32,"s:50:20:50:Infinity":33,"s:51:4:51:Infinity":34,"s:52:4:52:Infinity":35,"s:53:4:53:Infinity":36,"b:55:4:57:Infinity:undefined:undefined:undefined:undefined":9,"s:55:4:57:Infinity":37,"s:56:6:56:Infinity":38,"s:58:4:58:Infinity":39,"s:59:4:59:Infinity":40}}}
}
