TN:
SF:src/App.tsx
FN:49,(anonymous_0)
FN:58,(anonymous_1)
FN:85,(anonymous_2)
FN:104,(anonymous_3)
FN:119,(anonymous_4)
FN:120,(anonymous_5)
FN:127,(anonymous_6)
FN:127,(anonymous_7)
FN:128,(anonymous_8)
FN:131,(anonymous_9)
FN:132,(anonymous_10)
FN:134,(anonymous_11)
FN:135,(anonymous_12)
FN:140,(anonymous_13)
FN:145,(anonymous_14)
FN:150,(anonymous_15)
FN:168,(anonymous_16)
FN:182,(anonymous_17)
FN:183,(anonymous_18)
FN:183,(anonymous_19)
FN:187,(anonymous_20)
FN:188,(anonymous_21)
FN:193,(anonymous_22)
FN:198,(anonymous_23)
FN:206,(anonymous_24)
FN:216,(anonymous_25)
FN:223,(anonymous_26)
FN:224,(anonymous_27)
FN:224,(anonymous_28)
FN:227,(anonymous_29)
FN:232,(anonymous_30)
FN:233,(anonymous_31)
FN:236,(anonymous_32)
FN:240,(anonymous_33)
FN:262,(anonymous_34)
FN:278,(anonymous_35)
FN:279,(anonymous_36)
FN:282,(anonymous_37)
FN:286,(anonymous_38)
FN:291,(anonymous_39)
FN:299,(anonymous_40)
FN:304,(anonymous_41)
FN:309,(anonymous_42)
FN:313,(anonymous_43)
FN:316,(anonymous_44)
FN:317,(anonymous_45)
FN:321,(anonymous_46)
FN:324,(anonymous_47)
FN:324,(anonymous_48)
FN:325,(anonymous_49)
FN:326,(anonymous_50)
FN:326,(anonymous_51)
FN:330,(anonymous_52)
FN:334,(anonymous_53)
FN:338,(anonymous_54)
FN:353,(anonymous_55)
FN:354,(anonymous_56)
FN:372,(anonymous_57)
FN:382,(anonymous_58)
FN:418,(anonymous_59)
FN:477,(anonymous_60)
FN:518,(anonymous_61)
FN:529,(anonymous_62)
FN:563,(anonymous_63)
FN:563,(anonymous_64)
FN:578,(anonymous_65)
FN:613,(anonymous_66)
FN:613,(anonymous_67)
FN:616,(anonymous_68)
FN:616,(anonymous_69)
FN:630,(anonymous_70)
FN:635,(anonymous_71)
FN:635,(anonymous_72)
FN:637,(anonymous_73)
FN:654,(anonymous_74)
FN:662,(anonymous_75)
FN:670,(anonymous_76)
FN:675,(anonymous_77)
FN:677,(anonymous_78)
FN:677,(anonymous_79)
FN:686,(anonymous_80)
FN:695,(anonymous_81)
FN:697,(anonymous_82)
FN:697,(anonymous_83)
FN:705,(anonymous_84)
FN:711,(anonymous_85)
FN:712,(anonymous_86)
FN:728,(anonymous_87)
FN:728,(anonymous_88)
FN:730,(anonymous_89)
FN:734,(anonymous_90)
FN:734,(anonymous_91)
FN:742,(anonymous_92)
FN:746,(anonymous_93)
FN:756,(anonymous_94)
FN:758,(anonymous_95)
FN:758,(anonymous_96)
FN:766,(anonymous_97)
FN:771,(anonymous_98)
FN:771,(anonymous_99)
FN:790,(anonymous_100)
FNF:101
FNH:0
FNDA:0,(anonymous_0)
FNDA:0,(anonymous_1)
FNDA:0,(anonymous_2)
FNDA:0,(anonymous_3)
FNDA:0,(anonymous_4)
FNDA:0,(anonymous_5)
FNDA:0,(anonymous_6)
FNDA:0,(anonymous_7)
FNDA:0,(anonymous_8)
FNDA:0,(anonymous_9)
FNDA:0,(anonymous_10)
FNDA:0,(anonymous_11)
FNDA:0,(anonymous_12)
FNDA:0,(anonymous_13)
FNDA:0,(anonymous_14)
FNDA:0,(anonymous_15)
FNDA:0,(anonymous_16)
FNDA:0,(anonymous_17)
FNDA:0,(anonymous_18)
FNDA:0,(anonymous_19)
FNDA:0,(anonymous_20)
FNDA:0,(anonymous_21)
FNDA:0,(anonymous_22)
FNDA:0,(anonymous_23)
FNDA:0,(anonymous_24)
FNDA:0,(anonymous_25)
FNDA:0,(anonymous_26)
FNDA:0,(anonymous_27)
FNDA:0,(anonymous_28)
FNDA:0,(anonymous_29)
FNDA:0,(anonymous_30)
FNDA:0,(anonymous_31)
FNDA:0,(anonymous_32)
FNDA:0,(anonymous_33)
FNDA:0,(anonymous_34)
FNDA:0,(anonymous_35)
FNDA:0,(anonymous_36)
FNDA:0,(anonymous_37)
FNDA:0,(anonymous_38)
FNDA:0,(anonymous_39)
FNDA:0,(anonymous_40)
FNDA:0,(anonymous_41)
FNDA:0,(anonymous_42)
FNDA:0,(anonymous_43)
FNDA:0,(anonymous_44)
FNDA:0,(anonymous_45)
FNDA:0,(anonymous_46)
FNDA:0,(anonymous_47)
FNDA:0,(anonymous_48)
FNDA:0,(anonymous_49)
FNDA:0,(anonymous_50)
FNDA:0,(anonymous_51)
FNDA:0,(anonymous_52)
FNDA:0,(anonymous_53)
FNDA:0,(anonymous_54)
FNDA:0,(anonymous_55)
FNDA:0,(anonymous_56)
FNDA:0,(anonymous_57)
FNDA:0,(anonymous_58)
FNDA:0,(anonymous_59)
FNDA:0,(anonymous_60)
FNDA:0,(anonymous_61)
FNDA:0,(anonymous_62)
FNDA:0,(anonymous_63)
FNDA:0,(anonymous_64)
FNDA:0,(anonymous_65)
FNDA:0,(anonymous_66)
FNDA:0,(anonymous_67)
FNDA:0,(anonymous_68)
FNDA:0,(anonymous_69)
FNDA:0,(anonymous_70)
FNDA:0,(anonymous_71)
FNDA:0,(anonymous_72)
FNDA:0,(anonymous_73)
FNDA:0,(anonymous_74)
FNDA:0,(anonymous_75)
FNDA:0,(anonymous_76)
FNDA:0,(anonymous_77)
FNDA:0,(anonymous_78)
FNDA:0,(anonymous_79)
FNDA:0,(anonymous_80)
FNDA:0,(anonymous_81)
FNDA:0,(anonymous_82)
FNDA:0,(anonymous_83)
FNDA:0,(anonymous_84)
FNDA:0,(anonymous_85)
FNDA:0,(anonymous_86)
FNDA:0,(anonymous_87)
FNDA:0,(anonymous_88)
FNDA:0,(anonymous_89)
FNDA:0,(anonymous_90)
FNDA:0,(anonymous_91)
FNDA:0,(anonymous_92)
FNDA:0,(anonymous_93)
FNDA:0,(anonymous_94)
FNDA:0,(anonymous_95)
FNDA:0,(anonymous_96)
FNDA:0,(anonymous_97)
FNDA:0,(anonymous_98)
FNDA:0,(anonymous_99)
FNDA:0,(anonymous_100)
DA:38,0
DA:39,0
DA:40,0
DA:41,0
DA:49,0
DA:50,0
DA:51,0
DA:52,0
DA:53,0
DA:55,0
DA:58,0
DA:59,0
DA:60,0
DA:62,0
DA:63,0
DA:66,0
DA:67,0
DA:70,0
DA:71,0
DA:74,0
DA:75,0
DA:78,0
DA:79,0
DA:82,0
DA:85,0
DA:98,0
DA:100,0
DA:101,0
DA:102,0
DA:104,0
DA:105,0
DA:106,0
DA:109,0
DA:110,0
DA:111,0
DA:112,0
DA:113,0
DA:114,0
DA:115,0
DA:116,0
DA:118,0
DA:119,0
DA:120,0
DA:121,0
DA:122,0
DA:123,0
DA:124,0
DA:126,0
DA:127,0
DA:128,0
DA:131,0
DA:132,0
DA:133,0
DA:134,0
DA:135,0
DA:136,0
DA:140,0
DA:141,0
DA:142,0
DA:145,0
DA:146,0
DA:147,0
DA:150,0
DA:151,0
DA:152,0
DA:155,0
DA:157,0
DA:158,0
DA:159,0
DA:162,0
DA:163,0
DA:164,0
DA:167,0
DA:168,0
DA:182,0
DA:183,0
DA:187,0
DA:188,0
DA:189,0
DA:190,0
DA:193,0
DA:194,0
DA:195,0
DA:198,0
DA:199,0
DA:200,0
DA:201,0
DA:204,0
DA:205,0
DA:206,0
DA:216,0
DA:218,0
DA:219,0
DA:223,0
DA:224,0
DA:227,0
DA:228,0
DA:229,0
DA:232,0
DA:233,0
DA:235,0
DA:236,0
DA:239,0
DA:240,0
DA:243,0
DA:244,0
DA:247,0
DA:248,0
DA:251,0
DA:252,0
DA:256,0
DA:260,0
DA:262,0
DA:263,0
DA:278,0
DA:279,0
DA:282,0
DA:283,0
DA:286,0
DA:287,0
DA:288,0
DA:291,0
DA:292,0
DA:293,0
DA:297,0
DA:299,0
DA:300,0
DA:304,0
DA:305,0
DA:306,0
DA:309,0
DA:310,0
DA:313,0
DA:314,0
DA:315,0
DA:316,0
DA:317,0
DA:318,0
DA:321,0
DA:322,0
DA:323,0
DA:324,0
DA:325,0
DA:326,0
DA:327,0
DA:330,0
DA:331,0
DA:332,0
DA:333,0
DA:334,0
DA:338,0
DA:339,0
DA:341,0
DA:342,0
DA:348,0
DA:351,0
DA:352,0
DA:353,0
DA:354,0
DA:355,0
DA:356,0
DA:358,0
DA:359,0
DA:362,0
DA:363,0
DA:369,0
DA:372,0
DA:373,0
DA:379,0
DA:382,0
DA:383,0
DA:389,0
DA:392,0
DA:393,0
DA:399,0
DA:402,0
DA:403,0
DA:404,0
DA:410,0
DA:413,0
DA:414,0
DA:415,0
DA:416,0
DA:417,0
DA:418,0
DA:420,0
DA:421,0
DA:424,0
DA:426,0
DA:427,0
DA:433,0
DA:436,0
DA:438,0
DA:439,0
DA:442,0
DA:443,0
DA:445,0
DA:446,0
DA:448,0
DA:449,0
DA:450,0
DA:457,0
DA:458,0
DA:459,0
DA:460,0
DA:461,0
DA:463,0
DA:464,0
DA:465,0
DA:467,0
DA:468,0
DA:469,0
DA:470,0
DA:476,0
DA:477,0
DA:478,0
DA:481,0
DA:495,0
DA:504,0
DA:505,0
DA:506,0
DA:512,0
DA:515,0
DA:516,0
DA:517,0
DA:518,0
DA:526,0
DA:527,0
DA:529,0
DA:530,0
DA:531,0
DA:533,0
DA:544,0
DA:550,0
DA:552,0
DA:553,0
DA:562,0
DA:563,0
DA:564,0
DA:565,0
DA:566,0
DA:576,0
DA:578,0
DA:579,0
DA:580,0
DA:591,0
DA:598,0
DA:600,0
DA:601,0
DA:610,0
DA:611,0
DA:612,0
DA:613,0
DA:615,0
DA:616,0
DA:617,0
DA:618,0
DA:620,0
DA:630,0
DA:631,0
DA:632,0
DA:635,0
DA:637,0
DA:638,0
DA:639,0
DA:641,0
DA:644,0
DA:654,0
DA:662,0
DA:670,0
DA:675,0
DA:677,0
DA:686,0
DA:695,0
DA:697,0
DA:705,0
DA:711,0
DA:712,0
DA:728,0
DA:730,0
DA:734,0
DA:742,0
DA:746,0
DA:756,0
DA:758,0
DA:766,0
DA:771,0
DA:790,0
DA:791,0
LF:289
LH:0
BRDA:50,0,0,0
BRDA:50,0,1,0
BRDA:52,1,0,0
BRDA:52,1,1,0
BRDA:60,2,0,0
BRDA:60,2,1,0
BRDA:62,3,0,0
BRDA:62,3,1,0
BRDA:66,4,0,0
BRDA:66,4,1,0
BRDA:70,5,0,0
BRDA:70,5,1,0
BRDA:74,6,0,0
BRDA:74,6,1,0
BRDA:78,7,0,0
BRDA:78,7,1,0
BRDA:78,8,0,0
BRDA:78,8,1,0
BRDA:106,9,0,0
BRDA:106,9,1,0
BRDA:119,10,0,0
BRDA:119,10,1,0
BRDA:120,11,0,0
BRDA:120,11,1,0
BRDA:135,12,0,0
BRDA:135,12,1,0
BRDA:141,13,0,0
BRDA:141,13,1,0
BRDA:145,14,0,0
BRDA:145,14,1,0
BRDA:150,15,0,0
BRDA:150,15,1,0
BRDA:157,16,0,0
BRDA:157,16,1,0
BRDA:162,17,0,0
BRDA:162,17,1,0
BRDA:174,18,0,0
BRDA:174,18,1,0
BRDA:183,19,0,0
BRDA:183,19,1,0
BRDA:188,20,0,0
BRDA:188,20,1,0
BRDA:193,21,0,0
BRDA:193,21,1,0
BRDA:200,22,0,0
BRDA:200,22,1,0
BRDA:228,23,0,0
BRDA:228,23,1,0
BRDA:233,24,0,0
BRDA:233,24,1,0
BRDA:236,25,0,0
BRDA:236,25,1,0
BRDA:239,26,0,0
BRDA:239,26,1,0
BRDA:243,27,0,0
BRDA:243,27,1,0
BRDA:247,28,0,0
BRDA:247,28,1,0
BRDA:251,29,0,0
BRDA:251,29,1,0
BRDA:263,30,0,0
BRDA:263,30,1,0
BRDA:287,31,0,0
BRDA:287,31,1,0
BRDA:292,32,0,0
BRDA:292,32,1,0
BRDA:317,33,0,0
BRDA:317,33,1,0
BRDA:322,34,0,0
BRDA:322,34,1,0
BRDA:323,35,0,0
BRDA:323,35,1,0
BRDA:327,36,0,0
BRDA:327,36,1,0
BRDA:331,37,0,0
BRDA:331,37,1,0
BRDA:333,38,0,0
BRDA:333,38,1,0
BRDA:333,39,0,0
BRDA:333,39,1,0
BRDA:333,39,2,0
BRDA:341,40,0,0
BRDA:341,40,1,0
BRDA:358,41,0,0
BRDA:358,41,1,0
BRDA:358,42,0,0
BRDA:358,42,1,0
BRDA:358,42,2,0
BRDA:362,43,0,0
BRDA:362,43,1,0
BRDA:362,44,0,0
BRDA:362,44,1,0
BRDA:372,45,0,0
BRDA:372,45,1,0
BRDA:372,46,0,0
BRDA:372,46,1,0
BRDA:382,47,0,0
BRDA:382,47,1,0
BRDA:392,48,0,0
BRDA:392,48,1,0
BRDA:392,49,0,0
BRDA:392,49,1,0
BRDA:402,50,0,0
BRDA:402,50,1,0
BRDA:403,51,0,0
BRDA:403,51,1,0
BRDA:403,52,0,0
BRDA:403,52,1,0
BRDA:403,52,2,0
BRDA:414,53,0,0
BRDA:414,53,1,0
BRDA:415,54,0,0
BRDA:415,54,1,0
BRDA:415,55,0,0
BRDA:415,55,1,0
BRDA:416,56,0,0
BRDA:416,56,1,0
BRDA:416,57,0,0
BRDA:416,57,1,0
BRDA:420,58,0,0
BRDA:420,58,1,0
BRDA:426,59,0,0
BRDA:426,59,1,0
BRDA:426,60,0,0
BRDA:426,60,1,0
BRDA:436,61,0,0
BRDA:436,61,1,0
BRDA:436,61,2,0
BRDA:436,61,3,0
BRDA:438,62,0,0
BRDA:438,62,1,0
BRDA:438,63,0,0
BRDA:438,63,1,0
BRDA:438,63,2,0
BRDA:449,64,0,0
BRDA:449,64,1,0
BRDA:457,65,0,0
BRDA:457,65,1,0
BRDA:469,66,0,0
BRDA:469,66,1,0
BRDA:473,67,0,0
BRDA:473,67,1,0
BRDA:476,68,0,0
BRDA:476,68,1,0
BRDA:478,69,0,0
BRDA:478,69,1,0
BRDA:490,70,0,0
BRDA:490,70,1,0
BRDA:504,71,0,0
BRDA:504,71,1,0
BRDA:505,72,0,0
BRDA:505,72,1,0
BRDA:526,73,0,0
BRDA:526,73,1,0
BRDA:527,74,0,0
BRDA:527,74,1,0
BRDA:527,75,0,0
BRDA:527,75,1,0
BRDA:530,76,0,0
BRDA:530,76,1,0
BRDA:530,77,0,0
BRDA:530,77,1,0
BRDA:547,78,0,0
BRDA:547,78,1,0
BRDA:562,79,0,0
BRDA:562,79,1,0
BRDA:563,80,0,0
BRDA:563,80,1,0
BRDA:576,81,0,0
BRDA:576,81,1,0
BRDA:579,82,0,0
BRDA:579,82,1,0
BRDA:594,83,0,0
BRDA:594,83,1,0
BRDA:612,84,0,0
BRDA:612,84,1,0
BRDA:615,85,0,0
BRDA:615,85,1,0
BRDA:617,86,0,0
BRDA:617,86,1,0
BRDA:623,87,0,0
BRDA:623,87,1,0
BRDA:632,88,0,0
BRDA:632,88,1,0
BRDA:638,89,0,0
BRDA:638,89,1,0
BRDA:638,90,0,0
BRDA:638,90,1,0
BRDA:638,90,2,0
BRDA:647,91,0,0
BRDA:647,91,1,0
BRDA:647,92,0,0
BRDA:647,92,1,0
BRDA:648,93,0,0
BRDA:648,93,1,0
BRDA:680,94,0,0
BRDA:680,94,1,0
BRDA:728,95,0,0
BRDA:728,95,1,0
BRF:199
BRH:0
end_of_record
TN:
SF:src/main.tsx
FNF:0
FNH:0
DA:6,0
LF:1
LH:0
BRF:0
BRH:0
end_of_record
TN:
SF:src/vite-env.d.ts
FNF:0
FNH:0
LF:0
LH:0
BRF:0
BRH:0
end_of_record
TN:
SF:src/components/ChatPanel.tsx
FN:7,(anonymous_0)
FN:40,(anonymous_1)
FN:61,(anonymous_2)
FN:62,(anonymous_3)
FN:64,(anonymous_4)
FN:67,(anonymous_5)
FN:77,(anonymous_6)
FN:78,(anonymous_7)
FN:81,(anonymous_8)
FN:85,(anonymous_9)
FN:89,(anonymous_10)
FN:95,(anonymous_11)
FN:115,(anonymous_12)
FN:175,(anonymous_13)
FN:184,(anonymous_14)
FN:188,(anonymous_15)
FN:200,(anonymous_16)
FN:227,(anonymous_17)
FN:254,(anonymous_18)
FN:268,(anonymous_19)
FN:324,(anonymous_20)
FN:329,(anonymous_21)
FNF:22
FNH:0
FNDA:0,(anonymous_0)
FNDA:0,(anonymous_1)
FNDA:0,(anonymous_2)
FNDA:0,(anonymous_3)
FNDA:0,(anonymous_4)
FNDA:0,(anonymous_5)
FNDA:0,(anonymous_6)
FNDA:0,(anonymous_7)
FNDA:0,(anonymous_8)
FNDA:0,(anonymous_9)
FNDA:0,(anonymous_10)
FNDA:0,(anonymous_11)
FNDA:0,(anonymous_12)
FNDA:0,(anonymous_13)
FNDA:0,(anonymous_14)
FNDA:0,(anonymous_15)
FNDA:0,(anonymous_16)
FNDA:0,(anonymous_17)
FNDA:0,(anonymous_18)
FNDA:0,(anonymous_19)
FNDA:0,(anonymous_20)
FNDA:0,(anonymous_21)
DA:7,0
DA:8,0
DA:9,0
DA:11,0
DA:12,0
DA:14,0
DA:15,0
DA:16,0
DA:17,0
DA:18,0
DA:40,0
DA:58,0
DA:59,0
DA:61,0
DA:62,0
DA:63,0
DA:64,0
DA:67,0
DA:68,0
DA:77,0
DA:79,0
DA:81,0
DA:85,0
DA:86,0
DA:87,0
DA:88,0
DA:89,0
DA:91,0
DA:95,0
DA:96,0
DA:97,0
DA:98,0
DA:103,0
DA:104,0
DA:105,0
DA:106,0
DA:108,0
DA:112,0
DA:116,0
DA:117,0
DA:118,0
DA:120,0
DA:121,0
DA:122,0
DA:125,0
DA:176,0
DA:177,0
DA:184,0
DA:189,0
DA:190,0
DA:201,0
DA:202,0
DA:228,0
DA:254,0
DA:268,0
DA:325,0
DA:329,0
LF:57
LH:0
BRDA:8,0,0,0
BRDA:8,0,1,0
BRDA:8,1,0,0
BRDA:8,1,1,0
BRDA:8,1,2,0
BRDA:11,2,0,0
BRDA:11,2,1,0
BRDA:17,3,0,0
BRDA:17,3,1,0
BRDA:17,4,0,0
BRDA:17,4,1,0
BRDA:96,5,0,0
BRDA:96,5,1,0
BRDA:103,6,0,0
BRDA:103,6,1,0
BRDA:117,7,0,0
BRDA:117,7,1,0
BRDA:121,8,0,0
BRDA:121,8,1,0
BRDA:127,9,0,0
BRDA:127,9,1,0
BRDA:128,10,0,0
BRDA:128,10,1,0
BRDA:134,11,0,0
BRDA:134,11,1,0
BRDA:136,12,0,0
BRDA:136,12,1,0
BRDA:137,13,0,0
BRDA:137,13,1,0
BRDA:140,14,0,0
BRDA:140,14,1,0
BRDA:144,15,0,0
BRDA:144,15,1,0
BRDA:145,16,0,0
BRDA:145,16,1,0
BRDA:148,17,0,0
BRDA:148,17,1,0
BRDA:151,18,0,0
BRDA:151,18,1,0
BRDA:177,19,0,0
BRDA:177,19,1,0
BRDA:183,20,0,0
BRDA:183,20,1,0
BRDA:194,21,0,0
BRDA:194,21,1,0
BRDA:196,22,0,0
BRDA:196,22,1,0
BRDA:196,22,2,0
BRDA:214,23,0,0
BRDA:214,23,1,0
BRDA:225,24,0,0
BRDA:225,24,1,0
BRDA:230,25,0,0
BRDA:230,25,1,0
BRDA:232,26,0,0
BRDA:232,26,1,0
BRDA:235,27,0,0
BRDA:235,27,1,0
BRDA:235,28,0,0
BRDA:235,28,1,0
BRDA:244,29,0,0
BRDA:244,29,1,0
BRDA:246,30,0,0
BRDA:246,30,1,0
BRDA:256,31,0,0
BRDA:256,31,1,0
BRDA:293,32,0,0
BRDA:293,32,1,0
BRF:68
BRH:0
end_of_record
TN:
SF:src/components/CodeBlock.tsx
FN:13,(anonymous_0)
FN:16,(anonymous_1)
FNF:2
FNH:0
FNDA:0,(anonymous_0)
FNDA:0,(anonymous_1)
DA:13,0
DA:14,0
DA:15,0
DA:16,0
DA:18,0
DA:19,0
DA:42,0
LF:7
LH:0
BRDA:14,0,0,0
BRDA:14,0,1,0
BRDA:15,1,0,0
BRDA:15,1,1,0
BRDA:18,2,0,0
BRDA:18,2,1,0
BRDA:18,3,0,0
BRDA:18,3,1,0
BRF:8
BRH:0
end_of_record
TN:
SF:src/components/CopyButton.tsx
FN:8,(anonymous_0)
FN:23,(anonymous_1)
FN:29,(anonymous_2)
FN:36,(anonymous_3)
FNF:4
FNH:0
FNDA:0,(anonymous_0)
FNDA:0,(anonymous_1)
FNDA:0,(anonymous_2)
FNDA:0,(anonymous_3)
DA:8,0
DA:9,0
DA:10,0
DA:11,0
DA:12,0
DA:14,0
DA:15,0
DA:16,0
DA:17,0
DA:18,0
DA:19,0
DA:20,0
DA:22,0
DA:23,0
DA:25,0
DA:29,0
DA:30,0
DA:32,0
DA:36,0
LF:19
LH:0
BRDA:10,0,0,0
BRDA:10,0,1,0
BRDA:35,1,0,0
BRDA:35,1,1,0
BRDA:40,2,0,0
BRDA:40,2,1,0
BRDA:42,3,0,0
BRDA:42,3,1,0
BRF:8
BRH:0
end_of_record
TN:
SF:src/components/ElevenLabsConvaiWidget.tsx
FN:8,(anonymous_0)
FN:23,(anonymous_1)
FN:34,(anonymous_2)
FN:39,(anonymous_3)
FN:62,(anonymous_4)
FN:65,(anonymous_5)
FN:77,(anonymous_6)
FN:85,(anonymous_7)
FN:89,(anonymous_8)
FNF:9
FNH:0
FNDA:0,(anonymous_0)
FNDA:0,(anonymous_1)
FNDA:0,(anonymous_2)
FNDA:0,(anonymous_3)
FNDA:0,(anonymous_4)
FNDA:0,(anonymous_5)
FNDA:0,(anonymous_6)
FNDA:0,(anonymous_7)
FNDA:0,(anonymous_8)
DA:3,0
DA:4,0
DA:6,0
DA:8,0
DA:9,0
DA:10,0
DA:13,0
DA:14,0
DA:17,0
DA:18,0
DA:19,0
DA:20,0
DA:23,0
DA:24,0
DA:26,0
DA:27,0
DA:28,0
DA:29,0
DA:30,0
DA:31,0
DA:34,0
DA:35,0
DA:36,0
DA:39,0
DA:40,0
DA:41,0
DA:42,0
DA:45,0
DA:46,0
DA:47,0
DA:50,0
DA:51,0
DA:54,0
DA:62,0
DA:63,0
DA:65,0
DA:66,0
DA:67,0
DA:68,0
DA:70,0
DA:73,0
DA:74,0
DA:76,0
DA:78,0
DA:79,0
DA:81,0
DA:82,0
DA:83,0
DA:86,0
DA:89,0
DA:90,0
DA:91,0
DA:92,0
DA:93,0
DA:94,0
DA:99,0
LF:56
LH:0
BRDA:9,0,0,0
BRDA:9,0,1,0
BRDA:13,1,0,0
BRDA:13,1,1,0
BRDA:18,2,0,0
BRDA:18,2,1,0
BRDA:18,3,0,0
BRDA:18,3,1,0
BRDA:24,4,0,0
BRDA:24,4,1,0
BRDA:26,5,0,0
BRDA:26,5,1,0
BRDA:45,6,0,0
BRDA:45,6,1,0
BRDA:62,7,0,0
BRDA:66,8,0,0
BRDA:66,8,1,0
BRDA:67,9,0,0
BRDA:67,9,1,0
BRDA:78,10,0,0
BRDA:78,10,1,0
BRDA:78,11,0,0
BRDA:78,11,1,0
BRDA:91,12,0,0
BRDA:91,12,1,0
BRDA:91,13,0,0
BRDA:91,13,1,0
BRDA:93,14,0,0
BRDA:93,14,1,0
BRF:29
BRH:0
end_of_record
TN:
SF:src/components/Footer.tsx
FN:11,(anonymous_0)
FN:63,(anonymous_1)
FNF:2
FNH:0
FNDA:0,(anonymous_0)
FNDA:0,(anonymous_1)
DA:11,0
DA:12,0
DA:64,0
DA:65,0
LF:4
LH:0
BRDA:52,0,0,0
BRDA:52,0,1,0
BRDA:54,1,0,0
BRDA:54,1,1,0
BRDA:55,2,0,0
BRDA:55,2,1,0
BRF:6
BRH:0
end_of_record
TN:
SF:src/components/Header.tsx
FN:17,(anonymous_0)
FN:63,(anonymous_1)
FN:95,(anonymous_2)
FN:103,(anonymous_3)
FNF:4
FNH:0
FNDA:0,(anonymous_0)
FNDA:0,(anonymous_1)
FNDA:0,(anonymous_2)
FNDA:0,(anonymous_3)
DA:17,0
DA:28,0
DA:64,0
DA:65,0
DA:66,0
DA:68,0
DA:69,0
DA:71,0
DA:73,0
DA:74,0
DA:75,0
DA:76,0
DA:77,0
DA:78,0
DA:95,0
DA:103,0
LF:16
LH:0
BRDA:38,0,0,0
BRDA:38,0,1,0
BRDA:49,1,0,0
BRDA:49,1,1,0
BRDA:49,1,2,0
BRDA:65,2,0,0
BRDA:65,2,1,0
BRDA:88,3,0,0
BRDA:88,3,1,0
BRDA:90,4,0,0
BRDA:90,4,1,0
BRDA:96,5,0,0
BRDA:96,5,1,0
BRDA:98,6,0,0
BRDA:98,6,1,0
BRF:15
BRH:0
end_of_record
TN:
SF:src/components/ImageGenerationPanel.tsx
FN:57,(anonymous_0)
FN:122,(anonymous_1)
FN:149,(anonymous_2)
FN:158,(anonymous_3)
FN:190,(anonymous_4)
FN:192,(anonymous_5)
FN:195,(anonymous_6)
FN:207,(anonymous_7)
FN:215,(anonymous_8)
FN:216,(anonymous_9)
FN:218,(anonymous_10)
FN:227,(anonymous_11)
FN:228,(anonymous_12)
FN:232,(anonymous_13)
FN:236,(anonymous_14)
FN:243,(anonymous_15)
FN:249,(anonymous_16)
FN:256,(anonymous_17)
FN:261,(anonymous_18)
FN:275,(anonymous_19)
FN:307,(anonymous_20)
FN:326,(anonymous_21)
FN:330,(anonymous_22)
FN:335,(anonymous_23)
FN:340,(anonymous_24)
FN:342,(anonymous_25)
FN:350,(anonymous_26)
FN:354,(anonymous_27)
FN:371,(anonymous_28)
FN:376,(anonymous_29)
FN:381,(anonymous_30)
FN:382,(anonymous_31)
FN:395,(anonymous_32)
FN:400,(anonymous_33)
FN:432,(anonymous_34)
FN:448,(anonymous_35)
FN:450,(anonymous_36)
FN:460,(anonymous_37)
FN:464,(anonymous_38)
FN:484,(anonymous_39)
FN:491,(anonymous_40)
FN:516,(anonymous_41)
FN:526,(anonymous_42)
FN:551,(anonymous_43)
FN:559,(anonymous_44)
FN:566,(anonymous_45)
FN:574,(anonymous_46)
FN:576,(anonymous_47)
FN:584,(anonymous_48)
FN:595,(anonymous_49)
FN:637,(anonymous_50)
FN:647,(anonymous_51)
FN:660,(anonymous_52)
FN:661,(anonymous_53)
FN:694,(anonymous_54)
FN:700,(anonymous_55)
FN:709,(anonymous_56)
FN:725,(anonymous_57)
FN:853,(anonymous_58)
FN:863,(anonymous_59)
FN:899,(anonymous_60)
FN:907,(anonymous_61)
FN:926,(anonymous_62)
FN:929,(anonymous_63)
FN:946,(anonymous_64)
FN:957,(anonymous_65)
FN:958,(anonymous_66)
FN:969,(anonymous_67)
FN:982,(anonymous_68)
FN:990,(anonymous_69)
FN:1005,(anonymous_70)
FN:1024,(anonymous_71)
FN:1038,(anonymous_72)
FN:1051,(anonymous_73)
FN:1055,(anonymous_74)
FNF:75
FNH:0
FNDA:0,(anonymous_0)
FNDA:0,(anonymous_1)
FNDA:0,(anonymous_2)
FNDA:0,(anonymous_3)
FNDA:0,(anonymous_4)
FNDA:0,(anonymous_5)
FNDA:0,(anonymous_6)
FNDA:0,(anonymous_7)
FNDA:0,(anonymous_8)
FNDA:0,(anonymous_9)
FNDA:0,(anonymous_10)
FNDA:0,(anonymous_11)
FNDA:0,(anonymous_12)
FNDA:0,(anonymous_13)
FNDA:0,(anonymous_14)
FNDA:0,(anonymous_15)
FNDA:0,(anonymous_16)
FNDA:0,(anonymous_17)
FNDA:0,(anonymous_18)
FNDA:0,(anonymous_19)
FNDA:0,(anonymous_20)
FNDA:0,(anonymous_21)
FNDA:0,(anonymous_22)
FNDA:0,(anonymous_23)
FNDA:0,(anonymous_24)
FNDA:0,(anonymous_25)
FNDA:0,(anonymous_26)
FNDA:0,(anonymous_27)
FNDA:0,(anonymous_28)
FNDA:0,(anonymous_29)
FNDA:0,(anonymous_30)
FNDA:0,(anonymous_31)
FNDA:0,(anonymous_32)
FNDA:0,(anonymous_33)
FNDA:0,(anonymous_34)
FNDA:0,(anonymous_35)
FNDA:0,(anonymous_36)
FNDA:0,(anonymous_37)
FNDA:0,(anonymous_38)
FNDA:0,(anonymous_39)
FNDA:0,(anonymous_40)
FNDA:0,(anonymous_41)
FNDA:0,(anonymous_42)
FNDA:0,(anonymous_43)
FNDA:0,(anonymous_44)
FNDA:0,(anonymous_45)
FNDA:0,(anonymous_46)
FNDA:0,(anonymous_47)
FNDA:0,(anonymous_48)
FNDA:0,(anonymous_49)
FNDA:0,(anonymous_50)
FNDA:0,(anonymous_51)
FNDA:0,(anonymous_52)
FNDA:0,(anonymous_53)
FNDA:0,(anonymous_54)
FNDA:0,(anonymous_55)
FNDA:0,(anonymous_56)
FNDA:0,(anonymous_57)
FNDA:0,(anonymous_58)
FNDA:0,(anonymous_59)
FNDA:0,(anonymous_60)
FNDA:0,(anonymous_61)
FNDA:0,(anonymous_62)
FNDA:0,(anonymous_63)
FNDA:0,(anonymous_64)
FNDA:0,(anonymous_65)
FNDA:0,(anonymous_66)
FNDA:0,(anonymous_67)
FNDA:0,(anonymous_68)
FNDA:0,(anonymous_69)
FNDA:0,(anonymous_70)
FNDA:0,(anonymous_71)
FNDA:0,(anonymous_72)
FNDA:0,(anonymous_73)
FNDA:0,(anonymous_74)
DA:39,0
DA:40,0
DA:41,0
DA:57,0
DA:58,0
DA:59,0
DA:73,0
DA:74,0
DA:75,0
DA:76,0
DA:90,0
DA:91,0
DA:105,0
DA:106,0
DA:122,0
DA:123,0
DA:124,0
DA:126,0
DA:127,0
DA:129,0
DA:133,0
DA:140,0
DA:149,0
DA:150,0
DA:151,0
DA:152,0
DA:155,0
DA:156,0
DA:157,0
DA:158,0
DA:159,0
DA:160,0
DA:161,0
DA:162,0
DA:163,0
DA:164,0
DA:165,0
DA:166,0
DA:167,0
DA:169,0
DA:170,0
DA:171,0
DA:172,0
DA:173,0
DA:174,0
DA:175,0
DA:177,0
DA:178,0
DA:179,0
DA:180,0
DA:181,0
DA:182,0
DA:183,0
DA:184,0
DA:186,0
DA:187,0
DA:188,0
DA:190,0
DA:191,0
DA:192,0
DA:195,0
DA:196,0
DA:197,0
DA:198,0
DA:207,0
DA:215,0
DA:216,0
DA:217,0
DA:218,0
DA:219,0
DA:227,0
DA:228,0
DA:229,0
DA:232,0
DA:233,0
DA:234,0
DA:236,0
DA:237,0
DA:240,0
DA:242,0
DA:243,0
DA:244,0
DA:246,0
DA:247,0
DA:248,0
DA:249,0
DA:250,0
DA:255,0
DA:256,0
DA:259,0
DA:261,0
DA:262,0
DA:263,0
DA:264,0
DA:266,0
DA:267,0
DA:269,0
DA:270,0
DA:272,0
DA:275,0
DA:276,0
DA:277,0
DA:280,0
DA:281,0
DA:282,0
DA:285,0
DA:289,0
DA:290,0
DA:291,0
DA:292,0
DA:295,0
DA:298,0
DA:301,0
DA:302,0
DA:303,0
DA:307,0
DA:308,0
DA:322,0
DA:323,0
DA:326,0
DA:327,0
DA:330,0
DA:331,0
DA:332,0
DA:333,0
DA:335,0
DA:336,0
DA:340,0
DA:341,0
DA:342,0
DA:343,0
DA:344,0
DA:345,0
DA:346,0
DA:348,0
DA:349,0
DA:350,0
DA:351,0
DA:353,0
DA:355,0
DA:356,0
DA:357,0
DA:359,0
DA:363,0
DA:364,0
DA:365,0
DA:368,0
DA:371,0
DA:372,0
DA:376,0
DA:377,0
DA:378,0
DA:380,0
DA:381,0
DA:382,0
DA:383,0
DA:384,0
DA:385,0
DA:387,0
DA:390,0
DA:391,0
DA:392,0
DA:395,0
DA:396,0
DA:400,0
DA:401,0
DA:402,0
DA:403,0
DA:404,0
DA:405,0
DA:407,0
DA:408,0
DA:409,0
DA:411,0
DA:412,0
DA:413,0
DA:414,0
DA:416,0
DA:417,0
DA:418,0
DA:420,0
DA:421,0
DA:422,0
DA:424,0
DA:428,0
DA:432,0
DA:433,0
DA:434,0
DA:435,0
DA:436,0
DA:439,0
DA:440,0
DA:441,0
DA:443,0
DA:444,0
DA:445,0
DA:446,0
DA:447,0
DA:448,0
DA:449,0
DA:450,0
DA:451,0
DA:453,0
DA:457,0
DA:458,0
DA:459,0
DA:460,0
DA:462,0
DA:463,0
DA:464,0
DA:465,0
DA:467,0
DA:469,0
DA:470,0
DA:471,0
DA:472,0
DA:473,0
DA:474,0
DA:476,0
DA:480,0
DA:484,0
DA:485,0
DA:486,0
DA:488,0
DA:491,0
DA:492,0
DA:493,0
DA:495,0
DA:496,0
DA:497,0
DA:499,0
DA:500,0
DA:502,0
DA:503,0
DA:505,0
DA:506,0
DA:508,0
DA:509,0
DA:511,0
DA:512,0
DA:516,0
DA:517,0
DA:518,0
DA:519,0
DA:520,0
DA:522,0
DA:523,0
DA:526,0
DA:527,0
DA:528,0
DA:533,0
DA:534,0
DA:536,0
DA:537,0
DA:538,0
DA:540,0
DA:541,0
DA:542,0
DA:544,0
DA:545,0
DA:549,0
DA:551,0
DA:552,0
DA:553,0
DA:554,0
DA:559,0
DA:560,0
DA:561,0
DA:564,0
DA:566,0
DA:567,0
DA:568,0
DA:569,0
DA:571,0
DA:574,0
DA:575,0
DA:576,0
DA:577,0
DA:578,0
DA:579,0
DA:584,0
DA:585,0
DA:586,0
DA:587,0
DA:588,0
DA:589,0
DA:590,0
DA:591,0
DA:595,0
DA:596,0
DA:597,0
DA:598,0
DA:601,0
DA:602,0
DA:603,0
DA:604,0
DA:606,0
DA:607,0
DA:608,0
DA:609,0
DA:610,0
DA:611,0
DA:612,0
DA:613,0
DA:614,0
DA:615,0
DA:617,0
DA:620,0
DA:621,0
DA:623,0
DA:624,0
DA:626,0
DA:628,0
DA:629,0
DA:630,0
DA:634,0
DA:635,0
DA:637,0
DA:638,0
DA:639,0
DA:640,0
DA:644,0
DA:645,0
DA:647,0
DA:648,0
DA:649,0
DA:651,0
DA:652,0
DA:653,0
DA:654,0
DA:655,0
DA:658,0
DA:659,0
DA:660,0
DA:661,0
DA:662,0
DA:663,0
DA:664,0
DA:665,0
DA:666,0
DA:667,0
DA:669,0
DA:670,0
DA:671,0
DA:672,0
DA:675,0
DA:676,0
DA:677,0
DA:678,0
DA:679,0
DA:680,0
DA:681,0
DA:683,0
DA:687,0
DA:688,0
DA:694,0
DA:695,0
DA:696,0
DA:700,0
DA:701,0
DA:702,0
DA:703,0
DA:705,0
DA:709,0
DA:710,0
DA:711,0
DA:712,0
DA:713,0
DA:715,0
DA:716,0
DA:717,0
DA:718,0
DA:720,0
DA:725,0
DA:726,0
DA:727,0
DA:728,0
DA:729,0
DA:731,0
DA:732,0
DA:733,0
DA:735,0
DA:736,0
DA:737,0
DA:739,0
DA:740,0
DA:741,0
DA:743,0
DA:744,0
DA:745,0
DA:747,0
DA:748,0
DA:749,0
DA:751,0
DA:752,0
DA:753,0
DA:754,0
DA:756,0
DA:758,0
DA:759,0
DA:760,0
DA:762,0
DA:763,0
DA:764,0
DA:766,0
DA:767,0
DA:768,0
DA:769,0
DA:770,0
DA:771,0
DA:774,0
DA:775,0
DA:777,0
DA:778,0
DA:780,0
DA:782,0
DA:783,0
DA:785,0
DA:788,0
DA:789,0
DA:790,0
DA:791,0
DA:792,0
DA:794,0
DA:807,0
DA:809,0
DA:810,0
DA:811,0
DA:812,0
DA:814,0
DA:816,0
DA:821,0
DA:854,0
DA:855,0
DA:856,0
DA:857,0
DA:858,0
DA:859,0
DA:860,0
DA:864,0
DA:899,0
DA:907,0
DA:926,0
DA:930,0
DA:946,0
DA:958,0
DA:959,0
DA:960,0
DA:961,0
DA:962,0
DA:964,0
DA:965,0
DA:970,0
DA:982,0
DA:990,0
DA:1005,0
DA:1024,0
DA:1038,0
DA:1051,0
DA:1056,0
LF:460
LH:0
BRDA:58,0,0,0
BRDA:58,0,1,0
BRDA:75,1,0,0
BRDA:75,1,1,0
BRDA:92,2,0,0
BRDA:92,2,1,0
BRDA:93,3,0,0
BRDA:93,3,1,0
BRDA:94,4,0,0
BRDA:94,4,1,0
BRDA:95,5,0,0
BRDA:95,5,1,0
BRDA:96,6,0,0
BRDA:96,6,1,0
BRDA:97,7,0,0
BRDA:97,7,1,0
BRDA:98,8,0,0
BRDA:98,8,1,0
BRDA:99,9,0,0
BRDA:99,9,1,0
BRDA:100,10,0,0
BRDA:100,10,1,0
BRDA:101,11,0,0
BRDA:101,11,1,0
BRDA:102,12,0,0
BRDA:102,12,1,0
BRDA:123,13,0,0
BRDA:123,13,1,0
BRDA:151,14,0,0
BRDA:151,14,1,0
BRDA:156,15,0,0
BRDA:156,15,1,0
BRDA:169,16,0,0
BRDA:169,16,1,0
BRDA:170,17,0,0
BRDA:170,17,1,0
BRDA:171,18,0,0
BRDA:171,18,1,0
BRDA:172,19,0,0
BRDA:172,19,1,0
BRDA:173,20,0,0
BRDA:173,20,1,0
BRDA:174,21,0,0
BRDA:174,21,1,0
BRDA:175,22,0,0
BRDA:175,22,1,0
BRDA:177,23,0,0
BRDA:177,23,1,0
BRDA:179,24,0,0
BRDA:179,24,1,0
BRDA:191,25,0,0
BRDA:191,25,1,0
BRDA:192,26,0,0
BRDA:192,26,1,0
BRDA:196,27,0,0
BRDA:196,27,1,0
BRDA:197,28,0,0
BRDA:197,28,1,0
BRDA:199,29,0,0
BRDA:199,29,1,0
BRDA:200,30,0,0
BRDA:200,30,1,0
BRDA:201,31,0,0
BRDA:201,31,1,0
BRDA:202,32,0,0
BRDA:202,32,1,0
BRDA:203,33,0,0
BRDA:203,33,1,0
BRDA:204,34,0,0
BRDA:204,34,1,0
BRDA:205,35,0,0
BRDA:205,35,1,0
BRDA:206,36,0,0
BRDA:206,36,1,0
BRDA:207,37,0,0
BRDA:207,37,1,0
BRDA:208,38,0,0
BRDA:208,38,1,0
BRDA:209,39,0,0
BRDA:209,39,1,0
BRDA:210,40,0,0
BRDA:210,40,1,0
BRDA:211,41,0,0
BRDA:211,41,1,0
BRDA:218,42,0,0
BRDA:218,42,1,0
BRDA:218,43,0,0
BRDA:218,43,1,0
BRDA:233,44,0,0
BRDA:233,44,1,0
BRDA:233,45,0,0
BRDA:233,45,1,0
BRDA:236,46,0,0
BRDA:236,46,1,0
BRDA:237,47,0,0
BRDA:237,47,1,0
BRDA:240,48,0,0
BRDA:240,48,1,0
BRDA:240,49,0,0
BRDA:240,49,1,0
BRDA:242,50,0,0
BRDA:242,50,1,0
BRDA:244,51,0,0
BRDA:244,51,1,0
BRDA:244,52,0,0
BRDA:244,52,1,0
BRDA:246,53,0,0
BRDA:246,53,1,0
BRDA:248,54,0,0
BRDA:248,54,1,0
BRDA:250,55,0,0
BRDA:250,55,1,0
BRDA:255,56,0,0
BRDA:255,56,1,0
BRDA:263,57,0,0
BRDA:263,57,1,0
BRDA:266,58,0,0
BRDA:266,58,1,0
BRDA:269,59,0,0
BRDA:269,59,1,0
BRDA:276,60,0,0
BRDA:276,60,1,0
BRDA:281,61,0,0
BRDA:281,61,1,0
BRDA:285,62,0,0
BRDA:285,62,1,0
BRDA:285,63,0,0
BRDA:285,63,1,0
BRDA:291,64,0,0
BRDA:291,64,1,0
BRDA:291,65,0,0
BRDA:291,65,1,0
BRDA:291,65,2,0
BRDA:301,66,0,0
BRDA:301,66,1,0
BRDA:302,67,0,0
BRDA:302,67,1,0
BRDA:303,68,0,0
BRDA:303,68,1,0
BRDA:304,69,0,0
BRDA:304,69,1,0
BRDA:331,70,0,0
BRDA:331,70,1,0
BRDA:332,71,0,0
BRDA:332,71,1,0
BRDA:335,72,0,0
BRDA:335,72,1,0
BRDA:335,73,0,0
BRDA:335,73,1,0
BRDA:336,74,0,0
BRDA:336,74,1,0
BRDA:345,75,0,0
BRDA:345,75,1,0
BRDA:348,76,0,0
BRDA:348,76,1,0
BRDA:350,77,0,0
BRDA:350,77,1,0
BRDA:351,78,0,0
BRDA:351,78,1,0
BRDA:363,79,0,0
BRDA:363,79,1,0
BRDA:377,80,0,0
BRDA:377,80,1,0
BRDA:390,81,0,0
BRDA:390,81,1,0
BRDA:404,82,0,0
BRDA:404,82,1,0
BRDA:407,83,0,0
BRDA:407,83,1,0
BRDA:413,84,0,0
BRDA:413,84,1,0
BRDA:420,85,0,0
BRDA:420,85,1,0
BRDA:424,86,0,0
BRDA:424,86,1,0
BRDA:432,87,0,0
BRDA:433,88,0,0
BRDA:433,88,1,0
BRDA:433,89,0,0
BRDA:433,89,1,0
BRDA:445,90,0,0
BRDA:445,90,1,0
BRDA:447,91,0,0
BRDA:447,91,1,0
BRDA:447,92,0,0
BRDA:447,92,1,0
BRDA:447,92,2,0
BRDA:450,93,0,0
BRDA:450,93,1,0
BRDA:451,94,0,0
BRDA:451,94,1,0
BRDA:459,95,0,0
BRDA:459,95,1,0
BRDA:464,96,0,0
BRDA:464,96,1,0
BRDA:465,97,0,0
BRDA:465,97,1,0
BRDA:470,98,0,0
BRDA:470,98,1,0
BRDA:471,99,0,0
BRDA:471,99,1,0
BRDA:473,100,0,0
BRDA:473,100,1,0
BRDA:485,101,0,0
BRDA:485,101,1,0
BRDA:492,102,0,0
BRDA:492,102,1,0
BRDA:495,103,0,0
BRDA:495,103,1,0
BRDA:496,104,0,0
BRDA:496,104,1,0
BRDA:497,105,0,0
BRDA:497,105,1,0
BRDA:499,106,0,0
BRDA:499,106,1,0
BRDA:500,107,0,0
BRDA:500,107,1,0
BRDA:502,108,0,0
BRDA:502,108,1,0
BRDA:503,109,0,0
BRDA:503,109,1,0
BRDA:505,110,0,0
BRDA:505,110,1,0
BRDA:506,111,0,0
BRDA:506,111,1,0
BRDA:508,112,0,0
BRDA:508,112,1,0
BRDA:508,113,0,0
BRDA:508,113,1,0
BRDA:508,113,2,0
BRDA:511,114,0,0
BRDA:511,114,1,0
BRDA:511,115,0,0
BRDA:511,115,1,0
BRDA:511,115,2,0
BRDA:517,116,0,0
BRDA:517,116,1,0
BRDA:518,117,0,0
BRDA:518,117,1,0
BRDA:528,118,0,0
BRDA:528,118,1,0
BRDA:533,119,0,0
BRDA:533,119,1,0
BRDA:537,120,0,0
BRDA:537,120,1,0
BRDA:552,121,0,0
BRDA:552,121,1,0
BRDA:560,122,0,0
BRDA:560,122,1,0
BRDA:567,123,0,0
BRDA:567,123,1,0
BRDA:578,124,0,0
BRDA:578,124,1,0
BRDA:585,125,0,0
BRDA:585,125,1,0
BRDA:588,126,0,0
BRDA:588,126,1,0
BRDA:588,127,0,0
BRDA:588,127,1,0
BRDA:596,128,0,0
BRDA:596,128,1,0
BRDA:596,129,0,0
BRDA:596,129,1,0
BRDA:603,130,0,0
BRDA:603,130,1,0
BRDA:607,131,0,0
BRDA:607,131,1,0
BRDA:609,132,0,0
BRDA:609,132,1,0
BRDA:611,133,0,0
BRDA:611,133,1,0
BRDA:613,134,0,0
BRDA:613,134,1,0
BRDA:620,135,0,0
BRDA:620,135,1,0
BRDA:623,136,0,0
BRDA:623,136,1,0
BRDA:644,137,0,0
BRDA:644,137,1,0
BRDA:645,138,0,0
BRDA:645,138,1,0
BRDA:645,138,2,0
BRDA:651,139,0,0
BRDA:651,139,1,0
BRDA:651,140,0,0
BRDA:651,140,1,0
BRDA:651,140,2,0
BRDA:666,141,0,0
BRDA:666,141,1,0
BRDA:666,142,0,0
BRDA:666,142,1,0
BRDA:671,143,0,0
BRDA:671,143,1,0
BRDA:671,144,0,0
BRDA:671,144,1,0
BRDA:672,145,0,0
BRDA:672,145,1,0
BRDA:676,146,0,0
BRDA:676,146,1,0
BRDA:676,147,0,0
BRDA:676,147,1,0
BRDA:678,148,0,0
BRDA:678,148,1,0
BRDA:680,149,0,0
BRDA:680,149,1,0
BRDA:687,150,0,0
BRDA:687,150,1,0
BRDA:687,151,0,0
BRDA:687,151,1,0
BRDA:715,152,0,0
BRDA:715,152,1,0
BRDA:717,153,0,0
BRDA:717,153,1,0
BRDA:727,154,0,0
BRDA:727,154,1,0
BRDA:731,155,0,0
BRDA:731,155,1,0
BRDA:735,156,0,0
BRDA:735,156,1,0
BRDA:739,157,0,0
BRDA:739,157,1,0
BRDA:743,158,0,0
BRDA:743,158,1,0
BRDA:747,159,0,0
BRDA:747,159,1,0
BRDA:751,160,0,0
BRDA:751,160,1,0
BRDA:753,161,0,0
BRDA:753,161,1,0
BRDA:758,162,0,0
BRDA:758,162,1,0
BRDA:758,163,0,0
BRDA:758,163,1,0
BRDA:762,164,0,0
BRDA:762,164,1,0
BRDA:777,165,0,0
BRDA:777,165,1,0
BRDA:782,166,0,0
BRDA:782,166,1,0
BRDA:791,167,0,0
BRDA:791,167,1,0
BRDA:801,168,0,0
BRDA:801,168,1,0
BRDA:802,169,0,0
BRDA:802,169,1,0
BRDA:803,170,0,0
BRDA:803,170,1,0
BRDA:809,171,0,0
BRDA:809,171,1,0
BRDA:811,172,0,0
BRDA:811,172,1,0
BRDA:831,173,0,0
BRDA:831,173,1,0
BRDA:837,174,0,0
BRDA:837,174,1,0
BRDA:837,174,2,0
BRDA:876,175,0,0
BRDA:876,175,1,0
BRDA:885,176,0,0
BRDA:885,176,1,0
BRDA:914,177,0,0
BRDA:914,177,1,0
BRDA:916,178,0,0
BRDA:916,178,1,0
BRDA:919,179,0,0
BRDA:919,179,1,0
BRDA:922,180,0,0
BRDA:922,180,1,0
BRDA:922,180,2,0
BRDA:925,181,0,0
BRDA:925,181,1,0
BRDA:931,182,0,0
BRDA:931,182,1,0
BRDA:959,183,0,0
BRDA:959,183,1,0
BRDA:959,184,0,0
BRDA:959,184,1,0
BRDA:960,185,0,0
BRDA:960,185,1,0
BRDA:961,186,0,0
BRDA:961,186,1,0
BRDA:967,187,0,0
BRDA:967,187,1,0
BRDA:967,187,2,0
BRDA:975,188,0,0
BRDA:975,188,1,0
BRDA:981,189,0,0
BRDA:981,189,1,0
BRDA:989,190,0,0
BRDA:989,190,1,0
BRDA:1002,191,0,0
BRDA:1002,191,1,0
BRDA:1006,192,0,0
BRDA:1006,192,1,0
BRDA:1013,193,0,0
BRDA:1013,193,1,0
BRDA:1020,194,0,0
BRDA:1020,194,1,0
BRDA:1030,195,0,0
BRDA:1030,195,1,0
BRDA:1037,196,0,0
BRDA:1037,196,1,0
BRDA:1044,197,0,0
BRDA:1044,197,1,0
BRDA:1050,198,0,0
BRDA:1050,198,1,0
BRDA:1051,199,0,0
BRDA:1051,199,1,0
BRDA:1057,200,0,0
BRDA:1057,200,1,0
BRDA:1069,201,0,0
BRDA:1069,201,1,0
BRDA:1069,201,2,0
BRDA:1071,202,0,0
BRDA:1071,202,1,0
BRDA:1080,203,0,0
BRDA:1080,203,1,0
BRDA:1087,204,0,0
BRDA:1087,204,1,0
BRDA:1092,205,0,0
BRDA:1092,205,1,0
BRDA:1093,206,0,0
BRDA:1093,206,1,0
BRDA:1094,207,0,0
BRDA:1094,207,1,0
BRDA:1095,208,0,0
BRDA:1095,208,1,0
BRDA:1099,209,0,0
BRDA:1099,209,1,0
BRDA:1106,210,0,0
BRDA:1106,210,1,0
BRDA:1115,211,0,0
BRDA:1115,211,1,0
BRDA:1122,212,0,0
BRDA:1122,212,1,0
BRDA:1125,213,0,0
BRDA:1125,213,1,0
BRDA:1129,214,0,0
BRDA:1129,214,1,0
BRF:439
BRH:0
end_of_record
TN:
SF:src/components/ImageGenerationSettings.tsx
FN:38,(anonymous_0)
FN:53,(anonymous_1)
FN:55,(anonymous_2)
FN:68,(anonymous_3)
FN:70,(anonymous_4)
FN:75,(anonymous_5)
FN:83,(anonymous_6)
FN:118,(anonymous_7)
FN:123,(anonymous_8)
FN:134,(anonymous_9)
FN:135,(anonymous_10)
FN:152,(anonymous_11)
FN:154,(anonymous_12)
FN:158,(anonymous_13)
FN:187,(anonymous_14)
FN:205,(anonymous_15)
FN:255,(anonymous_16)
FN:281,(anonymous_17)
FN:306,(anonymous_18)
FN:327,(anonymous_19)
FN:352,(anonymous_20)
FN:354,(anonymous_21)
FN:368,(anonymous_22)
FN:383,(anonymous_23)
FN:390,(anonymous_24)
FN:403,(anonymous_25)
FN:416,(anonymous_26)
FN:434,(anonymous_27)
FN:441,(anonymous_28)
FNF:29
FNH:0
FNDA:0,(anonymous_0)
FNDA:0,(anonymous_1)
FNDA:0,(anonymous_2)
FNDA:0,(anonymous_3)
FNDA:0,(anonymous_4)
FNDA:0,(anonymous_5)
FNDA:0,(anonymous_6)
FNDA:0,(anonymous_7)
FNDA:0,(anonymous_8)
FNDA:0,(anonymous_9)
FNDA:0,(anonymous_10)
FNDA:0,(anonymous_11)
FNDA:0,(anonymous_12)
FNDA:0,(anonymous_13)
FNDA:0,(anonymous_14)
FNDA:0,(anonymous_15)
FNDA:0,(anonymous_16)
FNDA:0,(anonymous_17)
FNDA:0,(anonymous_18)
FNDA:0,(anonymous_19)
FNDA:0,(anonymous_20)
FNDA:0,(anonymous_21)
FNDA:0,(anonymous_22)
FNDA:0,(anonymous_23)
FNDA:0,(anonymous_24)
FNDA:0,(anonymous_25)
FNDA:0,(anonymous_26)
FNDA:0,(anonymous_27)
FNDA:0,(anonymous_28)
DA:38,0
DA:53,0
DA:54,0
DA:55,0
DA:56,0
DA:57,0
DA:59,0
DA:60,0
DA:62,0
DA:63,0
DA:66,0
DA:68,0
DA:70,0
DA:71,0
DA:72,0
DA:74,0
DA:75,0
DA:76,0
DA:77,0
DA:78,0
DA:79,0
DA:81,0
DA:82,0
DA:83,0
DA:84,0
DA:86,0
DA:87,0
DA:88,0
DA:89,0
DA:90,0
DA:91,0
DA:92,0
DA:93,0
DA:94,0
DA:95,0
DA:96,0
DA:97,0
DA:98,0
DA:99,0
DA:101,0
DA:104,0
DA:106,0
DA:107,0
DA:108,0
DA:111,0
DA:112,0
DA:115,0
DA:118,0
DA:119,0
DA:123,0
DA:124,0
DA:125,0
DA:127,0
DA:128,0
DA:130,0
DA:134,0
DA:135,0
DA:144,0
DA:145,0
DA:149,0
DA:152,0
DA:154,0
DA:155,0
DA:158,0
DA:159,0
DA:160,0
DA:161,0
DA:162,0
DA:164,0
DA:165,0
DA:166,0
DA:167,0
DA:176,0
DA:177,0
DA:179,0
DA:180,0
DA:183,0
DA:187,0
DA:188,0
DA:189,0
DA:191,0
DA:192,0
DA:193,0
DA:195,0
DA:196,0
DA:199,0
DA:200,0
DA:202,0
DA:205,0
DA:206,0
DA:207,0
DA:208,0
DA:209,0
DA:211,0
DA:212,0
DA:213,0
DA:214,0
DA:216,0
DA:217,0
DA:218,0
DA:219,0
DA:220,0
DA:221,0
DA:230,0
DA:231,0
DA:240,0
DA:241,0
DA:244,0
DA:245,0
DA:247,0
DA:248,0
DA:251,0
DA:255,0
DA:256,0
DA:257,0
DA:258,0
DA:259,0
DA:261,0
DA:262,0
DA:263,0
DA:264,0
DA:265,0
DA:267,0
DA:268,0
DA:269,0
DA:270,0
DA:271,0
DA:272,0
DA:274,0
DA:277,0
DA:281,0
DA:282,0
DA:283,0
DA:284,0
DA:285,0
DA:287,0
DA:288,0
DA:289,0
DA:291,0
DA:292,0
DA:293,0
DA:294,0
DA:295,0
DA:296,0
DA:299,0
DA:300,0
DA:302,0
DA:306,0
DA:307,0
DA:308,0
DA:309,0
DA:310,0
DA:312,0
DA:313,0
DA:314,0
DA:316,0
DA:317,0
DA:318,0
DA:319,0
DA:321,0
DA:322,0
DA:327,0
DA:328,0
DA:329,0
DA:330,0
DA:331,0
DA:335,0
DA:352,0
DA:355,0
DA:368,0
DA:383,0
DA:390,0
DA:403,0
DA:416,0
DA:434,0
DA:441,0
LF:176
LH:0
BRDA:56,0,0,0
BRDA:56,0,1,0
BRDA:60,1,0,0
BRDA:60,1,1,0
BRDA:68,2,0,0
BRDA:68,2,1,0
BRDA:71,3,0,0
BRDA:71,3,1,0
BRDA:78,4,0,0
BRDA:78,4,1,0
BRDA:81,5,0,0
BRDA:81,5,1,0
BRDA:83,6,0,0
BRDA:83,6,1,0
BRDA:84,7,0,0
BRDA:84,7,1,0
BRDA:95,8,0,0
BRDA:95,8,1,0
BRDA:95,9,0,0
BRDA:95,9,1,0
BRDA:111,10,0,0
BRDA:111,10,1,0
BRDA:124,11,0,0
BRDA:124,11,1,0
BRDA:138,12,0,0
BRDA:138,12,1,0
BRDA:144,13,0,0
BRDA:144,13,1,0
BRDA:149,14,0,0
BRDA:149,14,1,0
BRDA:152,15,0,0
BRDA:152,15,1,0
BRDA:159,16,0,0
BRDA:159,16,1,0
BRDA:160,17,0,0
BRDA:160,17,1,0
BRDA:176,18,0,0
BRDA:176,18,1,0
BRDA:179,19,0,0
BRDA:179,19,1,0
BRDA:188,20,0,0
BRDA:188,20,1,0
BRDA:191,21,0,0
BRDA:191,21,1,0
BRDA:192,22,0,0
BRDA:192,22,1,0
BRDA:195,23,0,0
BRDA:195,23,1,0
BRDA:199,24,0,0
BRDA:199,24,1,0
BRDA:199,25,0,0
BRDA:199,25,1,0
BRDA:206,26,0,0
BRDA:206,26,1,0
BRDA:207,27,0,0
BRDA:207,27,1,0
BRDA:212,28,0,0
BRDA:212,28,1,0
BRDA:218,29,0,0
BRDA:218,29,1,0
BRDA:219,30,0,0
BRDA:219,30,1,0
BRDA:240,31,0,0
BRDA:240,31,1,0
BRDA:244,32,0,0
BRDA:244,32,1,0
BRDA:247,33,0,0
BRDA:247,33,1,0
BRDA:256,34,0,0
BRDA:256,34,1,0
BRDA:257,35,0,0
BRDA:257,35,1,0
BRDA:263,36,0,0
BRDA:263,36,1,0
BRDA:263,37,0,0
BRDA:263,37,1,0
BRDA:267,38,0,0
BRDA:267,38,1,0
BRDA:269,39,0,0
BRDA:269,39,1,0
BRDA:271,40,0,0
BRDA:271,40,1,0
BRDA:282,41,0,0
BRDA:282,41,1,0
BRDA:283,42,0,0
BRDA:283,42,1,0
BRDA:288,43,0,0
BRDA:288,43,1,0
BRDA:295,44,0,0
BRDA:295,44,1,0
BRDA:299,45,0,0
BRDA:299,45,1,0
BRDA:307,46,0,0
BRDA:307,46,1,0
BRDA:309,47,0,0
BRDA:309,47,1,0
BRDA:313,48,0,0
BRDA:313,48,1,0
BRDA:316,49,0,0
BRDA:316,49,1,0
BRDA:318,50,0,0
BRDA:318,50,1,0
BRDA:321,51,0,0
BRDA:321,51,1,0
BRDA:330,52,0,0
BRDA:330,52,1,0
BRDA:381,53,0,0
BRDA:381,53,1,0
BRDA:391,54,0,0
BRDA:391,54,1,0
BRDA:393,55,0,0
BRDA:393,55,1,0
BRDA:409,56,0,0
BRDA:409,56,1,0
BRDA:427,57,0,0
BRDA:427,57,1,0
BRDA:461,58,0,0
BRDA:461,58,1,0
BRDA:463,59,0,0
BRDA:463,59,1,0
BRF:120
BRH:0
end_of_record
TN:
SF:src/components/McpPanel.tsx
FN:8,(anonymous_0)
FN:20,(anonymous_1)
FN:21,(anonymous_2)
FN:26,(anonymous_3)
FN:102,(anonymous_4)
FN:140,(anonymous_5)
FN:140,(anonymous_6)
FN:141,(anonymous_7)
FN:141,(anonymous_8)
FN:143,(anonymous_9)
FN:160,(anonymous_10)
FN:174,(anonymous_11)
FN:203,(anonymous_12)
FN:217,(anonymous_13)
FNF:14
FNH:0
FNDA:0,(anonymous_0)
FNDA:0,(anonymous_1)
FNDA:0,(anonymous_2)
FNDA:0,(anonymous_3)
FNDA:0,(anonymous_4)
FNDA:0,(anonymous_5)
FNDA:0,(anonymous_6)
FNDA:0,(anonymous_7)
FNDA:0,(anonymous_8)
FNDA:0,(anonymous_9)
FNDA:0,(anonymous_10)
FNDA:0,(anonymous_11)
FNDA:0,(anonymous_12)
FNDA:0,(anonymous_13)
DA:8,0
DA:9,0
DA:11,0
DA:12,0
DA:13,0
DA:14,0
DA:15,0
DA:16,0
DA:17,0
DA:18,0
DA:20,0
DA:21,0
DA:22,0
DA:26,0
DA:27,0
DA:28,0
DA:29,0
DA:33,0
DA:34,0
DA:35,0
DA:36,0
DA:39,0
DA:41,0
DA:42,0
DA:43,0
DA:46,0
DA:54,0
DA:59,0
DA:64,0
DA:65,0
DA:66,0
DA:69,0
DA:70,0
DA:71,0
DA:73,0
DA:75,0
DA:82,0
DA:84,0
DA:86,0
DA:92,0
DA:95,0
DA:96,0
DA:98,0
DA:102,0
DA:103,0
DA:104,0
DA:105,0
DA:106,0
DA:107,0
DA:108,0
DA:110,0
DA:111,0
DA:112,0
DA:113,0
DA:114,0
DA:116,0
DA:117,0
DA:118,0
DA:120,0
DA:122,0
DA:123,0
DA:125,0
DA:127,0
DA:128,0
DA:129,0
DA:131,0
DA:133,0
DA:134,0
DA:136,0
DA:140,0
DA:141,0
DA:143,0
DA:144,0
DA:145,0
DA:147,0
DA:148,0
DA:151,0
DA:153,0
DA:160,0
DA:174,0
DA:195,0
DA:203,0
DA:217,0
LF:83
LH:0
BRDA:27,0,0,0
BRDA:27,0,1,0
BRDA:27,1,0,0
BRDA:27,1,1,0
BRDA:33,2,0,0
BRDA:33,2,1,0
BRDA:34,3,0,0
BRDA:34,3,1,0
BRDA:66,4,0,0
BRDA:66,4,1,0
BRDA:73,5,0,0
BRDA:73,5,1,0
BRDA:73,6,0,0
BRDA:73,6,1,0
BRDA:78,7,0,0
BRDA:78,7,1,0
BRDA:79,8,0,0
BRDA:79,8,1,0
BRDA:89,9,0,0
BRDA:89,9,1,0
BRDA:127,10,0,0
BRDA:127,10,1,0
BRDA:129,11,0,0
BRDA:129,11,1,0
BRDA:144,12,0,0
BRDA:144,12,1,0
BRDA:147,13,0,0
BRDA:147,13,1,0
BRDA:147,14,0,0
BRDA:147,14,1,0
BRDA:151,15,0,0
BRDA:151,15,1,0
BRDA:158,16,0,0
BRDA:158,16,1,0
BRDA:159,17,0,0
BRDA:159,17,1,0
BRDA:160,18,0,0
BRDA:160,18,1,0
BRDA:165,19,0,0
BRDA:165,19,1,0
BRDA:169,20,0,0
BRDA:169,20,1,0
BRDA:172,21,0,0
BRDA:172,21,1,0
BRDA:182,22,0,0
BRDA:182,22,1,0
BRDA:186,23,0,0
BRDA:186,23,1,0
BRDA:209,24,0,0
BRDA:209,24,1,0
BRDA:223,25,0,0
BRDA:223,25,1,0
BRF:52
BRH:0
end_of_record
TN:
SF:src/components/SettingsPanel.tsx
FN:17,(anonymous_0)
FN:35,(anonymous_1)
FN:42,(anonymous_2)
FN:58,(anonymous_3)
FN:78,(anonymous_4)
FN:92,(anonymous_5)
FN:142,(anonymous_6)
FN:154,(anonymous_7)
FN:183,(anonymous_8)
FN:207,(anonymous_9)
FN:237,(anonymous_10)
FN:244,(anonymous_11)
FN:259,(anonymous_12)
FN:266,(anonymous_13)
FN:297,(anonymous_14)
FN:310,(anonymous_15)
FN:317,(anonymous_16)
FN:332,(anonymous_17)
FN:340,(anonymous_18)
FN:347,(anonymous_19)
FN:386,(anonymous_20)
FN:412,(anonymous_21)
FN:420,(anonymous_22)
FN:434,(anonymous_23)
FNF:24
FNH:0
FNDA:0,(anonymous_0)
FNDA:0,(anonymous_1)
FNDA:0,(anonymous_2)
FNDA:0,(anonymous_3)
FNDA:0,(anonymous_4)
FNDA:0,(anonymous_5)
FNDA:0,(anonymous_6)
FNDA:0,(anonymous_7)
FNDA:0,(anonymous_8)
FNDA:0,(anonymous_9)
FNDA:0,(anonymous_10)
FNDA:0,(anonymous_11)
FNDA:0,(anonymous_12)
FNDA:0,(anonymous_13)
FNDA:0,(anonymous_14)
FNDA:0,(anonymous_15)
FNDA:0,(anonymous_16)
FNDA:0,(anonymous_17)
FNDA:0,(anonymous_18)
FNDA:0,(anonymous_19)
FNDA:0,(anonymous_20)
FNDA:0,(anonymous_21)
FNDA:0,(anonymous_22)
FNDA:0,(anonymous_23)
DA:17,0
DA:26,0
DA:27,0
DA:28,0
DA:29,0
DA:30,0
DA:31,0
DA:32,0
DA:33,0
DA:35,0
DA:36,0
DA:37,0
DA:38,0
DA:42,0
DA:43,0
DA:58,0
DA:59,0
DA:60,0
DA:61,0
DA:62,0
DA:65,0
DA:66,0
DA:67,0
DA:73,0
DA:74,0
DA:77,0
DA:78,0
DA:79,0
DA:81,0
DA:82,0
DA:85,0
DA:86,0
DA:88,0
DA:92,0
DA:93,0
DA:94,0
DA:95,0
DA:97,0
DA:98,0
DA:99,0
DA:100,0
DA:103,0
DA:104,0
DA:105,0
DA:106,0
DA:107,0
DA:109,0
DA:115,0
DA:116,0
DA:117,0
DA:118,0
DA:121,0
DA:122,0
DA:125,0
DA:126,0
DA:127,0
DA:128,0
DA:130,0
DA:131,0
DA:134,0
DA:135,0
DA:136,0
DA:138,0
DA:142,0
DA:143,0
DA:144,0
DA:149,0
DA:154,0
DA:155,0
DA:156,0
DA:162,0
DA:172,0
DA:173,0
DA:174,0
DA:175,0
DA:177,0
DA:178,0
DA:181,0
DA:183,0
DA:207,0
DA:237,0
DA:244,0
DA:259,0
DA:267,0
DA:297,0
DA:310,0
DA:317,0
DA:332,0
DA:340,0
DA:348,0
DA:387,0
DA:388,0
DA:412,0
DA:421,0
DA:422,0
DA:435,0
DA:436,0
LF:97
LH:0
BRDA:37,0,0,0
BRDA:37,0,1,0
BRDA:43,1,0,0
BRDA:43,1,1,0
BRDA:60,2,0,0
BRDA:60,2,1,0
BRDA:73,3,0,0
BRDA:73,3,1,0
BRDA:81,4,0,0
BRDA:81,4,1,0
BRDA:81,5,0,0
BRDA:81,5,1,0
BRDA:94,6,0,0
BRDA:94,6,1,0
BRDA:95,7,0,0
BRDA:95,7,1,0
BRDA:97,8,0,0
BRDA:97,8,1,0
BRDA:97,9,0,0
BRDA:97,9,1,0
BRDA:115,10,0,0
BRDA:115,10,1,0
BRDA:115,11,0,0
BRDA:115,11,1,0
BRDA:121,12,0,0
BRDA:121,12,1,0
BRDA:126,13,0,0
BRDA:126,13,1,0
BRDA:130,14,0,0
BRDA:130,14,1,0
BRDA:130,15,0,0
BRDA:130,15,1,0
BRDA:130,16,0,0
BRDA:130,16,1,0
BRDA:144,17,0,0
BRDA:144,17,1,0
BRDA:145,18,0,0
BRDA:145,18,1,0
BRDA:145,18,2,0
BRDA:156,19,0,0
BRDA:156,19,1,0
BRDA:157,20,0,0
BRDA:157,20,1,0
BRDA:157,20,2,0
BRDA:157,20,3,0
BRDA:173,21,0,0
BRDA:173,21,1,0
BRDA:177,22,0,0
BRDA:177,22,1,0
BRDA:218,23,0,0
BRDA:218,23,1,0
BRDA:224,24,0,0
BRDA:224,24,1,0
BRDA:235,25,0,0
BRDA:235,25,1,0
BRDA:245,26,0,0
BRDA:245,26,1,0
BRDA:247,27,0,0
BRDA:247,27,1,0
BRDA:261,28,0,0
BRDA:261,28,1,0
BRDA:263,29,0,0
BRDA:263,29,1,0
BRDA:265,30,0,0
BRDA:265,30,1,0
BRDA:281,31,0,0
BRDA:281,31,1,0
BRDA:296,32,0,0
BRDA:296,32,1,0
BRDA:308,33,0,0
BRDA:308,33,1,0
BRDA:309,34,0,0
BRDA:309,34,1,0
BRDA:318,35,0,0
BRDA:318,35,1,0
BRDA:320,36,0,0
BRDA:320,36,1,0
BRDA:327,37,0,0
BRDA:327,37,1,0
BRDA:331,38,0,0
BRDA:331,38,1,0
BRDA:339,39,0,0
BRDA:339,39,1,0
BRDA:342,40,0,0
BRDA:342,40,1,0
BRDA:342,41,0,0
BRDA:342,41,1,0
BRDA:344,42,0,0
BRDA:344,42,1,0
BRDA:346,43,0,0
BRDA:346,43,1,0
BRDA:357,44,0,0
BRDA:357,44,1,0
BRDA:389,45,0,0
BRDA:389,45,1,0
BRDA:394,46,0,0
BRDA:394,46,1,0
BRDA:414,47,0,0
BRDA:414,47,1,0
BRDA:416,48,0,0
BRDA:416,48,1,0
BRDA:429,49,0,0
BRDA:429,49,1,0
BRF:103
BRH:0
end_of_record
TN:
SF:src/components/ThreadsPanel.tsx
FN:28,(anonymous_0)
FN:52,(anonymous_1)
FN:60,(anonymous_2)
FN:67,(anonymous_3)
FN:80,(anonymous_4)
FN:89,(anonymous_5)
FN:93,(anonymous_6)
FN:105,(anonymous_7)
FN:119,(anonymous_8)
FN:159,(anonymous_9)
FNF:10
FNH:0
FNDA:0,(anonymous_0)
FNDA:0,(anonymous_1)
FNDA:0,(anonymous_2)
FNDA:0,(anonymous_3)
FNDA:0,(anonymous_4)
FNDA:0,(anonymous_5)
FNDA:0,(anonymous_6)
FNDA:0,(anonymous_7)
FNDA:0,(anonymous_8)
FNDA:0,(anonymous_9)
DA:28,0
DA:49,0
DA:52,0
DA:60,0
DA:68,0
DA:69,0
DA:70,0
DA:71,0
DA:72,0
DA:74,0
DA:81,0
DA:82,0
DA:89,0
DA:94,0
DA:95,0
DA:96,0
DA:106,0
DA:107,0
DA:108,0
DA:119,0
DA:159,0
LF:21
LH:0
BRDA:51,0,0,0
BRDA:51,0,1,0
BRDA:54,1,0,0
BRDA:54,1,1,0
BRDA:56,2,0,0
BRDA:56,2,1,0
BRDA:69,3,0,0
BRDA:69,3,1,0
BRDA:70,4,0,0
BRDA:70,4,1,0
BRDA:71,5,0,0
BRDA:71,5,1,0
BRDA:72,6,0,0
BRDA:72,6,1,0
BRDA:75,7,0,0
BRDA:75,7,1,0
BRDA:82,8,0,0
BRDA:82,8,1,0
BRDA:88,9,0,0
BRDA:88,9,1,0
BRDA:101,10,0,0
BRDA:101,10,1,0
BRDA:142,11,0,0
BRDA:142,11,1,0
BRDA:145,12,0,0
BRDA:145,12,1,0
BRDA:160,13,0,0
BRDA:160,13,1,0
BRDA:162,14,0,0
BRDA:162,14,1,0
BRDA:163,15,0,0
BRDA:163,15,1,0
BRDA:169,16,0,0
BRDA:169,16,1,0
BRDA:171,17,0,0
BRDA:171,17,1,0
BRDA:172,18,0,0
BRDA:172,18,1,0
BRF:38
BRH:0
end_of_record
TN:
SF:src/constants/chat.ts
FNF:0
FNH:0
DA:1,0
DA:3,0
LF:2
LH:0
BRF:0
BRH:0
end_of_record
TN:
SF:src/hooks/useAudioPlayer.ts
FN:7,(anonymous_0)
FN:12,(anonymous_1)
FN:42,(anonymous_2)
FN:43,(anonymous_3)
FN:63,(anonymous_4)
FN:69,(anonymous_5)
FN:77,(anonymous_6)
FN:91,(anonymous_7)
FN:98,(anonymous_8)
FNF:9
FNH:0
FNDA:0,(anonymous_0)
FNDA:0,(anonymous_1)
FNDA:0,(anonymous_2)
FNDA:0,(anonymous_3)
FNDA:0,(anonymous_4)
FNDA:0,(anonymous_5)
FNDA:0,(anonymous_6)
FNDA:0,(anonymous_7)
FNDA:0,(anonymous_8)
DA:7,0
DA:8,0
DA:9,0
DA:10,0
DA:12,0
DA:13,0
DA:14,0
DA:17,0
DA:19,0
DA:20,0
DA:21,0
DA:22,0
DA:24,0
DA:25,0
DA:26,0
DA:30,0
DA:31,0
DA:32,0
DA:34,0
DA:35,0
DA:39,0
DA:42,0
DA:43,0
DA:44,0
DA:45,0
DA:47,0
DA:48,0
DA:49,0
DA:50,0
DA:51,0
DA:52,0
DA:53,0
DA:56,0
DA:61,0
DA:63,0
DA:64,0
DA:65,0
DA:69,0
DA:70,0
DA:71,0
DA:72,0
DA:73,0
DA:75,0
DA:76,0
DA:77,0
DA:78,0
DA:81,0
DA:82,0
DA:83,0
DA:87,0
DA:88,0
DA:89,0
DA:91,0
DA:92,0
DA:93,0
DA:94,0
DA:95,0
DA:96,0
DA:97,0
DA:98,0
DA:99,0
DA:102,0
DA:106,0
LF:63
LH:0
BRDA:13,0,0,0
BRDA:13,0,1,0
BRDA:13,1,0,0
BRDA:13,1,1,0
BRDA:19,2,0,0
BRDA:19,2,1,0
BRDA:19,3,0,0
BRDA:19,3,1,0
BRDA:30,4,0,0
BRDA:30,4,1,0
BRDA:44,5,0,0
BRDA:44,5,1,0
BRDA:47,6,0,0
BRDA:47,6,1,0
BRDA:47,7,0,0
BRDA:47,7,1,0
BRDA:50,8,0,0
BRDA:50,8,1,0
BRDA:64,9,0,0
BRDA:64,9,1,0
BRDA:64,10,0,0
BRDA:64,10,1,0
BRDA:64,10,2,0
BRDA:64,10,3,0
BRDA:70,11,0,0
BRDA:70,11,1,0
BRDA:71,12,0,0
BRDA:71,12,1,0
BRDA:71,13,0,0
BRDA:71,13,1,0
BRDA:76,14,0,0
BRDA:76,14,1,0
BRDA:76,15,0,0
BRDA:76,15,1,0
BRDA:82,16,0,0
BRDA:82,16,1,0
BRDA:82,17,0,0
BRDA:82,17,1,0
BRDA:97,18,0,0
BRDA:97,18,1,0
BRDA:97,19,0,0
BRDA:97,19,1,0
BRF:42
BRH:0
end_of_record
TN:
SF:src/hooks/useChatState.ts
FN:13,(anonymous_0)
FN:17,(anonymous_1)
FN:20,(anonymous_2)
FN:25,(anonymous_3)
FN:28,(anonymous_4)
FN:49,(anonymous_5)
FN:72,(anonymous_6)
FN:77,(anonymous_7)
FN:82,(anonymous_8)
FN:95,(anonymous_9)
FN:100,(anonymous_10)
FN:105,(anonymous_11)
FN:109,(anonymous_12)
FN:113,(anonymous_13)
FN:117,(anonymous_14)
FN:121,(anonymous_15)
FN:128,(anonymous_16)
FN:129,(anonymous_17)
FN:136,(anonymous_18)
FN:137,(anonymous_19)
FN:142,(anonymous_20)
FNF:21
FNH:0
FNDA:0,(anonymous_0)
FNDA:0,(anonymous_1)
FNDA:0,(anonymous_2)
FNDA:0,(anonymous_3)
FNDA:0,(anonymous_4)
FNDA:0,(anonymous_5)
FNDA:0,(anonymous_6)
FNDA:0,(anonymous_7)
FNDA:0,(anonymous_8)
FNDA:0,(anonymous_9)
FNDA:0,(anonymous_10)
FNDA:0,(anonymous_11)
FNDA:0,(anonymous_12)
FNDA:0,(anonymous_13)
FNDA:0,(anonymous_14)
FNDA:0,(anonymous_15)
FNDA:0,(anonymous_16)
FNDA:0,(anonymous_17)
FNDA:0,(anonymous_18)
FNDA:0,(anonymous_19)
FNDA:0,(anonymous_20)
DA:13,0
DA:14,0
DA:15,0
DA:17,0
DA:18,0
DA:21,0
DA:25,0
DA:26,0
DA:28,0
DA:29,0
DA:30,0
DA:31,0
DA:32,0
DA:34,0
DA:35,0
DA:36,0
DA:39,0
DA:48,0
DA:49,0
DA:50,0
DA:51,0
DA:54,0
DA:55,0
DA:56,0
DA:58,0
DA:66,0
DA:70,0
DA:72,0
DA:73,0
DA:77,0
DA:78,0
DA:79,0
DA:82,0
DA:83,0
DA:84,0
DA:85,0
DA:86,0
DA:87,0
DA:89,0
DA:92,0
DA:95,0
DA:96,0
DA:97,0
DA:100,0
DA:101,0
DA:102,0
DA:105,0
DA:106,0
DA:109,0
DA:110,0
DA:113,0
DA:114,0
DA:117,0
DA:118,0
DA:121,0
DA:122,0
DA:128,0
DA:129,0
DA:130,0
DA:136,0
DA:137,0
DA:138,0
DA:142,0
DA:143,0
DA:144,0
DA:145,0
DA:149,0
DA:153,0
LF:68
LH:0
BRDA:31,0,0,0
BRDA:31,0,1,0
BRDA:34,1,0,0
BRDA:34,1,1,0
BRDA:55,2,0,0
BRDA:55,2,1,0
BRDA:79,3,0,0
BRDA:79,3,1,0
BRDA:84,4,0,0
BRDA:84,4,1,0
BRDA:87,5,0,0
BRDA:87,5,1,0
BRDA:97,6,0,0
BRDA:97,6,1,0
BRDA:102,7,0,0
BRDA:102,7,1,0
BRDA:138,8,0,0
BRDA:138,8,1,0
BRF:18
BRH:0
end_of_record
TN:
SF:src/hooks/useImageUpload.ts
FN:7,(anonymous_0)
FN:10,(anonymous_1)
FN:23,(anonymous_2)
FNF:3
FNH:0
FNDA:0,(anonymous_0)
FNDA:0,(anonymous_1)
FNDA:0,(anonymous_2)
DA:7,0
DA:8,0
DA:10,0
DA:11,0
DA:12,0
DA:13,0
DA:16,0
DA:17,0
DA:19,0
DA:23,0
DA:24,0
DA:27,0
LF:12
LH:0
BRDA:12,0,0,0
BRDA:12,0,1,0
BRDA:12,1,0,0
BRDA:12,1,1,0
BRF:4
BRH:0
end_of_record
TN:
SF:src/hooks/useSpeechRecognition.ts
FN:8,(anonymous_0)
FN:13,(anonymous_1)
FN:25,(anonymous_2)
FN:30,(anonymous_3)
FN:56,(anonymous_4)
FN:61,(anonymous_5)
FN:63,(anonymous_6)
FN:71,(anonymous_7)
FN:82,(anonymous_8)
FN:107,(anonymous_9)
FN:132,(anonymous_10)
FN:148,(anonymous_11)
FN:156,(anonymous_12)
FN:161,(anonymous_13)
FN:169,(anonymous_14)
FNF:15
FNH:0
FNDA:0,(anonymous_0)
FNDA:0,(anonymous_1)
FNDA:0,(anonymous_2)
FNDA:0,(anonymous_3)
FNDA:0,(anonymous_4)
FNDA:0,(anonymous_5)
FNDA:0,(anonymous_6)
FNDA:0,(anonymous_7)
FNDA:0,(anonymous_8)
FNDA:0,(anonymous_9)
FNDA:0,(anonymous_10)
FNDA:0,(anonymous_11)
FNDA:0,(anonymous_12)
FNDA:0,(anonymous_13)
FNDA:0,(anonymous_14)
DA:8,0
DA:9,0
DA:10,0
DA:11,0
DA:13,0
DA:14,0
DA:15,0
DA:16,0
DA:18,0
DA:19,0
DA:20,0
DA:21,0
DA:22,0
DA:25,0
DA:26,0
DA:27,0
DA:30,0
DA:31,0
DA:32,0
DA:35,0
DA:36,0
DA:39,0
DA:41,0
DA:42,0
DA:43,0
DA:46,0
DA:47,0
DA:48,0
DA:49,0
DA:51,0
DA:52,0
DA:55,0
DA:57,0
DA:58,0
DA:61,0
DA:62,0
DA:63,0
DA:64,0
DA:65,0
DA:67,0
DA:68,0
DA:71,0
DA:72,0
DA:73,0
DA:74,0
DA:77,0
DA:82,0
DA:83,0
DA:84,0
DA:87,0
DA:89,0
DA:90,0
DA:93,0
DA:95,0
DA:96,0
DA:98,0
DA:99,0
DA:101,0
DA:102,0
DA:107,0
DA:108,0
DA:110,0
DA:111,0
DA:114,0
DA:115,0
DA:116,0
DA:118,0
DA:119,0
DA:122,0
DA:123,0
DA:125,0
DA:129,0
DA:132,0
DA:133,0
DA:135,0
DA:136,0
DA:139,0
DA:140,0
DA:142,0
DA:145,0
DA:148,0
DA:149,0
DA:150,0
DA:152,0
DA:156,0
DA:157,0
DA:158,0
DA:161,0
DA:162,0
DA:163,0
DA:167,0
DA:169,0
DA:170,0
DA:171,0
DA:172,0
DA:176,0
LF:96
LH:0
BRDA:15,0,0,0
BRDA:15,0,1,0
BRDA:31,1,0,0
BRDA:31,1,1,0
BRDA:35,2,0,0
BRDA:35,2,1,0
BRDA:39,3,0,0
BRDA:39,3,1,0
BRDA:41,4,0,0
BRDA:41,4,1,0
BRDA:57,5,0,0
BRDA:57,5,1,0
BRDA:65,6,0,0
BRDA:65,6,1,0
BRDA:65,7,0,0
BRDA:65,7,1,0
BRDA:67,8,0,0
BRDA:67,8,1,0
BRDA:83,9,0,0
BRDA:83,9,1,0
BRDA:89,10,0,0
BRDA:89,10,1,0
BRDA:99,11,0,0
BRDA:99,11,1,0
BRDA:101,12,0,0
BRDA:101,12,1,0
BRDA:101,13,0,0
BRDA:101,13,1,0
BRDA:110,14,0,0
BRDA:110,14,1,0
BRDA:114,15,0,0
BRDA:114,15,1,0
BRDA:119,16,0,0
BRDA:119,16,1,0
BRDA:135,17,0,0
BRDA:135,17,1,0
BRDA:149,18,0,0
BRDA:149,18,1,0
BRDA:157,19,0,0
BRDA:157,19,1,0
BRDA:162,20,0,0
BRDA:162,20,1,0
BRF:42
BRH:0
end_of_record
TN:
SF:src/storage/chatbotDbConfig.ts
FN:14,(anonymous_0)
FN:20,(anonymous_1)
FNF:2
FNH:0
FNDA:0,(anonymous_0)
FNDA:0,(anonymous_1)
DA:3,0
DA:4,0
DA:6,0
DA:7,0
DA:8,0
DA:10,0
DA:14,0
DA:15,0
DA:16,0
DA:20,0
DA:25,0
DA:26,0
DA:27,0
DA:28,0
DA:29,0
DA:30,0
DA:31,0
DA:32,0
DA:33,0
DA:36,0
DA:37,0
DA:38,0
DA:39,0
DA:42,0
DA:43,0
DA:44,0
DA:45,0
LF:27
LH:0
BRDA:15,0,0,0
BRDA:15,0,1,0
BRDA:29,1,0,0
BRDA:29,1,1,0
BRDA:37,2,0,0
BRDA:37,2,1,0
BRDA:42,3,0,0
BRDA:42,3,1,0
BRDA:43,4,0,0
BRDA:43,4,1,0
BRDA:44,5,0,0
BRDA:44,5,1,0
BRF:12
BRH:0
end_of_record
TN:
SF:src/storage/messagesStorage.ts
FN:57,(anonymous_0)
FN:64,(anonymous_1)
FN:78,(anonymous_2)
FN:92,(anonymous_3)
FN:93,(anonymous_4)
FN:95,(anonymous_5)
FN:116,(anonymous_6)
FN:150,(anonymous_7)
FN:202,(anonymous_8)
FN:209,(anonymous_9)
FN:218,(anonymous_10)
FN:223,(anonymous_11)
FN:252,(anonymous_12)
FN:257,(anonymous_13)
FN:277,(anonymous_14)
FN:285,(anonymous_15)
FN:301,(anonymous_16)
FN:317,(anonymous_17)
FN:319,(anonymous_18)
FN:324,(anonymous_19)
FN:326,(anonymous_20)
FN:331,(anonymous_21)
FN:336,(anonymous_22)
FN:339,(anonymous_23)
FN:340,(anonymous_24)
FN:344,(anonymous_25)
FN:345,(anonymous_26)
FN:349,(anonymous_27)
FN:352,(anonymous_28)
FN:353,(anonymous_29)
FNF:30
FNH:0
FNDA:0,(anonymous_0)
FNDA:0,(anonymous_1)
FNDA:0,(anonymous_2)
FNDA:0,(anonymous_3)
FNDA:0,(anonymous_4)
FNDA:0,(anonymous_5)
FNDA:0,(anonymous_6)
FNDA:0,(anonymous_7)
FNDA:0,(anonymous_8)
FNDA:0,(anonymous_9)
FNDA:0,(anonymous_10)
FNDA:0,(anonymous_11)
FNDA:0,(anonymous_12)
FNDA:0,(anonymous_13)
FNDA:0,(anonymous_14)
FNDA:0,(anonymous_15)
FNDA:0,(anonymous_16)
FNDA:0,(anonymous_17)
FNDA:0,(anonymous_18)
FNDA:0,(anonymous_19)
FNDA:0,(anonymous_20)
FNDA:0,(anonymous_21)
FNDA:0,(anonymous_22)
FNDA:0,(anonymous_23)
FNDA:0,(anonymous_24)
FNDA:0,(anonymous_25)
FNDA:0,(anonymous_26)
FNDA:0,(anonymous_27)
FNDA:0,(anonymous_28)
FNDA:0,(anonymous_29)
DA:13,0
DA:14,0
DA:15,0
DA:16,0
DA:50,0
DA:51,0
DA:53,0
DA:54,0
DA:55,0
DA:57,0
DA:58,0
DA:59,0
DA:61,0
DA:64,0
DA:78,0
DA:92,0
DA:93,0
DA:95,0
DA:96,0
DA:97,0
DA:99,0
DA:100,0
DA:101,0
DA:102,0
DA:105,0
DA:106,0
DA:107,0
DA:110,0
DA:113,0
DA:116,0
DA:117,0
DA:118,0
DA:121,0
DA:122,0
DA:124,0
DA:125,0
DA:126,0
DA:127,0
DA:130,0
DA:131,0
DA:132,0
DA:133,0
DA:134,0
DA:135,0
DA:136,0
DA:141,0
DA:144,0
DA:147,0
DA:150,0
DA:151,0
DA:152,0
DA:155,0
DA:156,0
DA:161,0
DA:162,0
DA:163,0
DA:166,0
DA:167,0
DA:168,0
DA:169,0
DA:173,0
DA:174,0
DA:175,0
DA:178,0
DA:179,0
DA:181,0
DA:182,0
DA:183,0
DA:184,0
DA:185,0
DA:187,0
DA:202,0
DA:203,0
DA:204,0
DA:207,0
DA:208,0
DA:210,0
DA:215,0
DA:218,0
DA:219,0
DA:220,0
DA:223,0
DA:224,0
DA:225,0
DA:226,0
DA:229,0
DA:230,0
DA:231,0
DA:234,0
DA:236,0
DA:237,0
DA:238,0
DA:239,0
DA:240,0
DA:241,0
DA:243,0
DA:245,0
DA:249,0
DA:252,0
DA:253,0
DA:254,0
DA:257,0
DA:261,0
DA:262,0
DA:263,0
DA:264,0
DA:265,0
DA:266,0
DA:269,0
DA:270,0
DA:271,0
DA:272,0
DA:277,0
DA:278,0
DA:279,0
DA:280,0
DA:281,0
DA:282,0
DA:285,0
DA:286,0
DA:287,0
DA:288,0
DA:289,0
DA:290,0
DA:291,0
DA:292,0
DA:293,0
DA:296,0
DA:297,0
DA:298,0
DA:301,0
DA:302,0
DA:303,0
DA:304,0
DA:305,0
DA:306,0
DA:307,0
DA:310,0
DA:311,0
DA:312,0
DA:314,0
DA:317,0
DA:318,0
DA:319,0
DA:324,0
DA:325,0
DA:326,0
DA:328,0
DA:331,0
DA:332,0
DA:333,0
DA:334,0
DA:336,0
DA:339,0
DA:340,0
DA:344,0
DA:345,0
DA:346,0
DA:349,0
DA:352,0
DA:353,0
LF:161
LH:0
BRDA:51,0,0,0
BRDA:51,0,1,0
BRDA:58,1,0,0
BRDA:58,1,1,0
BRDA:58,2,0,0
BRDA:58,2,1,0
BRDA:75,3,0,0
BRDA:75,3,1,0
BRDA:84,4,0,0
BRDA:84,4,1,0
BRDA:89,5,0,0
BRDA:89,5,1,0
BRDA:100,6,0,0
BRDA:100,6,1,0
BRDA:107,7,0,0
BRDA:107,7,1,0
BRDA:117,8,0,0
BRDA:117,8,1,0
BRDA:117,9,0,0
BRDA:117,9,1,0
BRDA:126,10,0,0
BRDA:126,10,1,0
BRDA:132,11,0,0
BRDA:132,11,1,0
BRDA:135,12,0,0
BRDA:135,12,1,0
BRDA:151,13,0,0
BRDA:151,13,1,0
BRDA:151,14,0,0
BRDA:151,14,1,0
BRDA:156,15,0,0
BRDA:156,15,1,0
BRDA:158,16,0,0
BRDA:158,16,1,0
BRDA:161,17,0,0
BRDA:161,17,1,0
BRDA:162,18,0,0
BRDA:162,18,1,0
BRDA:166,19,0,0
BRDA:166,19,1,0
BRDA:167,20,0,0
BRDA:167,20,1,0
BRDA:168,21,0,0
BRDA:168,21,1,0
BRDA:169,22,0,0
BRDA:169,22,1,0
BRDA:169,23,0,0
BRDA:169,23,1,0
BRDA:175,24,0,0
BRDA:175,24,1,0
BRDA:179,25,0,0
BRDA:179,25,1,0
BRDA:181,26,0,0
BRDA:181,26,1,0
BRDA:182,27,0,0
BRDA:182,27,1,0
BRDA:183,28,0,0
BRDA:183,28,1,0
BRDA:184,29,0,0
BRDA:184,29,1,0
BRDA:185,30,0,0
BRDA:185,30,1,0
BRDA:203,31,0,0
BRDA:203,31,1,0
BRDA:207,32,0,0
BRDA:207,32,1,0
BRDA:210,33,0,0
BRDA:210,33,1,0
BRDA:219,34,0,0
BRDA:219,34,1,0
BRDA:225,35,0,0
BRDA:225,35,1,0
BRDA:236,36,0,0
BRDA:236,36,1,0
BRDA:265,37,0,0
BRDA:265,37,1,0
BRDA:271,38,0,0
BRDA:271,38,1,0
BRDA:288,39,0,0
BRDA:288,39,1,0
BRDA:304,40,0,0
BRDA:304,40,1,0
BRDA:325,41,0,0
BRDA:325,41,1,0
BRDA:332,42,0,0
BRDA:332,42,1,0
BRDA:340,43,0,0
BRDA:340,43,1,0
BRDA:346,44,0,0
BRDA:346,44,1,0
BRDA:353,45,0,0
BRDA:353,45,1,0
BRF:92
BRH:0
end_of_record
TN:
SF:src/storage/modelCatalogStorage.ts
FN:28,(anonymous_0)
FN:34,(anonymous_1)
FN:50,(anonymous_2)
FN:66,(anonymous_3)
FN:79,(anonymous_4)
FN:87,(anonymous_5)
FNF:6
FNH:0
FNDA:0,(anonymous_0)
FNDA:0,(anonymous_1)
FNDA:0,(anonymous_2)
FNDA:0,(anonymous_3)
FNDA:0,(anonymous_4)
FNDA:0,(anonymous_5)
DA:4,0
DA:5,0
DA:6,0
DA:7,0
DA:23,0
DA:25,0
DA:26,0
DA:28,0
DA:29,0
DA:30,0
DA:32,0
DA:33,0
DA:35,0
DA:36,0
DA:41,0
DA:50,0
DA:51,0
DA:52,0
DA:54,0
DA:55,0
DA:56,0
DA:57,0
DA:59,0
DA:66,0
DA:67,0
DA:68,0
DA:70,0
DA:71,0
DA:79,0
DA:80,0
DA:81,0
DA:83,0
DA:84,0
DA:87,0
DA:88,0
DA:89,0
DA:91,0
LF:37
LH:0
BRDA:26,0,0,0
BRDA:26,0,1,0
BRDA:29,1,0,0
BRDA:29,1,1,0
BRDA:32,2,0,0
BRDA:32,2,1,0
BRDA:35,3,0,0
BRDA:35,3,1,0
BRDA:51,4,0,0
BRDA:51,4,1,0
BRDA:56,5,0,0
BRDA:56,5,1,0
BRDA:66,6,0,0
BRDA:67,7,0,0
BRDA:67,7,1,0
BRDA:80,8,0,0
BRDA:80,8,1,0
BRDA:88,9,0,0
BRDA:88,9,1,0
BRF:19
BRH:0
end_of_record
TN:
SF:src/storage/providerPreferences.ts
FN:3,(anonymous_0)
FN:17,(anonymous_1)
FN:25,(anonymous_2)
FN:36,(anonymous_3)
FN:38,(anonymous_4)
FN:48,(anonymous_5)
FN:54,(anonymous_6)
FNF:7
FNH:0
FNDA:0,(anonymous_0)
FNDA:0,(anonymous_1)
FNDA:0,(anonymous_2)
FNDA:0,(anonymous_3)
FNDA:0,(anonymous_4)
FNDA:0,(anonymous_5)
FNDA:0,(anonymous_6)
DA:1,0
DA:3,0
DA:4,0
DA:5,0
DA:7,0
DA:8,0
DA:9,0
DA:10,0
DA:12,0
DA:13,0
DA:14,0
DA:16,0
DA:17,0
DA:20,0
DA:21,0
DA:25,0
DA:26,0
DA:27,0
DA:29,0
DA:30,0
DA:32,0
DA:36,0
DA:38,0
DA:39,0
DA:40,0
DA:41,0
DA:42,0
DA:45,0
DA:48,0
DA:49,0
DA:50,0
DA:51,0
DA:54,0
DA:55,0
DA:56,0
DA:57,0
LF:36
LH:0
BRDA:4,0,0,0
BRDA:4,0,1,0
BRDA:9,1,0,0
BRDA:9,1,1,0
BRDA:13,2,0,0
BRDA:13,2,1,0
BRDA:13,3,0,0
BRDA:13,3,1,0
BRDA:26,4,0,0
BRDA:26,4,1,0
BRDA:41,5,0,0
BRDA:41,5,1,0
BRF:12
BRH:0
end_of_record
TN:
SF:src/storage/settingsStorage.ts
FN:33,(anonymous_0)
FN:40,(anonymous_1)
FN:49,(anonymous_2)
FN:55,(anonymous_3)
FNF:4
FNH:0
FNDA:0,(anonymous_0)
FNDA:0,(anonymous_1)
FNDA:0,(anonymous_2)
FNDA:0,(anonymous_3)
DA:28,0
DA:29,0
DA:31,0
DA:33,0
DA:34,0
DA:35,0
DA:38,0
DA:39,0
DA:41,0
DA:46,0
DA:49,0
DA:50,0
DA:51,0
DA:52,0
DA:55,0
DA:56,0
DA:57,0
DA:58,0
DA:59,0
DA:60,0
DA:61,0
DA:62,0
DA:64,0
LF:23
LH:0
BRDA:29,0,0,0
BRDA:29,0,1,0
BRDA:34,1,0,0
BRDA:34,1,1,0
BRDA:38,2,0,0
BRDA:38,2,1,0
BRDA:41,3,0,0
BRDA:41,3,1,0
BRDA:50,4,0,0
BRDA:50,4,1,0
BRDA:56,5,0,0
BRDA:56,5,1,0
BRDA:61,6,0,0
BRDA:61,6,1,0
BRF:14
BRH:0
end_of_record
TN:
SF:src/storage/togetherKeyStorage.ts
FN:11,(anonymous_0)
FN:12,(anonymous_1)
FN:15,(anonymous_2)
FN:22,(anonymous_3)
FN:50,(anonymous_4)
FN:57,(anonymous_5)
FN:68,(anonymous_6)
FN:80,(anonymous_7)
FN:92,(anonymous_8)
FN:99,(anonymous_9)
FN:121,(anonymous_10)
FN:147,(anonymous_11)
FN:164,(anonymous_12)
FN:166,(anonymous_13)
FN:186,(anonymous_14)
FN:218,(anonymous_15)
FN:220,(anonymous_16)
FN:225,(anonymous_17)
FN:226,(anonymous_18)
FN:227,(anonymous_19)
FN:230,(anonymous_20)
FN:244,(anonymous_21)
FN:263,(anonymous_22)
FN:302,(anonymous_23)
FN:306,(anonymous_24)
FN:326,(anonymous_25)
FN:327,(anonymous_26)
FN:328,(anonymous_27)
FNF:28
FNH:0
FNDA:0,(anonymous_0)
FNDA:0,(anonymous_1)
FNDA:0,(anonymous_2)
FNDA:0,(anonymous_3)
FNDA:0,(anonymous_4)
FNDA:0,(anonymous_5)
FNDA:0,(anonymous_6)
FNDA:0,(anonymous_7)
FNDA:0,(anonymous_8)
FNDA:0,(anonymous_9)
FNDA:0,(anonymous_10)
FNDA:0,(anonymous_11)
FNDA:0,(anonymous_12)
FNDA:0,(anonymous_13)
FNDA:0,(anonymous_14)
FNDA:0,(anonymous_15)
FNDA:0,(anonymous_16)
FNDA:0,(anonymous_17)
FNDA:0,(anonymous_18)
FNDA:0,(anonymous_19)
FNDA:0,(anonymous_20)
FNDA:0,(anonymous_21)
FNDA:0,(anonymous_22)
FNDA:0,(anonymous_23)
FNDA:0,(anonymous_24)
FNDA:0,(anonymous_25)
FNDA:0,(anonymous_26)
FNDA:0,(anonymous_27)
DA:3,0
DA:4,0
DA:5,0
DA:6,0
DA:8,0
DA:9,0
DA:11,0
DA:12,0
DA:16,0
DA:17,0
DA:23,0
DA:24,0
DA:47,0
DA:48,0
DA:50,0
DA:51,0
DA:52,0
DA:55,0
DA:56,0
DA:58,0
DA:59,0
DA:65,0
DA:68,0
DA:69,0
DA:70,0
DA:71,0
DA:72,0
DA:74,0
DA:75,0
DA:77,0
DA:80,0
DA:81,0
DA:82,0
DA:84,0
DA:85,0
DA:86,0
DA:87,0
DA:89,0
DA:92,0
DA:93,0
DA:94,0
DA:96,0
DA:99,0
DA:100,0
DA:101,0
DA:103,0
DA:104,0
DA:112,0
DA:121,0
DA:125,0
DA:126,0
DA:128,0
DA:129,0
DA:130,0
DA:131,0
DA:132,0
DA:133,0
DA:135,0
DA:136,0
DA:137,0
DA:139,0
DA:147,0
DA:148,0
DA:149,0
DA:151,0
DA:152,0
DA:154,0
DA:155,0
DA:156,0
DA:157,0
DA:158,0
DA:159,0
DA:160,0
DA:161,0
DA:164,0
DA:166,0
DA:167,0
DA:168,0
DA:169,0
DA:171,0
DA:172,0
DA:173,0
DA:174,0
DA:175,0
DA:176,0
DA:177,0
DA:178,0
DA:179,0
DA:180,0
DA:183,0
DA:186,0
DA:187,0
DA:188,0
DA:189,0
DA:190,0
DA:192,0
DA:194,0
DA:196,0
DA:197,0
DA:198,0
DA:200,0
DA:218,0
DA:219,0
DA:220,0
DA:222,0
DA:223,0
DA:224,0
DA:225,0
DA:226,0
DA:227,0
DA:230,0
DA:231,0
DA:232,0
DA:233,0
DA:235,0
DA:244,0
DA:245,0
DA:246,0
DA:247,0
DA:249,0
DA:250,0
DA:252,0
DA:253,0
DA:255,0
DA:256,0
DA:257,0
DA:259,0
DA:263,0
DA:264,0
DA:265,0
DA:266,0
DA:268,0
DA:269,0
DA:271,0
DA:272,0
DA:273,0
DA:275,0
DA:276,0
DA:287,0
DA:288,0
DA:291,0
DA:299,0
DA:302,0
DA:303,0
DA:306,0
DA:307,0
DA:308,0
DA:309,0
DA:312,0
DA:313,0
DA:314,0
DA:316,0
DA:317,0
DA:318,0
DA:321,0
DA:322,0
DA:326,0
DA:327,0
DA:328,0
LF:159
LH:0
BRDA:9,0,0,0
BRDA:9,0,1,0
BRDA:11,1,0,0
BRDA:11,1,1,0
BRDA:12,2,0,0
BRDA:12,2,1,0
BRDA:51,3,0,0
BRDA:51,3,1,0
BRDA:55,4,0,0
BRDA:55,4,1,0
BRDA:58,5,0,0
BRDA:58,5,1,0
BRDA:69,6,0,0
BRDA:69,6,1,0
BRDA:74,7,0,0
BRDA:74,7,1,0
BRDA:74,8,0,0
BRDA:74,8,1,0
BRDA:81,9,0,0
BRDA:81,9,1,0
BRDA:81,10,0,0
BRDA:81,10,1,0
BRDA:93,11,0,0
BRDA:93,11,1,0
BRDA:93,12,0,0
BRDA:93,12,1,0
BRDA:100,13,0,0
BRDA:100,13,1,0
BRDA:125,14,0,0
BRDA:125,14,1,0
BRDA:148,15,0,0
BRDA:148,15,1,0
BRDA:151,16,0,0
BRDA:151,16,1,0
BRDA:151,17,0,0
BRDA:151,17,1,0
BRDA:154,18,0,0
BRDA:154,18,1,0
BRDA:168,19,0,0
BRDA:168,19,1,0
BRDA:169,20,0,0
BRDA:169,20,1,0
BRDA:173,21,0,0
BRDA:173,21,1,0
BRDA:173,22,0,0
BRDA:173,22,1,0
BRDA:175,23,0,0
BRDA:175,23,1,0
BRDA:183,24,0,0
BRDA:183,24,1,0
BRDA:188,25,0,0
BRDA:188,25,1,0
BRDA:189,26,0,0
BRDA:189,26,1,0
BRDA:197,27,0,0
BRDA:197,27,1,0
BRDA:219,28,0,0
BRDA:219,28,1,0
BRDA:225,29,0,0
BRDA:225,29,1,0
BRDA:230,30,0,0
BRDA:232,31,0,0
BRDA:232,31,1,0
BRDA:246,32,0,0
BRDA:246,32,1,0
BRDA:249,33,0,0
BRDA:249,33,1,0
BRDA:252,34,0,0
BRDA:252,34,1,0
BRDA:265,35,0,0
BRDA:265,35,1,0
BRDA:271,36,0,0
BRDA:271,36,1,0
BRDA:272,37,0,0
BRDA:272,37,1,0
BRDA:308,38,0,0
BRDA:308,38,1,0
BRDA:312,39,0,0
BRDA:312,39,1,0
BRDA:313,40,0,0
BRDA:313,40,1,0
BRDA:316,41,0,0
BRDA:316,41,1,0
BRDA:321,42,0,0
BRDA:321,42,1,0
BRF:85
BRH:0
end_of_record
TN:
SF:src/types/chat.ts
FNF:0
FNH:0
LF:0
LH:0
BRF:0
BRH:0
end_of_record
TN:
SF:src/types/global.d.ts
FNF:0
FNH:0
LF:0
LH:0
BRF:0
BRH:0
end_of_record
TN:
SF:src/types/image.ts
FNF:0
FNH:0
LF:0
LH:0
BRF:0
BRH:0
end_of_record
TN:
SF:src/types/settings.ts
FNF:0
FNH:0
LF:0
LH:0
BRF:0
BRH:0
end_of_record
TN:
SF:src/utils/api.ts
FN:17,(anonymous_0)
FN:21,(anonymous_1)
FN:50,(anonymous_2)
FN:65,(anonymous_3)
FN:72,(anonymous_4)
FN:128,(anonymous_5)
FN:278,(anonymous_6)
FN:333,(anonymous_7)
FN:350,(anonymous_8)
FN:398,(anonymous_9)
FN:415,(anonymous_10)
FN:433,(anonymous_11)
FN:447,(anonymous_12)
FN:471,(anonymous_13)
FN:525,(anonymous_14)
FN:527,(anonymous_15)
FN:587,(anonymous_16)
FN:657,(anonymous_17)
FN:696,(anonymous_18)
FN:762,(anonymous_19)
FN:781,(anonymous_20)
FNF:21
FNH:0
FNDA:0,(anonymous_0)
FNDA:0,(anonymous_1)
FNDA:0,(anonymous_2)
FNDA:0,(anonymous_3)
FNDA:0,(anonymous_4)
FNDA:0,(anonymous_5)
FNDA:0,(anonymous_6)
FNDA:0,(anonymous_7)
FNDA:0,(anonymous_8)
FNDA:0,(anonymous_9)
FNDA:0,(anonymous_10)
FNDA:0,(anonymous_11)
FNDA:0,(anonymous_12)
FNDA:0,(anonymous_13)
FNDA:0,(anonymous_14)
FNDA:0,(anonymous_15)
FNDA:0,(anonymous_16)
FNDA:0,(anonymous_17)
FNDA:0,(anonymous_18)
FNDA:0,(anonymous_19)
FNDA:0,(anonymous_20)
DA:17,0
DA:18,0
DA:19,0
DA:21,0
DA:22,0
DA:23,0
DA:26,0
DA:27,0
DA:28,0
DA:29,0
DA:30,0
DA:31,0
DA:33,0
DA:34,0
DA:37,0
DA:40,0
DA:43,0
DA:47,0
DA:50,0
DA:51,0
DA:52,0
DA:54,0
DA:55,0
DA:57,0
DA:58,0
DA:66,0
DA:67,0
DA:68,0
DA:72,0
DA:73,0
DA:76,0
DA:77,0
DA:78,0
DA:79,0
DA:80,0
DA:81,0
DA:82,0
DA:83,0
DA:84,0
DA:85,0
DA:87,0
DA:88,0
DA:91,0
DA:92,0
DA:93,0
DA:94,0
DA:101,0
DA:128,0
DA:129,0
DA:130,0
DA:133,0
DA:135,0
DA:143,0
DA:144,0
DA:145,0
DA:146,0
DA:147,0
DA:155,0
DA:159,0
DA:160,0
DA:162,0
DA:163,0
DA:164,0
DA:166,0
DA:197,0
DA:214,0
DA:215,0
DA:216,0
DA:217,0
DA:218,0
DA:219,0
DA:220,0
DA:222,0
DA:224,0
DA:225,0
DA:227,0
DA:228,0
DA:229,0
DA:230,0
DA:231,0
DA:232,0
DA:233,0
DA:234,0
DA:235,0
DA:236,0
DA:238,0
DA:239,0
DA:240,0
DA:241,0
DA:243,0
DA:245,0
DA:251,0
DA:266,0
DA:267,0
DA:268,0
DA:271,0
DA:278,0
DA:279,0
DA:281,0
DA:283,0
DA:284,0
DA:287,0
DA:288,0
DA:289,0
DA:290,0
DA:292,0
DA:299,0
DA:300,0
DA:301,0
DA:304,0
DA:308,0
DA:318,0
DA:319,0
DA:321,0
DA:322,0
DA:323,0
DA:324,0
DA:327,0
DA:328,0
DA:329,0
DA:330,0
DA:332,0
DA:333,0
DA:342,0
DA:350,0
DA:363,0
DA:364,0
DA:369,0
DA:370,0
DA:371,0
DA:372,0
DA:373,0
DA:374,0
DA:375,0
DA:376,0
DA:378,0
DA:391,0
DA:392,0
DA:395,0
DA:398,0
DA:399,0
DA:408,0
DA:409,0
DA:412,0
DA:415,0
DA:416,0
DA:428,0
DA:429,0
DA:433,0
DA:434,0
DA:441,0
DA:442,0
DA:444,0
DA:447,0
DA:448,0
DA:449,0
DA:450,0
DA:451,0
DA:454,0
DA:464,0
DA:465,0
DA:468,0
DA:471,0
DA:477,0
DA:478,0
DA:479,0
DA:480,0
DA:481,0
DA:484,0
DA:493,0
DA:494,0
DA:497,0
DA:525,0
DA:526,0
DA:527,0
DA:528,0
DA:530,0
DA:531,0
DA:533,0
DA:534,0
DA:536,0
DA:537,0
DA:539,0
DA:540,0
DA:542,0
DA:543,0
DA:545,0
DA:546,0
DA:549,0
DA:558,0
DA:559,0
DA:560,0
DA:563,0
DA:587,0
DA:596,0
DA:597,0
DA:598,0
DA:599,0
DA:600,0
DA:602,0
DA:603,0
DA:605,0
DA:606,0
DA:609,0
DA:610,0
DA:611,0
DA:612,0
DA:614,0
DA:615,0
DA:617,0
DA:618,0
DA:621,0
DA:622,0
DA:623,0
DA:625,0
DA:626,0
DA:630,0
DA:639,0
DA:640,0
DA:641,0
DA:644,0
DA:657,0
DA:658,0
DA:659,0
DA:660,0
DA:663,0
DA:664,0
DA:665,0
DA:668,0
DA:675,0
DA:684,0
DA:685,0
DA:688,0
DA:689,0
DA:690,0
DA:693,0
DA:696,0
DA:697,0
DA:698,0
DA:699,0
DA:703,0
DA:704,0
DA:705,0
DA:706,0
DA:707,0
DA:708,0
DA:709,0
DA:710,0
DA:711,0
DA:713,0
DA:714,0
DA:718,0
DA:719,0
DA:720,0
DA:724,0
DA:725,0
DA:726,0
DA:727,0
DA:728,0
DA:729,0
DA:730,0
DA:731,0
DA:732,0
DA:734,0
DA:735,0
DA:739,0
DA:741,0
DA:743,0
DA:744,0
DA:762,0
DA:763,0
DA:774,0
DA:775,0
DA:778,0
DA:781,0
DA:782,0
DA:793,0
DA:794,0
DA:797,0
LF:279
LH:0
BRDA:19,0,0,0
BRDA:19,0,1,0
BRDA:22,1,0,0
BRDA:22,1,1,0
BRDA:22,2,0,0
BRDA:22,2,1,0
BRDA:23,3,0,0
BRDA:23,3,1,0
BRDA:33,4,0,0
BRDA:33,4,1,0
BRDA:33,5,0,0
BRDA:33,5,1,0
BRDA:43,6,0,0
BRDA:43,6,1,0
BRDA:45,7,0,0
BRDA:45,7,1,0
BRDA:45,7,2,0
BRDA:51,8,0,0
BRDA:51,8,1,0
BRDA:54,9,0,0
BRDA:54,9,1,0
BRDA:57,10,0,0
BRDA:57,10,1,0
BRDA:78,11,0,0
BRDA:78,11,1,0
BRDA:80,12,0,0
BRDA:80,12,1,0
BRDA:81,13,0,0
BRDA:81,13,1,0
BRDA:83,14,0,0
BRDA:83,14,1,0
BRDA:84,15,0,0
BRDA:84,15,1,0
BRDA:87,16,0,0
BRDA:87,16,1,0
BRDA:91,17,0,0
BRDA:91,17,1,0
BRDA:93,18,0,0
BRDA:93,18,1,0
BRDA:129,19,0,0
BRDA:129,19,1,0
BRDA:138,20,0,0
BRDA:138,20,1,0
BRDA:138,21,0,0
BRDA:138,21,1,0
BRDA:143,22,0,0
BRDA:143,22,1,0
BRDA:145,23,0,0
BRDA:145,23,1,0
BRDA:146,24,0,0
BRDA:146,24,1,0
BRDA:146,25,0,0
BRDA:146,25,1,0
BRDA:159,26,0,0
BRDA:159,26,1,0
BRDA:162,27,0,0
BRDA:162,27,1,0
BRDA:163,28,0,0
BRDA:163,28,1,0
BRDA:166,29,0,0
BRDA:166,29,1,0
BRDA:209,30,0,0
BRDA:209,30,1,0
BRDA:214,31,0,0
BRDA:214,31,1,0
BRDA:219,32,0,0
BRDA:219,32,1,0
BRDA:219,32,2,0
BRDA:229,33,0,0
BRDA:229,33,1,0
BRDA:232,34,0,0
BRDA:232,34,1,0
BRDA:232,35,0,0
BRDA:232,35,1,0
BRDA:238,36,0,0
BRDA:238,36,1,0
BRDA:240,37,0,0
BRDA:240,37,1,0
BRDA:266,38,0,0
BRDA:266,38,1,0
BRDA:268,39,0,0
BRDA:268,39,1,0
BRDA:279,40,0,0
BRDA:279,40,1,0
BRDA:283,41,0,0
BRDA:283,41,1,0
BRDA:287,42,0,0
BRDA:287,42,1,0
BRDA:289,43,0,0
BRDA:289,43,1,0
BRDA:293,44,0,0
BRDA:293,44,1,0
BRDA:300,45,0,0
BRDA:300,45,1,0
BRDA:304,46,0,0
BRDA:304,46,1,0
BRDA:321,47,0,0
BRDA:321,47,1,0
BRDA:332,48,0,0
BRDA:332,48,1,0
BRDA:336,49,0,0
BRDA:336,49,1,0
BRDA:337,50,0,0
BRDA:337,50,1,0
BRDA:338,51,0,0
BRDA:338,51,1,0
BRDA:369,52,0,0
BRDA:369,52,1,0
BRDA:370,53,0,0
BRDA:370,53,1,0
BRDA:371,54,0,0
BRDA:371,54,1,0
BRDA:372,55,0,0
BRDA:372,55,1,0
BRDA:373,56,0,0
BRDA:373,56,1,0
BRDA:374,57,0,0
BRDA:374,57,1,0
BRDA:375,58,0,0
BRDA:375,58,1,0
BRDA:375,59,0,0
BRDA:375,59,1,0
BRDA:391,60,0,0
BRDA:391,60,1,0
BRDA:408,61,0,0
BRDA:408,61,1,0
BRDA:428,62,0,0
BRDA:428,62,1,0
BRDA:441,63,0,0
BRDA:441,63,1,0
BRDA:450,64,0,0
BRDA:450,64,1,0
BRDA:464,65,0,0
BRDA:464,65,1,0
BRDA:480,66,0,0
BRDA:480,66,1,0
BRDA:493,67,0,0
BRDA:493,67,1,0
BRDA:533,68,0,0
BRDA:533,68,1,0
BRDA:536,69,0,0
BRDA:536,69,1,0
BRDA:537,70,0,0
BRDA:537,70,1,0
BRDA:539,71,0,0
BRDA:539,71,1,0
BRDA:539,72,0,0
BRDA:539,72,1,0
BRDA:542,73,0,0
BRDA:542,73,1,0
BRDA:545,74,0,0
BRDA:545,74,1,0
BRDA:558,75,0,0
BRDA:558,75,1,0
BRDA:602,76,0,0
BRDA:602,76,1,0
BRDA:605,77,0,0
BRDA:605,77,1,0
BRDA:605,78,0,0
BRDA:605,78,1,0
BRDA:609,79,0,0
BRDA:609,79,1,0
BRDA:611,80,0,0
BRDA:611,80,1,0
BRDA:614,81,0,0
BRDA:614,81,1,0
BRDA:617,82,0,0
BRDA:617,82,1,0
BRDA:622,83,0,0
BRDA:622,83,1,0
BRDA:625,84,0,0
BRDA:625,84,1,0
BRDA:639,85,0,0
BRDA:639,85,1,0
BRDA:659,86,0,0
BRDA:659,86,1,0
BRDA:664,87,0,0
BRDA:664,87,1,0
BRDA:684,88,0,0
BRDA:684,88,1,0
BRDA:689,89,0,0
BRDA:689,89,1,0
BRDA:698,90,0,0
BRDA:698,90,1,0
BRDA:703,91,0,0
BRDA:703,91,1,0
BRDA:704,92,0,0
BRDA:704,92,1,0
BRDA:707,93,0,0
BRDA:707,93,1,0
BRDA:707,94,0,0
BRDA:707,94,1,0
BRDA:710,95,0,0
BRDA:710,95,1,0
BRDA:713,96,0,0
BRDA:713,96,1,0
BRDA:719,97,0,0
BRDA:719,97,1,0
BRDA:724,98,0,0
BRDA:724,98,1,0
BRDA:725,99,0,0
BRDA:725,99,1,0
BRDA:728,100,0,0
BRDA:728,100,1,0
BRDA:728,101,0,0
BRDA:728,101,1,0
BRDA:731,102,0,0
BRDA:731,102,1,0
BRDA:734,103,0,0
BRDA:734,103,1,0
BRDA:774,104,0,0
BRDA:774,104,1,0
BRDA:793,105,0,0
BRDA:793,105,1,0
BRF:214
BRH:0
end_of_record
TN:
SF:src/utils/csrf.ts
FN:4,(anonymous_0)
FN:11,(anonymous_1)
FN:23,(anonymous_2)
FN:37,(anonymous_3)
FN:72,(anonymous_4)
FNF:5
FNH:0
FNDA:0,(anonymous_0)
FNDA:0,(anonymous_1)
FNDA:0,(anonymous_2)
FNDA:0,(anonymous_3)
FNDA:0,(anonymous_4)
DA:1,0
DA:2,0
DA:4,0
DA:5,0
DA:6,0
DA:8,0
DA:11,0
DA:12,0
DA:13,0
DA:15,0
DA:16,0
DA:17,0
DA:18,0
DA:20,0
DA:23,0
DA:24,0
DA:25,0
DA:27,0
DA:28,0
DA:29,0
DA:30,0
DA:31,0
DA:34,0
DA:37,0
DA:38,0
DA:39,0
DA:41,0
DA:42,0
DA:43,0
DA:46,0
DA:47,0
DA:48,0
DA:50,0
DA:53,0
DA:54,0
DA:57,0
DA:58,0
DA:61,0
DA:62,0
DA:67,0
DA:68,0
DA:69,0
DA:72,0
DA:73,0
DA:74,0
LF:45
LH:0
BRDA:5,0,0,0
BRDA:5,0,1,0
BRDA:5,1,0,0
BRDA:5,1,1,0
BRDA:12,2,0,0
BRDA:12,2,1,0
BRDA:15,3,0,0
BRDA:15,3,1,0
BRDA:17,4,0,0
BRDA:17,4,1,0
BRDA:24,5,0,0
BRDA:24,5,1,0
BRDA:30,6,0,0
BRDA:30,6,1,0
BRDA:38,7,0,0
BRDA:38,7,1,0
BRDA:41,8,0,0
BRDA:41,8,1,0
BRDA:53,9,0,0
BRDA:53,9,1,0
BRDA:57,10,0,0
BRDA:57,10,1,0
BRF:22
BRH:0
end_of_record
TN:
SF:src/utils/session.ts
FN:5,(anonymous_0)
FN:24,(anonymous_1)
FN:36,(anonymous_2)
FNF:3
FNH:3
FNDA:3,(anonymous_0)
FNDA:1,(anonymous_1)
FNDA:3,(anonymous_2)
DA:1,3
DA:2,3
DA:3,3
DA:5,3
DA:6,3
DA:7,2
DA:8,1
DA:11,1
DA:12,1
DA:13,1
DA:14,1
DA:15,1
DA:19,1
DA:20,1
DA:21,1
DA:24,3
DA:25,1
DA:26,1
DA:28,0
DA:29,1
DA:30,1
DA:31,0
DA:33,0
DA:36,3
DA:37,3
DA:38,2
DA:39,2
DA:41,2
DA:44,1
DA:45,1
DA:46,1
DA:47,0
DA:48,0
DA:50,1
DA:51,1
DA:52,1
DA:53,1
DA:55,0
DA:56,0
DA:58,0
DA:59,0
LF:41
LH:32
BRDA:6,0,0,2
BRDA:6,0,1,1
BRDA:7,1,0,1
BRDA:7,1,1,1
BRDA:11,2,0,1
BRDA:11,2,1,0
BRDA:25,3,0,1
BRDA:25,3,1,0
BRDA:28,4,0,0
BRDA:28,4,1,0
BRDA:30,5,0,0
BRDA:30,5,1,1
BRDA:37,6,0,2
BRDA:37,6,1,1
BRDA:38,7,0,2
BRDA:38,7,1,0
BRDA:46,8,0,0
BRDA:46,8,1,1
BRDA:55,9,0,0
BRDA:55,9,1,0
BRF:20
BRH:11
end_of_record
